
Magic 8.3 revision 209 - Compiled on Thu Oct 21 08:30:54 UTC 2021.
Starting magic under Tcl interpreter
Using the terminal as the console.
Using NULL graphics device.
Processing system .magicrc file
Sourcing design .magicrc for technology sky130A ...
2 Magic internal units = 1 Lambda
Input style sky130(vendor): scaleFactor=2, multiplier=2
Scaled tech values by 2 / 1 to match internal grid scaling
Loading sky130A Device Generator Menu ...
Loading "/openlane/scripts/magic/lef.tcl" from command line.
Reading LEF data from file /home/MSUCAP/tanvir.arafin/pdk/sky130A/libs.ref/sky130_fd_sc_hd/techlef/sky130_fd_sc_hd.tlef.
This action cannot be undone.
LEF read, Line 77 (Message): Unknown keyword "ANTENNAMODEL" in LEF file; ignoring.
LEF read, Line 78 (Message): Unknown keyword "ANTENNADIFFSIDEAREARATIO" in LEF file; ignoring.
LEF read, Line 110 (Message): Unknown keyword "MINENCLOSEDAREA" in LEF file; ignoring.
LEF read, Line 112 (Message): Unknown keyword "ANTENNAMODEL" in LEF file; ignoring.
LEF read, Line 113 (Message): Unknown keyword "ANTENNADIFFSIDEAREARATIO" in LEF file; ignoring.
LEF read, Line 119 (Message): Unknown keyword "MAXIMUMDENSITY" in LEF file; ignoring.
LEF read, Line 120 (Message): Unknown keyword "DENSITYCHECKWINDOW" in LEF file; ignoring.
LEF read, Line 121 (Message): Unknown keyword "DENSITYCHECKSTEP" in LEF file; ignoring.
LEF read, Line 153 (Message): Unknown keyword "MINENCLOSEDAREA" in LEF file; ignoring.
LEF read, Line 161 (Message): Unknown keyword "ANTENNAMODEL" in LEF file; ignoring.
LEF read, Line 162 (Message): Unknown keyword "ANTENNADIFFSIDEAREARATIO" in LEF file; ignoring.
LEF read, Line 164 (Message): Unknown keyword "MAXIMUMDENSITY" in LEF file; ignoring.
LEF read, Line 165 (Message): Unknown keyword "DENSITYCHECKWINDOW" in LEF file; ignoring.
LEF read, Line 166 (Message): Unknown keyword "DENSITYCHECKSTEP" in LEF file; ignoring.
LEF read, Line 202 (Message): Unknown keyword "ANTENNAMODEL" in LEF file; ignoring.
LEF read, Line 203 (Message): Unknown keyword "ANTENNADIFFSIDEAREARATIO" in LEF file; ignoring.
LEF read, Line 205 (Message): Unknown keyword "MAXIMUMDENSITY" in LEF file; ignoring.
LEF read, Line 206 (Message): Unknown keyword "DENSITYCHECKWINDOW" in LEF file; ignoring.
LEF read, Line 207 (Message): Unknown keyword "DENSITYCHECKSTEP" in LEF file; ignoring.
LEF read, Line 243 (Message): Unknown keyword "ANTENNAMODEL" in LEF file; ignoring.
LEF read, Line 244 (Message): Unknown keyword "ANTENNADIFFSIDEAREARATIO" in LEF file; ignoring.
LEF read, Line 246 (Message): Unknown keyword "MAXIMUMDENSITY" in LEF file; ignoring.
LEF read, Line 247 (Message): Unknown keyword "DENSITYCHECKWINDOW" in LEF file; ignoring.
LEF read, Line 248 (Message): Unknown keyword "DENSITYCHECKSTEP" in LEF file; ignoring.
LEF read, Line 284 (Message): Unknown keyword "ANTENNAMODEL" in LEF file; ignoring.
LEF read, Line 285 (Message): Unknown keyword "ANTENNADIFFSIDEAREARATIO" in LEF file; ignoring.
LEF read: Processed 791 lines.
RISC_SPM: 10000 rects
RISC_SPM: 20000 rects
RISC_SPM: 30000 rects
RISC_SPM: 40000 rects
RISC_SPM: 50000 rects
RISC_SPM: 60000 rects
RISC_SPM: 70000 rects
RISC_SPM: 80000 rects
RISC_SPM: 90000 rects
RISC_SPM: 100000 rects
RISC_SPM: 110000 rects
RISC_SPM: 120000 rects
RISC_SPM: 130000 rects
RISC_SPM: 140000 rects
RISC_SPM: 150000 rects
RISC_SPM: 160000 rects
RISC_SPM: 170000 rects
RISC_SPM: 180000 rects
RISC_SPM: 190000 rects
RISC_SPM: 200000 rects
RISC_SPM: 210000 rects
RISC_SPM: 220000 rects
RISC_SPM: 230000 rects
RISC_SPM: 240000 rects
RISC_SPM: 250000 rects
RISC_SPM: 260000 rects
RISC_SPM: 270000 rects
RISC_SPM: 280000 rects
RISC_SPM: 290000 rects
RISC_SPM: 300000 rects
RISC_SPM: 310000 rects
RISC_SPM: 320000 rects
RISC_SPM: 330000 rects
RISC_SPM: 340000 rects
RISC_SPM: 350000 rects
RISC_SPM: 360000 rects
RISC_SPM: 370000 rects
RISC_SPM: 380000 rects
RISC_SPM: 390000 rects
RISC_SPM: 400000 rects
RISC_SPM: 410000 rects
RISC_SPM: 420000 rects
RISC_SPM: 430000 rects
RISC_SPM: 440000 rects
RISC_SPM: 450000 rects
RISC_SPM: 460000 rects
RISC_SPM: 470000 rects
[INFO]: Writing abstract LEF
Generating LEF output /openlane/designs/RISC_SPM/runs/RUN_2021.12.08_16.43.47/results/magic/RISC_SPM.lef for cell RISC_SPM:
Diagnostic:  Write LEF header for cell RISC_SPM
Diagnostic:  Writing LEF output for cell RISC_SPM
Warning:  Parent cell lists instance of "sky130_fd_sc_hd__decap_3" at bad file path /openlane/designs/RISC_SPM/runs/RUN_2021.12.08_16.43.47/results/magic/sky130_fd_sc_hd__decap_3.mag.
The cell exists in the search paths at /home/MSUCAP/tanvir.arafin/pdk/sky130A/libs.ref/sky130_fd_sc_hd/maglef/sky130_fd_sc_hd__decap_3.mag.
The discovered version will be used.
Warning:  Parent cell lists instance of "sky130_fd_sc_hd__buf_2" at bad file path /openlane/designs/RISC_SPM/runs/RUN_2021.12.08_16.43.47/results/magic/sky130_fd_sc_hd__buf_2.mag.
The cell exists in the search paths at /home/MSUCAP/tanvir.arafin/pdk/sky130A/libs.ref/sky130_fd_sc_hd/maglef/sky130_fd_sc_hd__buf_2.mag.
The discovered version will be used.
Warning:  Parent cell lists instance of "sky130_fd_sc_hd__tapvpwrvgnd_1" at bad file path /openlane/designs/RISC_SPM/runs/RUN_2021.12.08_16.43.47/results/magic/sky130_fd_sc_hd__tapvpwrvgnd_1.mag.
The cell exists in the search paths at /home/MSUCAP/tanvir.arafin/pdk/sky130A/libs.ref/sky130_fd_sc_hd/maglef/sky130_fd_sc_hd__tapvpwrvgnd_1.mag.
The discovered version will be used.
Warning:  Parent cell lists instance of "sky130_fd_sc_hd__decap_6" at bad file path /openlane/designs/RISC_SPM/runs/RUN_2021.12.08_16.43.47/results/magic/sky130_fd_sc_hd__decap_6.mag.
The cell exists in the search paths at /home/MSUCAP/tanvir.arafin/pdk/sky130A/libs.ref/sky130_fd_sc_hd/maglef/sky130_fd_sc_hd__decap_6.mag.
The discovered version will be used.
Warning:  Parent cell lists instance of "sky130_fd_sc_hd__decap_4" at bad file path /openlane/designs/RISC_SPM/runs/RUN_2021.12.08_16.43.47/results/magic/sky130_fd_sc_hd__decap_4.mag.
The cell exists in the search paths at /home/MSUCAP/tanvir.arafin/pdk/sky130A/libs.ref/sky130_fd_sc_hd/maglef/sky130_fd_sc_hd__decap_4.mag.
The discovered version will be used.
Warning:  Parent cell lists instance of "sky130_fd_sc_hd__fill_1" at bad file path /openlane/designs/RISC_SPM/runs/RUN_2021.12.08_16.43.47/results/magic/sky130_fd_sc_hd__fill_1.mag.
The cell exists in the search paths at /home/MSUCAP/tanvir.arafin/pdk/sky130A/libs.ref/sky130_fd_sc_hd/maglef/sky130_fd_sc_hd__fill_1.mag.
The discovered version will be used.
Warning:  Parent cell lists instance of "sky130_fd_sc_hd__decap_12" at bad file path /openlane/designs/RISC_SPM/runs/RUN_2021.12.08_16.43.47/results/magic/sky130_fd_sc_hd__decap_12.mag.
The cell exists in the search paths at /home/MSUCAP/tanvir.arafin/pdk/sky130A/libs.ref/sky130_fd_sc_hd/maglef/sky130_fd_sc_hd__decap_12.mag.
The discovered version will be used.
Warning:  Parent cell lists instance of "sky130_fd_sc_hd__fill_2" at bad file path /openlane/designs/RISC_SPM/runs/RUN_2021.12.08_16.43.47/results/magic/sky130_fd_sc_hd__fill_2.mag.
The cell exists in the search paths at /home/MSUCAP/tanvir.arafin/pdk/sky130A/libs.ref/sky130_fd_sc_hd/maglef/sky130_fd_sc_hd__fill_2.mag.
The discovered version will be used.
Warning:  Parent cell lists instance of "sky130_fd_sc_hd__decap_8" at bad file path /openlane/designs/RISC_SPM/runs/RUN_2021.12.08_16.43.47/results/magic/sky130_fd_sc_hd__decap_8.mag.
The cell exists in the search paths at /home/MSUCAP/tanvir.arafin/pdk/sky130A/libs.ref/sky130_fd_sc_hd/maglef/sky130_fd_sc_hd__decap_8.mag.
The discovered version will be used.
Warning:  Parent cell lists instance of "sky130_fd_sc_hd__a22o_1" at bad file path /openlane/designs/RISC_SPM/runs/RUN_2021.12.08_16.43.47/results/magic/sky130_fd_sc_hd__a22o_1.mag.
The cell exists in the search paths at /home/MSUCAP/tanvir.arafin/pdk/sky130A/libs.ref/sky130_fd_sc_hd/maglef/sky130_fd_sc_hd__a22o_1.mag.
The discovered version will be used.
Warning:  Parent cell lists instance of "sky130_fd_sc_hd__dfxtp_1" at bad file path /openlane/designs/RISC_SPM/runs/RUN_2021.12.08_16.43.47/results/magic/sky130_fd_sc_hd__dfxtp_1.mag.
The cell exists in the search paths at /home/MSUCAP/tanvir.arafin/pdk/sky130A/libs.ref/sky130_fd_sc_hd/maglef/sky130_fd_sc_hd__dfxtp_1.mag.
The discovered version will be used.
Warning:  Parent cell lists instance of "sky130_fd_sc_hd__diode_2" at bad file path /openlane/designs/RISC_SPM/runs/RUN_2021.12.08_16.43.47/results/magic/sky130_fd_sc_hd__diode_2.mag.
The cell exists in the search paths at /home/MSUCAP/tanvir.arafin/pdk/sky130A/libs.ref/sky130_fd_sc_hd/maglef/sky130_fd_sc_hd__diode_2.mag.
The discovered version will be used.
Warning:  Parent cell lists instance of "sky130_fd_sc_hd__mux4_2" at bad file path /openlane/designs/RISC_SPM/runs/RUN_2021.12.08_16.43.47/results/magic/sky130_fd_sc_hd__mux4_2.mag.
The cell exists in the search paths at /home/MSUCAP/tanvir.arafin/pdk/sky130A/libs.ref/sky130_fd_sc_hd/maglef/sky130_fd_sc_hd__mux4_2.mag.
The discovered version will be used.
Warning:  Parent cell lists instance of "sky130_fd_sc_hd__mux4_1" at bad file path /openlane/designs/RISC_SPM/runs/RUN_2021.12.08_16.43.47/results/magic/sky130_fd_sc_hd__mux4_1.mag.
The cell exists in the search paths at /home/MSUCAP/tanvir.arafin/pdk/sky130A/libs.ref/sky130_fd_sc_hd/maglef/sky130_fd_sc_hd__mux4_1.mag.
The discovered version will be used.
Warning:  Parent cell lists instance of "sky130_fd_sc_hd__clkbuf_16" at bad file path /openlane/designs/RISC_SPM/runs/RUN_2021.12.08_16.43.47/results/magic/sky130_fd_sc_hd__clkbuf_16.mag.
The cell exists in the search paths at /home/MSUCAP/tanvir.arafin/pdk/sky130A/libs.ref/sky130_fd_sc_hd/maglef/sky130_fd_sc_hd__clkbuf_16.mag.
The discovered version will be used.
Warning:  Parent cell lists instance of "sky130_fd_sc_hd__dlymetal6s2s_1" at bad file path /openlane/designs/RISC_SPM/runs/RUN_2021.12.08_16.43.47/results/magic/sky130_fd_sc_hd__dlymetal6s2s_1.mag.
The cell exists in the search paths at /home/MSUCAP/tanvir.arafin/pdk/sky130A/libs.ref/sky130_fd_sc_hd/maglef/sky130_fd_sc_hd__dlymetal6s2s_1.mag.
The discovered version will be used.
Warning:  Parent cell lists instance of "sky130_fd_sc_hd__clkbuf_2" at bad file path /openlane/designs/RISC_SPM/runs/RUN_2021.12.08_16.43.47/results/magic/sky130_fd_sc_hd__clkbuf_2.mag.
The cell exists in the search paths at /home/MSUCAP/tanvir.arafin/pdk/sky130A/libs.ref/sky130_fd_sc_hd/maglef/sky130_fd_sc_hd__clkbuf_2.mag.
The discovered version will be used.
Warning:  Parent cell lists instance of "sky130_fd_sc_hd__inv_2" at bad file path /openlane/designs/RISC_SPM/runs/RUN_2021.12.08_16.43.47/results/magic/sky130_fd_sc_hd__inv_2.mag.
The cell exists in the search paths at /home/MSUCAP/tanvir.arafin/pdk/sky130A/libs.ref/sky130_fd_sc_hd/maglef/sky130_fd_sc_hd__inv_2.mag.
The discovered version will be used.
Warning:  Parent cell lists instance of "sky130_fd_sc_hd__or2_2" at bad file path /openlane/designs/RISC_SPM/runs/RUN_2021.12.08_16.43.47/results/magic/sky130_fd_sc_hd__or2_2.mag.
The cell exists in the search paths at /home/MSUCAP/tanvir.arafin/pdk/sky130A/libs.ref/sky130_fd_sc_hd/maglef/sky130_fd_sc_hd__or2_2.mag.
The discovered version will be used.
Warning:  Parent cell lists instance of "sky130_fd_sc_hd__clkbuf_1" at bad file path /openlane/designs/RISC_SPM/runs/RUN_2021.12.08_16.43.47/results/magic/sky130_fd_sc_hd__clkbuf_1.mag.
The cell exists in the search paths at /home/MSUCAP/tanvir.arafin/pdk/sky130A/libs.ref/sky130_fd_sc_hd/maglef/sky130_fd_sc_hd__clkbuf_1.mag.
The discovered version will be used.
Warning:  Parent cell lists instance of "sky130_fd_sc_hd__clkbuf_4" at bad file path /openlane/designs/RISC_SPM/runs/RUN_2021.12.08_16.43.47/results/magic/sky130_fd_sc_hd__clkbuf_4.mag.
The cell exists in the search paths at /home/MSUCAP/tanvir.arafin/pdk/sky130A/libs.ref/sky130_fd_sc_hd/maglef/sky130_fd_sc_hd__clkbuf_4.mag.
The discovered version will be used.
Warning:  Parent cell lists instance of "sky130_fd_sc_hd__buf_6" at bad file path /openlane/designs/RISC_SPM/runs/RUN_2021.12.08_16.43.47/results/magic/sky130_fd_sc_hd__buf_6.mag.
The cell exists in the search paths at /home/MSUCAP/tanvir.arafin/pdk/sky130A/libs.ref/sky130_fd_sc_hd/maglef/sky130_fd_sc_hd__buf_6.mag.
The discovered version will be used.
Warning:  Parent cell lists instance of "sky130_fd_sc_hd__buf_4" at bad file path /openlane/designs/RISC_SPM/runs/RUN_2021.12.08_16.43.47/results/magic/sky130_fd_sc_hd__buf_4.mag.
The cell exists in the search paths at /home/MSUCAP/tanvir.arafin/pdk/sky130A/libs.ref/sky130_fd_sc_hd/maglef/sky130_fd_sc_hd__buf_4.mag.
The discovered version will be used.
Warning:  Parent cell lists instance of "sky130_fd_sc_hd__clkbuf_8" at bad file path /openlane/designs/RISC_SPM/runs/RUN_2021.12.08_16.43.47/results/magic/sky130_fd_sc_hd__clkbuf_8.mag.
The cell exists in the search paths at /home/MSUCAP/tanvir.arafin/pdk/sky130A/libs.ref/sky130_fd_sc_hd/maglef/sky130_fd_sc_hd__clkbuf_8.mag.
The discovered version will be used.
Warning:  Parent cell lists instance of "sky130_fd_sc_hd__or2_4" at bad file path /openlane/designs/RISC_SPM/runs/RUN_2021.12.08_16.43.47/results/magic/sky130_fd_sc_hd__or2_4.mag.
The cell exists in the search paths at /home/MSUCAP/tanvir.arafin/pdk/sky130A/libs.ref/sky130_fd_sc_hd/maglef/sky130_fd_sc_hd__or2_4.mag.
The discovered version will be used.
Warning:  Parent cell lists instance of "sky130_fd_sc_hd__buf_8" at bad file path /openlane/designs/RISC_SPM/runs/RUN_2021.12.08_16.43.47/results/magic/sky130_fd_sc_hd__buf_8.mag.
The cell exists in the search paths at /home/MSUCAP/tanvir.arafin/pdk/sky130A/libs.ref/sky130_fd_sc_hd/maglef/sky130_fd_sc_hd__buf_8.mag.
The discovered version will be used.
Warning:  Parent cell lists instance of "sky130_fd_sc_hd__or3_2" at bad file path /openlane/designs/RISC_SPM/runs/RUN_2021.12.08_16.43.47/results/magic/sky130_fd_sc_hd__or3_2.mag.
The cell exists in the search paths at /home/MSUCAP/tanvir.arafin/pdk/sky130A/libs.ref/sky130_fd_sc_hd/maglef/sky130_fd_sc_hd__or3_2.mag.
The discovered version will be used.
Warning:  Parent cell lists instance of "sky130_fd_sc_hd__buf_12" at bad file path /openlane/designs/RISC_SPM/runs/RUN_2021.12.08_16.43.47/results/magic/sky130_fd_sc_hd__buf_12.mag.
The cell exists in the search paths at /home/MSUCAP/tanvir.arafin/pdk/sky130A/libs.ref/sky130_fd_sc_hd/maglef/sky130_fd_sc_hd__buf_12.mag.
The discovered version will be used.
Warning:  Parent cell lists instance of "sky130_fd_sc_hd__or3_4" at bad file path /openlane/designs/RISC_SPM/runs/RUN_2021.12.08_16.43.47/results/magic/sky130_fd_sc_hd__or3_4.mag.
The cell exists in the search paths at /home/MSUCAP/tanvir.arafin/pdk/sky130A/libs.ref/sky130_fd_sc_hd/maglef/sky130_fd_sc_hd__or3_4.mag.
The discovered version will be used.
Warning:  Parent cell lists instance of "sky130_fd_sc_hd__or4_1" at bad file path /openlane/designs/RISC_SPM/runs/RUN_2021.12.08_16.43.47/results/magic/sky130_fd_sc_hd__or4_1.mag.
The cell exists in the search paths at /home/MSUCAP/tanvir.arafin/pdk/sky130A/libs.ref/sky130_fd_sc_hd/maglef/sky130_fd_sc_hd__or4_1.mag.
The discovered version will be used.
Warning:  Parent cell lists instance of "sky130_fd_sc_hd__or3_1" at bad file path /openlane/designs/RISC_SPM/runs/RUN_2021.12.08_16.43.47/results/magic/sky130_fd_sc_hd__or3_1.mag.
The cell exists in the search paths at /home/MSUCAP/tanvir.arafin/pdk/sky130A/libs.ref/sky130_fd_sc_hd/maglef/sky130_fd_sc_hd__or3_1.mag.
The discovered version will be used.
Warning:  Parent cell lists instance of "sky130_fd_sc_hd__or4_4" at bad file path /openlane/designs/RISC_SPM/runs/RUN_2021.12.08_16.43.47/results/magic/sky130_fd_sc_hd__or4_4.mag.
The cell exists in the search paths at /home/MSUCAP/tanvir.arafin/pdk/sky130A/libs.ref/sky130_fd_sc_hd/maglef/sky130_fd_sc_hd__or4_4.mag.
The discovered version will be used.
Warning:  Parent cell lists instance of "sky130_fd_sc_hd__or2_1" at bad file path /openlane/designs/RISC_SPM/runs/RUN_2021.12.08_16.43.47/results/magic/sky130_fd_sc_hd__or2_1.mag.
The cell exists in the search paths at /home/MSUCAP/tanvir.arafin/pdk/sky130A/libs.ref/sky130_fd_sc_hd/maglef/sky130_fd_sc_hd__or2_1.mag.
The discovered version will be used.
Warning:  Parent cell lists instance of "sky130_fd_sc_hd__or4_2" at bad file path /openlane/designs/RISC_SPM/runs/RUN_2021.12.08_16.43.47/results/magic/sky130_fd_sc_hd__or4_2.mag.
The cell exists in the search paths at /home/MSUCAP/tanvir.arafin/pdk/sky130A/libs.ref/sky130_fd_sc_hd/maglef/sky130_fd_sc_hd__or4_2.mag.
The discovered version will be used.
Warning:  Parent cell lists instance of "sky130_fd_sc_hd__clkinv_2" at bad file path /openlane/designs/RISC_SPM/runs/RUN_2021.12.08_16.43.47/results/magic/sky130_fd_sc_hd__clkinv_2.mag.
The cell exists in the search paths at /home/MSUCAP/tanvir.arafin/pdk/sky130A/libs.ref/sky130_fd_sc_hd/maglef/sky130_fd_sc_hd__clkinv_2.mag.
The discovered version will be used.
Warning:  Parent cell lists instance of "sky130_fd_sc_hd__dfrtp_4" at bad file path /openlane/designs/RISC_SPM/runs/RUN_2021.12.08_16.43.47/results/magic/sky130_fd_sc_hd__dfrtp_4.mag.
The cell exists in the search paths at /home/MSUCAP/tanvir.arafin/pdk/sky130A/libs.ref/sky130_fd_sc_hd/maglef/sky130_fd_sc_hd__dfrtp_4.mag.
The discovered version will be used.
Warning:  Parent cell lists instance of "sky130_fd_sc_hd__mux2_1" at bad file path /openlane/designs/RISC_SPM/runs/RUN_2021.12.08_16.43.47/results/magic/sky130_fd_sc_hd__mux2_1.mag.
The cell exists in the search paths at /home/MSUCAP/tanvir.arafin/pdk/sky130A/libs.ref/sky130_fd_sc_hd/maglef/sky130_fd_sc_hd__mux2_1.mag.
The discovered version will be used.
Warning:  Parent cell lists instance of "sky130_fd_sc_hd__nand2_1" at bad file path /openlane/designs/RISC_SPM/runs/RUN_2021.12.08_16.43.47/results/magic/sky130_fd_sc_hd__nand2_1.mag.
The cell exists in the search paths at /home/MSUCAP/tanvir.arafin/pdk/sky130A/libs.ref/sky130_fd_sc_hd/maglef/sky130_fd_sc_hd__nand2_1.mag.
The discovered version will be used.
Warning:  Parent cell lists instance of "sky130_fd_sc_hd__mux2_8" at bad file path /openlane/designs/RISC_SPM/runs/RUN_2021.12.08_16.43.47/results/magic/sky130_fd_sc_hd__mux2_8.mag.
The cell exists in the search paths at /home/MSUCAP/tanvir.arafin/pdk/sky130A/libs.ref/sky130_fd_sc_hd/maglef/sky130_fd_sc_hd__mux2_8.mag.
The discovered version will be used.
Warning:  Parent cell lists instance of "sky130_fd_sc_hd__mux2_4" at bad file path /openlane/designs/RISC_SPM/runs/RUN_2021.12.08_16.43.47/results/magic/sky130_fd_sc_hd__mux2_4.mag.
The cell exists in the search paths at /home/MSUCAP/tanvir.arafin/pdk/sky130A/libs.ref/sky130_fd_sc_hd/maglef/sky130_fd_sc_hd__mux2_4.mag.
The discovered version will be used.
Warning:  Parent cell lists instance of "sky130_fd_sc_hd__o21a_2" at bad file path /openlane/designs/RISC_SPM/runs/RUN_2021.12.08_16.43.47/results/magic/sky130_fd_sc_hd__o21a_2.mag.
The cell exists in the search paths at /home/MSUCAP/tanvir.arafin/pdk/sky130A/libs.ref/sky130_fd_sc_hd/maglef/sky130_fd_sc_hd__o21a_2.mag.
The discovered version will be used.
Warning:  Parent cell lists instance of "sky130_fd_sc_hd__dfrtp_1" at bad file path /openlane/designs/RISC_SPM/runs/RUN_2021.12.08_16.43.47/results/magic/sky130_fd_sc_hd__dfrtp_1.mag.
The cell exists in the search paths at /home/MSUCAP/tanvir.arafin/pdk/sky130A/libs.ref/sky130_fd_sc_hd/maglef/sky130_fd_sc_hd__dfrtp_1.mag.
The discovered version will be used.
Warning:  Parent cell lists instance of "sky130_fd_sc_hd__a31o_1" at bad file path /openlane/designs/RISC_SPM/runs/RUN_2021.12.08_16.43.47/results/magic/sky130_fd_sc_hd__a31o_1.mag.
The cell exists in the search paths at /home/MSUCAP/tanvir.arafin/pdk/sky130A/libs.ref/sky130_fd_sc_hd/maglef/sky130_fd_sc_hd__a31o_1.mag.
The discovered version will be used.
Warning:  Parent cell lists instance of "sky130_fd_sc_hd__o21ai_1" at bad file path /openlane/designs/RISC_SPM/runs/RUN_2021.12.08_16.43.47/results/magic/sky130_fd_sc_hd__o21ai_1.mag.
The cell exists in the search paths at /home/MSUCAP/tanvir.arafin/pdk/sky130A/libs.ref/sky130_fd_sc_hd/maglef/sky130_fd_sc_hd__o21ai_1.mag.
The discovered version will be used.
Warning:  Parent cell lists instance of "sky130_fd_sc_hd__o22a_1" at bad file path /openlane/designs/RISC_SPM/runs/RUN_2021.12.08_16.43.47/results/magic/sky130_fd_sc_hd__o22a_1.mag.
The cell exists in the search paths at /home/MSUCAP/tanvir.arafin/pdk/sky130A/libs.ref/sky130_fd_sc_hd/maglef/sky130_fd_sc_hd__o22a_1.mag.
The discovered version will be used.
Warning:  Parent cell lists instance of "sky130_fd_sc_hd__o32a_1" at bad file path /openlane/designs/RISC_SPM/runs/RUN_2021.12.08_16.43.47/results/magic/sky130_fd_sc_hd__o32a_1.mag.
The cell exists in the search paths at /home/MSUCAP/tanvir.arafin/pdk/sky130A/libs.ref/sky130_fd_sc_hd/maglef/sky130_fd_sc_hd__o32a_1.mag.
The discovered version will be used.
Warning:  Parent cell lists instance of "sky130_fd_sc_hd__mux2_2" at bad file path /openlane/designs/RISC_SPM/runs/RUN_2021.12.08_16.43.47/results/magic/sky130_fd_sc_hd__mux2_2.mag.
The cell exists in the search paths at /home/MSUCAP/tanvir.arafin/pdk/sky130A/libs.ref/sky130_fd_sc_hd/maglef/sky130_fd_sc_hd__mux2_2.mag.
The discovered version will be used.
Warning:  Parent cell lists instance of "sky130_fd_sc_hd__a32o_1" at bad file path /openlane/designs/RISC_SPM/runs/RUN_2021.12.08_16.43.47/results/magic/sky130_fd_sc_hd__a32o_1.mag.
The cell exists in the search paths at /home/MSUCAP/tanvir.arafin/pdk/sky130A/libs.ref/sky130_fd_sc_hd/maglef/sky130_fd_sc_hd__a32o_1.mag.
The discovered version will be used.
Warning:  Parent cell lists instance of "sky130_fd_sc_hd__o2bb2a_1" at bad file path /openlane/designs/RISC_SPM/runs/RUN_2021.12.08_16.43.47/results/magic/sky130_fd_sc_hd__o2bb2a_1.mag.
The cell exists in the search paths at /home/MSUCAP/tanvir.arafin/pdk/sky130A/libs.ref/sky130_fd_sc_hd/maglef/sky130_fd_sc_hd__o2bb2a_1.mag.
The discovered version will be used.
Warning:  Parent cell lists instance of "sky130_fd_sc_hd__o221ai_1" at bad file path /openlane/designs/RISC_SPM/runs/RUN_2021.12.08_16.43.47/results/magic/sky130_fd_sc_hd__o221ai_1.mag.
The cell exists in the search paths at /home/MSUCAP/tanvir.arafin/pdk/sky130A/libs.ref/sky130_fd_sc_hd/maglef/sky130_fd_sc_hd__o221ai_1.mag.
The discovered version will be used.
Warning:  Parent cell lists instance of "sky130_fd_sc_hd__a221o_1" at bad file path /openlane/designs/RISC_SPM/runs/RUN_2021.12.08_16.43.47/results/magic/sky130_fd_sc_hd__a221o_1.mag.
The cell exists in the search paths at /home/MSUCAP/tanvir.arafin/pdk/sky130A/libs.ref/sky130_fd_sc_hd/maglef/sky130_fd_sc_hd__a221o_1.mag.
The discovered version will be used.
Warning:  Parent cell lists instance of "sky130_fd_sc_hd__inv_4" at bad file path /openlane/designs/RISC_SPM/runs/RUN_2021.12.08_16.43.47/results/magic/sky130_fd_sc_hd__inv_4.mag.
The cell exists in the search paths at /home/MSUCAP/tanvir.arafin/pdk/sky130A/libs.ref/sky130_fd_sc_hd/maglef/sky130_fd_sc_hd__inv_4.mag.
The discovered version will be used.
Warning:  Parent cell lists instance of "sky130_fd_sc_hd__or3b_1" at bad file path /openlane/designs/RISC_SPM/runs/RUN_2021.12.08_16.43.47/results/magic/sky130_fd_sc_hd__or3b_1.mag.
The cell exists in the search paths at /home/MSUCAP/tanvir.arafin/pdk/sky130A/libs.ref/sky130_fd_sc_hd/maglef/sky130_fd_sc_hd__or3b_1.mag.
The discovered version will be used.
Warning:  Parent cell lists instance of "sky130_fd_sc_hd__o221ai_2" at bad file path /openlane/designs/RISC_SPM/runs/RUN_2021.12.08_16.43.47/results/magic/sky130_fd_sc_hd__o221ai_2.mag.
The cell exists in the search paths at /home/MSUCAP/tanvir.arafin/pdk/sky130A/libs.ref/sky130_fd_sc_hd/maglef/sky130_fd_sc_hd__o221ai_2.mag.
The discovered version will be used.
Warning:  Parent cell lists instance of "sky130_fd_sc_hd__a21o_1" at bad file path /openlane/designs/RISC_SPM/runs/RUN_2021.12.08_16.43.47/results/magic/sky130_fd_sc_hd__a21o_1.mag.
The cell exists in the search paths at /home/MSUCAP/tanvir.arafin/pdk/sky130A/libs.ref/sky130_fd_sc_hd/maglef/sky130_fd_sc_hd__a21o_1.mag.
The discovered version will be used.
Warning:  Parent cell lists instance of "sky130_fd_sc_hd__o21a_1" at bad file path /openlane/designs/RISC_SPM/runs/RUN_2021.12.08_16.43.47/results/magic/sky130_fd_sc_hd__o21a_1.mag.
The cell exists in the search paths at /home/MSUCAP/tanvir.arafin/pdk/sky130A/libs.ref/sky130_fd_sc_hd/maglef/sky130_fd_sc_hd__o21a_1.mag.
The discovered version will be used.
Warning:  Parent cell lists instance of "sky130_fd_sc_hd__a21bo_1" at bad file path /openlane/designs/RISC_SPM/runs/RUN_2021.12.08_16.43.47/results/magic/sky130_fd_sc_hd__a21bo_1.mag.
The cell exists in the search paths at /home/MSUCAP/tanvir.arafin/pdk/sky130A/libs.ref/sky130_fd_sc_hd/maglef/sky130_fd_sc_hd__a21bo_1.mag.
The discovered version will be used.
Warning:  Parent cell lists instance of "sky130_fd_sc_hd__clkinv_4" at bad file path /openlane/designs/RISC_SPM/runs/RUN_2021.12.08_16.43.47/results/magic/sky130_fd_sc_hd__clkinv_4.mag.
The cell exists in the search paths at /home/MSUCAP/tanvir.arafin/pdk/sky130A/libs.ref/sky130_fd_sc_hd/maglef/sky130_fd_sc_hd__clkinv_4.mag.
The discovered version will be used.
Warning:  Parent cell lists instance of "sky130_fd_sc_hd__a31o_4" at bad file path /openlane/designs/RISC_SPM/runs/RUN_2021.12.08_16.43.47/results/magic/sky130_fd_sc_hd__a31o_4.mag.
The cell exists in the search paths at /home/MSUCAP/tanvir.arafin/pdk/sky130A/libs.ref/sky130_fd_sc_hd/maglef/sky130_fd_sc_hd__a31o_4.mag.
The discovered version will be used.
Warning:  Parent cell lists instance of "sky130_fd_sc_hd__or2b_1" at bad file path /openlane/designs/RISC_SPM/runs/RUN_2021.12.08_16.43.47/results/magic/sky130_fd_sc_hd__or2b_1.mag.
The cell exists in the search paths at /home/MSUCAP/tanvir.arafin/pdk/sky130A/libs.ref/sky130_fd_sc_hd/maglef/sky130_fd_sc_hd__or2b_1.mag.
The discovered version will be used.
Warning:  Parent cell lists instance of "sky130_fd_sc_hd__o21ai_2" at bad file path /openlane/designs/RISC_SPM/runs/RUN_2021.12.08_16.43.47/results/magic/sky130_fd_sc_hd__o21ai_2.mag.
The cell exists in the search paths at /home/MSUCAP/tanvir.arafin/pdk/sky130A/libs.ref/sky130_fd_sc_hd/maglef/sky130_fd_sc_hd__o21ai_2.mag.
The discovered version will be used.
Warning:  Parent cell lists instance of "sky130_fd_sc_hd__and2_1" at bad file path /openlane/designs/RISC_SPM/runs/RUN_2021.12.08_16.43.47/results/magic/sky130_fd_sc_hd__and2_1.mag.
The cell exists in the search paths at /home/MSUCAP/tanvir.arafin/pdk/sky130A/libs.ref/sky130_fd_sc_hd/maglef/sky130_fd_sc_hd__and2_1.mag.
The discovered version will be used.
Warning:  Parent cell lists instance of "sky130_fd_sc_hd__o211ai_4" at bad file path /openlane/designs/RISC_SPM/runs/RUN_2021.12.08_16.43.47/results/magic/sky130_fd_sc_hd__o211ai_4.mag.
The cell exists in the search paths at /home/MSUCAP/tanvir.arafin/pdk/sky130A/libs.ref/sky130_fd_sc_hd/maglef/sky130_fd_sc_hd__o211ai_4.mag.
The discovered version will be used.
Warning:  Parent cell lists instance of "sky130_fd_sc_hd__and3_1" at bad file path /openlane/designs/RISC_SPM/runs/RUN_2021.12.08_16.43.47/results/magic/sky130_fd_sc_hd__and3_1.mag.
The cell exists in the search paths at /home/MSUCAP/tanvir.arafin/pdk/sky130A/libs.ref/sky130_fd_sc_hd/maglef/sky130_fd_sc_hd__and3_1.mag.
The discovered version will be used.
Warning:  Parent cell lists instance of "sky130_fd_sc_hd__and4_1" at bad file path /openlane/designs/RISC_SPM/runs/RUN_2021.12.08_16.43.47/results/magic/sky130_fd_sc_hd__and4_1.mag.
The cell exists in the search paths at /home/MSUCAP/tanvir.arafin/pdk/sky130A/libs.ref/sky130_fd_sc_hd/maglef/sky130_fd_sc_hd__and4_1.mag.
The discovered version will be used.
Warning:  Parent cell lists instance of "sky130_fd_sc_hd__o21ai_4" at bad file path /openlane/designs/RISC_SPM/runs/RUN_2021.12.08_16.43.47/results/magic/sky130_fd_sc_hd__o21ai_4.mag.
The cell exists in the search paths at /home/MSUCAP/tanvir.arafin/pdk/sky130A/libs.ref/sky130_fd_sc_hd/maglef/sky130_fd_sc_hd__o21ai_4.mag.
The discovered version will be used.
Warning:  Parent cell lists instance of "sky130_fd_sc_hd__a21oi_1" at bad file path /openlane/designs/RISC_SPM/runs/RUN_2021.12.08_16.43.47/results/magic/sky130_fd_sc_hd__a21oi_1.mag.
The cell exists in the search paths at /home/MSUCAP/tanvir.arafin/pdk/sky130A/libs.ref/sky130_fd_sc_hd/maglef/sky130_fd_sc_hd__a21oi_1.mag.
The discovered version will be used.
Warning:  Parent cell lists instance of "sky130_fd_sc_hd__nor3_1" at bad file path /openlane/designs/RISC_SPM/runs/RUN_2021.12.08_16.43.47/results/magic/sky130_fd_sc_hd__nor3_1.mag.
The cell exists in the search paths at /home/MSUCAP/tanvir.arafin/pdk/sky130A/libs.ref/sky130_fd_sc_hd/maglef/sky130_fd_sc_hd__nor3_1.mag.
The discovered version will be used.
Warning:  Parent cell lists instance of "sky130_fd_sc_hd__o221a_1" at bad file path /openlane/designs/RISC_SPM/runs/RUN_2021.12.08_16.43.47/results/magic/sky130_fd_sc_hd__o221a_1.mag.
The cell exists in the search paths at /home/MSUCAP/tanvir.arafin/pdk/sky130A/libs.ref/sky130_fd_sc_hd/maglef/sky130_fd_sc_hd__o221a_1.mag.
The discovered version will be used.
Warning:  Parent cell lists instance of "sky130_fd_sc_hd__a311o_4" at bad file path /openlane/designs/RISC_SPM/runs/RUN_2021.12.08_16.43.47/results/magic/sky130_fd_sc_hd__a311o_4.mag.
The cell exists in the search paths at /home/MSUCAP/tanvir.arafin/pdk/sky130A/libs.ref/sky130_fd_sc_hd/maglef/sky130_fd_sc_hd__a311o_4.mag.
The discovered version will be used.
Warning:  Parent cell lists instance of "sky130_fd_sc_hd__o2111ai_1" at bad file path /openlane/designs/RISC_SPM/runs/RUN_2021.12.08_16.43.47/results/magic/sky130_fd_sc_hd__o2111ai_1.mag.
The cell exists in the search paths at /home/MSUCAP/tanvir.arafin/pdk/sky130A/libs.ref/sky130_fd_sc_hd/maglef/sky130_fd_sc_hd__o2111ai_1.mag.
The discovered version will be used.
Warning:  Parent cell lists instance of "sky130_fd_sc_hd__a41o_1" at bad file path /openlane/designs/RISC_SPM/runs/RUN_2021.12.08_16.43.47/results/magic/sky130_fd_sc_hd__a41o_1.mag.
The cell exists in the search paths at /home/MSUCAP/tanvir.arafin/pdk/sky130A/libs.ref/sky130_fd_sc_hd/maglef/sky130_fd_sc_hd__a41o_1.mag.
The discovered version will be used.
Warning:  Parent cell lists instance of "sky130_fd_sc_hd__o31a_1" at bad file path /openlane/designs/RISC_SPM/runs/RUN_2021.12.08_16.43.47/results/magic/sky130_fd_sc_hd__o31a_1.mag.
The cell exists in the search paths at /home/MSUCAP/tanvir.arafin/pdk/sky130A/libs.ref/sky130_fd_sc_hd/maglef/sky130_fd_sc_hd__o31a_1.mag.
The discovered version will be used.
Warning:  Parent cell lists instance of "sky130_fd_sc_hd__nor2_1" at bad file path /openlane/designs/RISC_SPM/runs/RUN_2021.12.08_16.43.47/results/magic/sky130_fd_sc_hd__nor2_1.mag.
The cell exists in the search paths at /home/MSUCAP/tanvir.arafin/pdk/sky130A/libs.ref/sky130_fd_sc_hd/maglef/sky130_fd_sc_hd__nor2_1.mag.
The discovered version will be used.
Warning:  Parent cell lists instance of "sky130_fd_sc_hd__dfrtp_2" at bad file path /openlane/designs/RISC_SPM/runs/RUN_2021.12.08_16.43.47/results/magic/sky130_fd_sc_hd__dfrtp_2.mag.
The cell exists in the search paths at /home/MSUCAP/tanvir.arafin/pdk/sky130A/libs.ref/sky130_fd_sc_hd/maglef/sky130_fd_sc_hd__dfrtp_2.mag.
The discovered version will be used.
Diagnostic:  Scale value is 0.005000
Processing timestamp mismatches: sky130_fd_sc_hd__dfrtp_2, sky130_fd_sc_hd__nor2_1, sky130_fd_sc_hd__o31a_1, sky130_fd_sc_hd__a41o_1, sky130_fd_sc_hd__o2111ai_1, sky130_fd_sc_hd__a311o_4, sky130_fd_sc_hd__o221a_1, sky130_fd_sc_hd__nor3_1, sky130_fd_sc_hd__a21oi_1, sky130_fd_sc_hd__o21ai_4, sky130_fd_sc_hd__and4_1, sky130_fd_sc_hd__and3_1, sky130_fd_sc_hd__o211ai_4, sky130_fd_sc_hd__and2_1, sky130_fd_sc_hd__o21ai_2, sky130_fd_sc_hd__or2b_1, sky130_fd_sc_hd__a31o_4, sky130_fd_sc_hd__clkinv_4, sky130_fd_sc_hd__a21bo_1, sky130_fd_sc_hd__o21a_1, sky130_fd_sc_hd__a21o_1, sky130_fd_sc_hd__o221ai_2, sky130_fd_sc_hd__or3b_1, sky130_fd_sc_hd__inv_4, sky130_fd_sc_hd__a221o_1, sky130_fd_sc_hd__o221ai_1, sky130_fd_sc_hd__o2bb2a_1, sky130_fd_sc_hd__a32o_1, sky130_fd_sc_hd__mux2_2, sky130_fd_sc_hd__o32a_1, sky130_fd_sc_hd__o22a_1, sky130_fd_sc_hd__o21ai_1, sky130_fd_sc_hd__a31o_1, sky130_fd_sc_hd__dfrtp_1, sky130_fd_sc_hd__o21a_2, sky130_fd_sc_hd__mux2_4, sky130_fd_sc_hd__mux2_8, sky130_fd_sc_hd__nand2_1, sky130_fd_sc_hd__mux2_1, sky130_fd_sc_hd__dfrtp_4, sky130_fd_sc_hd__clkinv_2, sky130_fd_sc_hd__or4_2, sky130_fd_sc_hd__or2_1, sky130_fd_sc_hd__or4_4, sky130_fd_sc_hd__or3_1, sky130_fd_sc_hd__or4_1, sky130_fd_sc_hd__or3_4, sky130_fd_sc_hd__buf_12, sky130_fd_sc_hd__or3_2, sky130_fd_sc_hd__buf_8, sky130_fd_sc_hd__or2_4, sky130_fd_sc_hd__clkbuf_8, sky130_fd_sc_hd__buf_4, sky130_fd_sc_hd__buf_6, sky130_fd_sc_hd__clkbuf_4, sky130_fd_sc_hd__clkbuf_1, sky130_fd_sc_hd__or2_2, sky130_fd_sc_hd__inv_2, sky130_fd_sc_hd__clkbuf_2, sky130_fd_sc_hd__dlymetal6s2s_1, sky130_fd_sc_hd__clkbuf_16, sky130_fd_sc_hd__mux4_1, sky130_fd_sc_hd__mux4_2, sky130_fd_sc_hd__diode_2, sky130_fd_sc_hd__dfxtp_1, sky130_fd_sc_hd__a22o_1, sky130_fd_sc_hd__decap_8, sky130_fd_sc_hd__fill_2, sky130_fd_sc_hd__decap_12, sky130_fd_sc_hd__fill_1, sky130_fd_sc_hd__decap_4, sky130_fd_sc_hd__decap_6, sky130_fd_sc_hd__tapvpwrvgnd_1, sky130_fd_sc_hd__buf_2, sky130_fd_sc_hd__decap_3.
[INFO]: LEF Write Complete
Using technology "sky130A", version 1.0.234-0-g14db32a
