OpenROAD GITDIR-NOTFOUND 
This program is licensed under the BSD-3 license. See the LICENSE file for details.
Components of this program may be licensed under more restrictive licenses which must be honored.
[INFO ODB-0222] Reading LEF file: /openlane/designs/RISC_SPM/runs/RUN_2021.12.08_16.43.47/tmp/merged_unpadded.lef
[WARNING ODB-0220] WARNING (LEFPARS-2036): SOURCE statement is obsolete in version 5.6 and later.
The LEF parser will ignore this statement.
To avoid this warning in the future, remove this statement from the LEF file with version 5.6 or later. See file /openlane/designs/RISC_SPM/runs/RUN_2021.12.08_16.43.47/tmp/merged_unpadded.lef at line 68187.

[INFO ODB-0223]     Created 13 technology layers
[INFO ODB-0224]     Created 25 technology vias
[INFO ODB-0225]     Created 441 library cells
[INFO ODB-0226] Finished LEF file:  /openlane/designs/RISC_SPM/runs/RUN_2021.12.08_16.43.47/tmp/merged_unpadded.lef
[WARNING ORD-0033] -order_wires is deprecated.
[INFO ODB-0127] Reading DEF file: /openlane/designs/RISC_SPM/runs/RUN_2021.12.08_16.43.47/results/routing/31-RISC_SPM.def
[INFO ODB-0128] Design: RISC_SPM
[INFO ODB-0130]     Created 36 pins.
[INFO ODB-0131]     Created 22702 components and 111858 component-terminals.
[INFO ODB-0132]     Created 2 special nets and 85528 connections.
[INFO ODB-0133]     Created 6775 nets and 26330 connections.
[INFO ODB-0134] Finished DEF file: /openlane/designs/RISC_SPM/runs/RUN_2021.12.08_16.43.47/results/routing/31-RISC_SPM.def
[INFO]: Setting RC values...
[INFO RCX-0431] Defined process_corner X with ext_model_index 0
[INFO RCX-0029] Defined extraction corner X
[INFO RCX-0008] extracting parasitics of RISC_SPM ...
Notice 0: Split top of 3050 T shapes.
[INFO RCX-0435] Reading extraction model file /home/MSUCAP/tanvir.arafin/pdk/sky130A/libs.tech/openlane/rcx_rules.info ...
[INFO RCX-0436] RC segment generation RISC_SPM (max_merge_res 50.0) ...
[INFO RCX-0040] Final 35425 rc segments
[INFO RCX-0439] Coupling Cap extraction RISC_SPM ...
[INFO RCX-0440] Coupling threshhold is 0.1000 fF, coupling capacitance less than 0.1000 fF will be grounded.
[INFO RCX-0043] 66183 wires to be extracted
[INFO RCX-0442] 50% completion -- 33567 wires have been extracted
[INFO RCX-0442] 100% completion -- 66183 wires have been extracted
[INFO RCX-0045] Extract 6775 nets, 42194 rsegs, 42194 caps, 83827 ccs
[INFO RCX-0015] Finished extracting RISC_SPM.
[INFO RCX-0016] Writing SPEF ...
[INFO RCX-0443] 6775 nets finished
[INFO RCX-0017] Finished writing SPEF ...
