Using Techfile: /home/MSUCAP/tanvir.arafin/pdk/sky130A/libs.tech/klayout/sky130A.lyt
Using DEF file: /openlane/designs/RISC_SPM/runs/RUN_2021.12.08_16.43.47/results/routing/31-RISC_SPM.def
Design Name: RISC_SPM
Output GDS will be: /openlane/designs/RISC_SPM/runs/RUN_2021.12.08_16.43.47/results/klayout/RISC_SPM.gds
Extra GDSes:
/home/MSUCAP/tanvir.arafin/pdk/sky130A/libs.ref/sky130_fd_sc_hd/gds/sky130_ef_sc_hd__fakediode_2.gds /home/MSUCAP/tanvir.arafin/pdk/sky130A/libs.ref/sky130_fd_sc_hd/gds/sky130_ef_sc_hd__fill_4.gds /home/MSUCAP/tanvir.arafin/pdk/sky130A/libs.ref/sky130_fd_sc_hd/gds/sky130_ef_sc_hd__decap_12.gds /home/MSUCAP/tanvir.arafin/pdk/sky130A/libs.ref/sky130_fd_sc_hd/gds/sky130_ef_sc_hd__fill_8.gds /home/MSUCAP/tanvir.arafin/pdk/sky130A/libs.ref/sky130_fd_sc_hd/gds/sky130_fd_sc_hd.gds /home/MSUCAP/tanvir.arafin/pdk/sky130A/libs.ref/sky130_fd_sc_hd/gds/sky130_ef_sc_hd__fill_12.gds
[INFO] Clearing cells...
[INFO] Merging GDS files...
	/home/MSUCAP/tanvir.arafin/pdk/sky130A/libs.ref/sky130_fd_sc_hd/gds/sky130_ef_sc_hd__fakediode_2.gds
	/home/MSUCAP/tanvir.arafin/pdk/sky130A/libs.ref/sky130_fd_sc_hd/gds/sky130_ef_sc_hd__fill_4.gds
	/home/MSUCAP/tanvir.arafin/pdk/sky130A/libs.ref/sky130_fd_sc_hd/gds/sky130_ef_sc_hd__decap_12.gds
	/home/MSUCAP/tanvir.arafin/pdk/sky130A/libs.ref/sky130_fd_sc_hd/gds/sky130_ef_sc_hd__fill_8.gds
	/home/MSUCAP/tanvir.arafin/pdk/sky130A/libs.ref/sky130_fd_sc_hd/gds/sky130_fd_sc_hd.gds
	/home/MSUCAP/tanvir.arafin/pdk/sky130A/libs.ref/sky130_fd_sc_hd/gds/sky130_ef_sc_hd__fill_12.gds
[INFO] Copying toplevel cell 'RISC_SPM'
WARNING: no fill config file specified
[INFO] Checking for missing GDS...
[INFO] All LEF cells have matching GDS cells
[INFO] Writing out GDS '/openlane/designs/RISC_SPM/runs/RUN_2021.12.08_16.43.47/results/klayout/RISC_SPM.gds'
Done
