Startpoint: rst (input port clocked by clk)
Endpoint: _10874_ (removal check against rising-edge clock clk)
Path Group: **async_default**
Path Type: min

Fanout     Cap    Slew   Delay    Time   Description
-----------------------------------------------------------------------------
                          0.00    0.00   clock clk (rise edge)
                          0.00    0.00   clock network delay (propagated)
                         60.00   60.00 ^ input external delay
                  0.10    0.06   60.06 ^ rst (in)
     1    0.01                           rst (net)
                  0.10    0.00   60.06 ^ input1/A (sky130_fd_sc_hd__buf_12)
                  0.43    0.31   60.37 ^ input1/X (sky130_fd_sc_hd__buf_12)
    69    0.38                           net1 (net)
                  0.44    0.05   60.42 ^ _10874_/RESET_B (sky130_fd_sc_hd__dfrtp_1)
                                 60.42   data arrival time

                          0.00    0.00   clock clk (rise edge)
                          2.19    2.19   clock network delay (propagated)
                          0.25    2.44   clock uncertainty
                          0.00    2.44   clock reconvergence pessimism
                                  2.44 ^ _10874_/CLK (sky130_fd_sc_hd__dfrtp_1)
                          0.44    2.88   library removal time
                                  2.88   data required time
-----------------------------------------------------------------------------
                                  2.88   data required time
                                -60.42   data arrival time
-----------------------------------------------------------------------------
                                 57.54   slack (MET)


Startpoint: _09086_ (rising edge-triggered flip-flop clocked by clk)
Endpoint: _09086_ (rising edge-triggered flip-flop clocked by clk)
Path Group: clk
Path Type: min

Fanout     Cap    Slew   Delay    Time   Description
-----------------------------------------------------------------------------
                          0.00    0.00   clock clk (rise edge)
                          1.62    1.62   clock network delay (propagated)
                  0.06    0.00    1.62 ^ _09086_/CLK (sky130_fd_sc_hd__dfxtp_1)
                  0.06    0.29    1.90 ^ _09086_/Q (sky130_fd_sc_hd__dfxtp_1)
     2    0.01                           M2_SRAM.memory[133][7] (net)
                  0.06    0.00    1.90 ^ _07457_/A1 (sky130_fd_sc_hd__a22o_1)
                  0.04    0.11    2.01 ^ _07457_/X (sky130_fd_sc_hd__a22o_1)
     1    0.00                           _01086_ (net)
                  0.04    0.00    2.01 ^ _09086_/D (sky130_fd_sc_hd__dfxtp_1)
                                  2.01   data arrival time

                          0.00    0.00   clock clk (rise edge)
                          1.98    1.98   clock network delay (propagated)
                          0.25    2.23   clock uncertainty
                         -0.36    1.87   clock reconvergence pessimism
                                  1.87 ^ _09086_/CLK (sky130_fd_sc_hd__dfxtp_1)
                         -0.03    1.84   library hold time
                                  1.84   data required time
-----------------------------------------------------------------------------
                                  1.84   data required time
                                 -2.01   data arrival time
-----------------------------------------------------------------------------
                                  0.17   slack (MET)


Startpoint: rst (input port clocked by clk)
Endpoint: _10837_ (recovery check against rising-edge clock clk)
Path Group: **async_default**
Path Type: max

Fanout     Cap    Slew   Delay    Time   Description
-----------------------------------------------------------------------------
                          0.00    0.00   clock clk (rise edge)
                          0.00    0.00   clock network delay (propagated)
                         60.00   60.00 ^ input external delay
                  0.10    0.07   60.07 ^ rst (in)
     1    0.01                           rst (net)
                  0.10    0.00   60.07 ^ input1/A (sky130_fd_sc_hd__buf_12)
                  0.43    0.38   60.46 ^ input1/X (sky130_fd_sc_hd__buf_12)
    69    0.38                           net1 (net)
                  0.44    0.06   60.52 ^ _10837_/RESET_B (sky130_fd_sc_hd__dfrtp_1)
                                 60.52   data arrival time

                        300.00  300.00   clock clk (rise edge)
                          1.49  301.49   clock network delay (propagated)
                         -0.25  301.24   clock uncertainty
                          0.00  301.24   clock reconvergence pessimism
                                301.24 ^ _10837_/CLK (sky130_fd_sc_hd__dfrtp_1)
                          0.29  301.53   library recovery time
                                301.53   data required time
-----------------------------------------------------------------------------
                                301.53   data required time
                                -60.52   data arrival time
-----------------------------------------------------------------------------
                                241.01   slack (MET)


Startpoint: _10827_ (rising edge-triggered flip-flop clocked by clk)
Endpoint: memory_bus[2] (output port clocked by clk)
Path Group: clk
Path Type: max

Fanout     Cap    Slew   Delay    Time   Description
-----------------------------------------------------------------------------
                          0.00    0.00   clock clk (rise edge)
                          2.15    2.15   clock network delay (propagated)
                  0.08    0.00    2.15 ^ _10827_/CLK (sky130_fd_sc_hd__dfrtp_4)
                  0.83    1.09    3.23 ^ _10827_/Q (sky130_fd_sc_hd__dfrtp_4)
    42    0.30                           net2 (net)
                  0.83    0.01    3.24 ^ repeater58/A (sky130_fd_sc_hd__buf_12)
                  0.42    0.50    3.74 ^ repeater58/X (sky130_fd_sc_hd__buf_12)
    58    0.38                           net58 (net)
                  0.42    0.00    3.74 ^ repeater57/A (sky130_fd_sc_hd__buf_12)
                  0.43    0.45    4.19 ^ repeater57/X (sky130_fd_sc_hd__buf_12)
    56    0.38                           net57 (net)
                  0.43    0.04    4.23 ^ repeater54/A (sky130_fd_sc_hd__buf_12)
                  0.49    0.51    4.74 ^ repeater54/X (sky130_fd_sc_hd__buf_12)
    67    0.44                           net54 (net)
                  0.50    0.05    4.79 ^ _08289_/S0 (sky130_fd_sc_hd__mux4_1)
                  0.12    0.74    5.53 v _08289_/X (sky130_fd_sc_hd__mux4_1)
     1    0.01                           _00278_ (net)
                  0.12    0.00    5.53 v _08292_/A1 (sky130_fd_sc_hd__mux4_1)
                  0.10    0.61    6.14 v _08292_/X (sky130_fd_sc_hd__mux4_1)
     1    0.01                           _00281_ (net)
                  0.10    0.00    6.14 v _08298_/A2 (sky130_fd_sc_hd__mux4_2)
                  0.15    0.64    6.78 v _08298_/X (sky130_fd_sc_hd__mux4_2)
     1    0.03                           _00287_ (net)
                  0.15    0.00    6.78 v _08341_/A1 (sky130_fd_sc_hd__mux4_2)
                  0.25    0.78    7.56 v _08341_/X (sky130_fd_sc_hd__mux4_2)
     2    0.08                           net28 (net)
                  0.25    0.01    7.57 v output28/A (sky130_fd_sc_hd__buf_2)
                  0.09    0.30    7.87 v output28/X (sky130_fd_sc_hd__buf_2)
     1    0.03                           memory_bus[2] (net)
                  0.09    0.00    7.87 v memory_bus[2] (out)
                                  7.87   data arrival time

                        300.00  300.00   clock clk (rise edge)
                          0.00  300.00   clock network delay (propagated)
                         -0.25  299.75   clock uncertainty
                          0.00  299.75   clock reconvergence pessimism
                        -60.00  239.75   output external delay
                                239.75   data required time
-----------------------------------------------------------------------------
                                239.75   data required time
                                 -7.87   data arrival time
-----------------------------------------------------------------------------
                                231.88   slack (MET)


