
===========================================================================
report_checks -path_delay min (Hold)
============================================================================
Startpoint: rst (input port clocked by clk)
Endpoint: _10815_ (removal check against rising-edge clock clk)
Path Group: **async_default**
Path Type: min

Fanout     Cap    Slew   Delay    Time   Description
-----------------------------------------------------------------------------
                  0.15    0.00    0.00   clock clk (rise edge)
                          0.00    0.00   clock network delay (ideal)
                         60.00   60.00 ^ input external delay
                  2.01    1.26   61.26 ^ rst (in)
    69    0.25                           rst (net)
                  2.01    0.00   61.26 ^ _10815_/RESET_B (sky130_fd_sc_hd__dfrtp_2)
                                 61.26   data arrival time

                  0.15    0.00    0.00   clock clk (rise edge)
                          0.00    0.00   clock network delay (ideal)
                          0.25    0.25   clock uncertainty
                          0.00    0.25   clock reconvergence pessimism
                                  0.25 ^ _10815_/CLK (sky130_fd_sc_hd__dfrtp_2)
                          0.87    1.12   library removal time
                                  1.12   data required time
-----------------------------------------------------------------------------
                                  1.12   data required time
                                -61.26   data arrival time
-----------------------------------------------------------------------------
                                 60.14   slack (MET)


Startpoint: rst (input port clocked by clk)
Endpoint: _10816_ (removal check against rising-edge clock clk)
Path Group: **async_default**
Path Type: min

Fanout     Cap    Slew   Delay    Time   Description
-----------------------------------------------------------------------------
                  0.15    0.00    0.00   clock clk (rise edge)
                          0.00    0.00   clock network delay (ideal)
                         60.00   60.00 ^ input external delay
                  2.01    1.26   61.26 ^ rst (in)
    69    0.25                           rst (net)
                  2.01    0.00   61.26 ^ _10816_/RESET_B (sky130_fd_sc_hd__dfrtp_2)
                                 61.26   data arrival time

                  0.15    0.00    0.00   clock clk (rise edge)
                          0.00    0.00   clock network delay (ideal)
                          0.25    0.25   clock uncertainty
                          0.00    0.25   clock reconvergence pessimism
                                  0.25 ^ _10816_/CLK (sky130_fd_sc_hd__dfrtp_2)
                          0.87    1.12   library removal time
                                  1.12   data required time
-----------------------------------------------------------------------------
                                  1.12   data required time
                                -61.26   data arrival time
-----------------------------------------------------------------------------
                                 60.14   slack (MET)


Startpoint: rst (input port clocked by clk)
Endpoint: _10817_ (removal check against rising-edge clock clk)
Path Group: **async_default**
Path Type: min

Fanout     Cap    Slew   Delay    Time   Description
-----------------------------------------------------------------------------
                  0.15    0.00    0.00   clock clk (rise edge)
                          0.00    0.00   clock network delay (ideal)
                         60.00   60.00 ^ input external delay
                  2.01    1.26   61.26 ^ rst (in)
    69    0.25                           rst (net)
                  2.01    0.00   61.26 ^ _10817_/RESET_B (sky130_fd_sc_hd__dfrtp_2)
                                 61.26   data arrival time

                  0.15    0.00    0.00   clock clk (rise edge)
                          0.00    0.00   clock network delay (ideal)
                          0.25    0.25   clock uncertainty
                          0.00    0.25   clock reconvergence pessimism
                                  0.25 ^ _10817_/CLK (sky130_fd_sc_hd__dfrtp_2)
                          0.87    1.12   library removal time
                                  1.12   data required time
-----------------------------------------------------------------------------
                                  1.12   data required time
                                -61.26   data arrival time
-----------------------------------------------------------------------------
                                 60.14   slack (MET)


Startpoint: rst (input port clocked by clk)
Endpoint: _10818_ (removal check against rising-edge clock clk)
Path Group: **async_default**
Path Type: min

Fanout     Cap    Slew   Delay    Time   Description
-----------------------------------------------------------------------------
                  0.15    0.00    0.00   clock clk (rise edge)
                          0.00    0.00   clock network delay (ideal)
                         60.00   60.00 ^ input external delay
                  2.01    1.26   61.26 ^ rst (in)
    69    0.25                           rst (net)
                  2.01    0.00   61.26 ^ _10818_/RESET_B (sky130_fd_sc_hd__dfrtp_2)
                                 61.26   data arrival time

                  0.15    0.00    0.00   clock clk (rise edge)
                          0.00    0.00   clock network delay (ideal)
                          0.25    0.25   clock uncertainty
                          0.00    0.25   clock reconvergence pessimism
                                  0.25 ^ _10818_/CLK (sky130_fd_sc_hd__dfrtp_2)
                          0.87    1.12   library removal time
                                  1.12   data required time
-----------------------------------------------------------------------------
                                  1.12   data required time
                                -61.26   data arrival time
-----------------------------------------------------------------------------
                                 60.14   slack (MET)


Startpoint: rst (input port clocked by clk)
Endpoint: _10819_ (removal check against rising-edge clock clk)
Path Group: **async_default**
Path Type: min

Fanout     Cap    Slew   Delay    Time   Description
-----------------------------------------------------------------------------
                  0.15    0.00    0.00   clock clk (rise edge)
                          0.00    0.00   clock network delay (ideal)
                         60.00   60.00 ^ input external delay
                  2.01    1.26   61.26 ^ rst (in)
    69    0.25                           rst (net)
                  2.01    0.00   61.26 ^ _10819_/RESET_B (sky130_fd_sc_hd__dfrtp_2)
                                 61.26   data arrival time

                  0.15    0.00    0.00   clock clk (rise edge)
                          0.00    0.00   clock network delay (ideal)
                          0.25    0.25   clock uncertainty
                          0.00    0.25   clock reconvergence pessimism
                                  0.25 ^ _10819_/CLK (sky130_fd_sc_hd__dfrtp_2)
                          0.87    1.12   library removal time
                                  1.12   data required time
-----------------------------------------------------------------------------
                                  1.12   data required time
                                -61.26   data arrival time
-----------------------------------------------------------------------------
                                 60.14   slack (MET)


Startpoint: _08767_ (rising edge-triggered flip-flop clocked by clk)
Endpoint: _08767_ (rising edge-triggered flip-flop clocked by clk)
Path Group: clk
Path Type: min

Fanout     Cap    Slew   Delay    Time   Description
-----------------------------------------------------------------------------
                  0.15    0.00    0.00   clock clk (rise edge)
                          0.00    0.00   clock network delay (ideal)
                  0.15    0.00    0.00 ^ _08767_/CLK (sky130_fd_sc_hd__dfxtp_2)
                  0.04    0.31    0.31 ^ _08767_/Q (sky130_fd_sc_hd__dfxtp_2)
     2    0.00                           M2_SRAM.memory[9][0] (net)
                  0.04    0.00    0.31 ^ _07952_/A1 (sky130_fd_sc_hd__a22o_2)
                  0.03    0.10    0.42 ^ _07952_/X (sky130_fd_sc_hd__a22o_2)
     1    0.00                           _00767_ (net)
                  0.03    0.00    0.42 ^ _08767_/D (sky130_fd_sc_hd__dfxtp_2)
                                  0.42   data arrival time

                  0.15    0.00    0.00   clock clk (rise edge)
                          0.00    0.00   clock network delay (ideal)
                          0.25    0.25   clock uncertainty
                          0.00    0.25   clock reconvergence pessimism
                                  0.25 ^ _08767_/CLK (sky130_fd_sc_hd__dfxtp_2)
                         -0.01    0.24   library hold time
                                  0.24   data required time
-----------------------------------------------------------------------------
                                  0.24   data required time
                                 -0.42   data arrival time
-----------------------------------------------------------------------------
                                  0.18   slack (MET)


Startpoint: _08768_ (rising edge-triggered flip-flop clocked by clk)
Endpoint: _08768_ (rising edge-triggered flip-flop clocked by clk)
Path Group: clk
Path Type: min

Fanout     Cap    Slew   Delay    Time   Description
-----------------------------------------------------------------------------
                  0.15    0.00    0.00   clock clk (rise edge)
                          0.00    0.00   clock network delay (ideal)
                  0.15    0.00    0.00 ^ _08768_/CLK (sky130_fd_sc_hd__dfxtp_2)
                  0.04    0.31    0.31 ^ _08768_/Q (sky130_fd_sc_hd__dfxtp_2)
     2    0.00                           M2_SRAM.memory[9][1] (net)
                  0.04    0.00    0.31 ^ _07951_/A1 (sky130_fd_sc_hd__a22o_2)
                  0.03    0.10    0.42 ^ _07951_/X (sky130_fd_sc_hd__a22o_2)
     1    0.00                           _00768_ (net)
                  0.03    0.00    0.42 ^ _08768_/D (sky130_fd_sc_hd__dfxtp_2)
                                  0.42   data arrival time

                  0.15    0.00    0.00   clock clk (rise edge)
                          0.00    0.00   clock network delay (ideal)
                          0.25    0.25   clock uncertainty
                          0.00    0.25   clock reconvergence pessimism
                                  0.25 ^ _08768_/CLK (sky130_fd_sc_hd__dfxtp_2)
                         -0.01    0.24   library hold time
                                  0.24   data required time
-----------------------------------------------------------------------------
                                  0.24   data required time
                                 -0.42   data arrival time
-----------------------------------------------------------------------------
                                  0.18   slack (MET)


Startpoint: _08769_ (rising edge-triggered flip-flop clocked by clk)
Endpoint: _08769_ (rising edge-triggered flip-flop clocked by clk)
Path Group: clk
Path Type: min

Fanout     Cap    Slew   Delay    Time   Description
-----------------------------------------------------------------------------
                  0.15    0.00    0.00   clock clk (rise edge)
                          0.00    0.00   clock network delay (ideal)
                  0.15    0.00    0.00 ^ _08769_/CLK (sky130_fd_sc_hd__dfxtp_2)
                  0.04    0.31    0.31 ^ _08769_/Q (sky130_fd_sc_hd__dfxtp_2)
     2    0.00                           M2_SRAM.memory[9][2] (net)
                  0.04    0.00    0.31 ^ _07950_/A1 (sky130_fd_sc_hd__a22o_2)
                  0.03    0.10    0.42 ^ _07950_/X (sky130_fd_sc_hd__a22o_2)
     1    0.00                           _00769_ (net)
                  0.03    0.00    0.42 ^ _08769_/D (sky130_fd_sc_hd__dfxtp_2)
                                  0.42   data arrival time

                  0.15    0.00    0.00   clock clk (rise edge)
                          0.00    0.00   clock network delay (ideal)
                          0.25    0.25   clock uncertainty
                          0.00    0.25   clock reconvergence pessimism
                                  0.25 ^ _08769_/CLK (sky130_fd_sc_hd__dfxtp_2)
                         -0.01    0.24   library hold time
                                  0.24   data required time
-----------------------------------------------------------------------------
                                  0.24   data required time
                                 -0.42   data arrival time
-----------------------------------------------------------------------------
                                  0.18   slack (MET)


Startpoint: _08791_ (rising edge-triggered flip-flop clocked by clk)
Endpoint: _08791_ (rising edge-triggered flip-flop clocked by clk)
Path Group: clk
Path Type: min

Fanout     Cap    Slew   Delay    Time   Description
-----------------------------------------------------------------------------
                  0.15    0.00    0.00   clock clk (rise edge)
                          0.00    0.00   clock network delay (ideal)
                  0.15    0.00    0.00 ^ _08791_/CLK (sky130_fd_sc_hd__dfxtp_2)
                  0.04    0.31    0.31 ^ _08791_/Q (sky130_fd_sc_hd__dfxtp_2)
     2    0.00                           M2_SRAM.memory[169][0] (net)
                  0.04    0.00    0.31 ^ _07916_/A1 (sky130_fd_sc_hd__a22o_2)
                  0.03    0.10    0.42 ^ _07916_/X (sky130_fd_sc_hd__a22o_2)
     1    0.00                           _00791_ (net)
                  0.03    0.00    0.42 ^ _08791_/D (sky130_fd_sc_hd__dfxtp_2)
                                  0.42   data arrival time

                  0.15    0.00    0.00   clock clk (rise edge)
                          0.00    0.00   clock network delay (ideal)
                          0.25    0.25   clock uncertainty
                          0.00    0.25   clock reconvergence pessimism
                                  0.25 ^ _08791_/CLK (sky130_fd_sc_hd__dfxtp_2)
                         -0.01    0.24   library hold time
                                  0.24   data required time
-----------------------------------------------------------------------------
                                  0.24   data required time
                                 -0.42   data arrival time
-----------------------------------------------------------------------------
                                  0.18   slack (MET)


Startpoint: _08792_ (rising edge-triggered flip-flop clocked by clk)
Endpoint: _08792_ (rising edge-triggered flip-flop clocked by clk)
Path Group: clk
Path Type: min

Fanout     Cap    Slew   Delay    Time   Description
-----------------------------------------------------------------------------
                  0.15    0.00    0.00   clock clk (rise edge)
                          0.00    0.00   clock network delay (ideal)
                  0.15    0.00    0.00 ^ _08792_/CLK (sky130_fd_sc_hd__dfxtp_2)
                  0.04    0.31    0.31 ^ _08792_/Q (sky130_fd_sc_hd__dfxtp_2)
     2    0.00                           M2_SRAM.memory[169][1] (net)
                  0.04    0.00    0.31 ^ _07915_/A1 (sky130_fd_sc_hd__a22o_2)
                  0.03    0.10    0.42 ^ _07915_/X (sky130_fd_sc_hd__a22o_2)
     1    0.00                           _00792_ (net)
                  0.03    0.00    0.42 ^ _08792_/D (sky130_fd_sc_hd__dfxtp_2)
                                  0.42   data arrival time

                  0.15    0.00    0.00   clock clk (rise edge)
                          0.00    0.00   clock network delay (ideal)
                          0.25    0.25   clock uncertainty
                          0.00    0.25   clock reconvergence pessimism
                                  0.25 ^ _08792_/CLK (sky130_fd_sc_hd__dfxtp_2)
                         -0.01    0.24   library hold time
                                  0.24   data required time
-----------------------------------------------------------------------------
                                  0.24   data required time
                                 -0.42   data arrival time
-----------------------------------------------------------------------------
                                  0.18   slack (MET)


