Startpoint: rst (input port clocked by clk)
Endpoint: _10873_ (removal check against rising-edge clock clk)
Path Group: **async_default**
Path Type: min

Fanout     Cap    Slew   Delay    Time   Description
-----------------------------------------------------------------------------
                          0.00    0.00   clock clk (rise edge)
                          0.00    0.00   clock network delay (propagated)
                         60.00   60.00 ^ input external delay
                  0.12    0.07   60.07 ^ rst (in)
     1    0.01                           rst (net)
                  0.12    0.00   60.07 ^ input1/A (sky130_fd_sc_hd__buf_12)
                  0.03    0.10   60.17 ^ input1/X (sky130_fd_sc_hd__buf_12)
    69    0.40                           net1 (net)
                  2.30    1.03   61.20 ^ _10873_/RESET_B (sky130_fd_sc_hd__dfrtp_1)
                                 61.20   data arrival time

                          0.00    0.00   clock clk (rise edge)
                          2.32    2.32   clock network delay (propagated)
                          0.25    2.57   clock uncertainty
                          0.00    2.57   clock reconvergence pessimism
                                  2.57 ^ _10873_/CLK (sky130_fd_sc_hd__dfrtp_1)
                          0.94    3.52   library removal time
                                  3.52   data required time
-----------------------------------------------------------------------------
                                  3.52   data required time
                                -61.20   data arrival time
-----------------------------------------------------------------------------
                                 57.69   slack (MET)


Startpoint: _10283_ (rising edge-triggered flip-flop clocked by clk)
Endpoint: _10283_ (rising edge-triggered flip-flop clocked by clk)
Path Group: clk
Path Type: min

Fanout     Cap    Slew   Delay    Time   Description
-----------------------------------------------------------------------------
                          0.00    0.00   clock clk (rise edge)
                          1.91    1.91   clock network delay (propagated)
                  0.06    0.00    1.91 ^ _10283_/CLK (sky130_fd_sc_hd__dfxtp_1)
                  0.06    0.29    2.20 ^ _10283_/Q (sky130_fd_sc_hd__dfxtp_1)
     2    0.01                           M2_SRAM.memory[181][4] (net)
                  0.06    0.00    2.20 ^ _05540_/A1 (sky130_fd_sc_hd__a22o_1)
                  0.04    0.11    2.32 ^ _05540_/X (sky130_fd_sc_hd__a22o_1)
     1    0.00                           _02283_ (net)
                  0.04    0.00    2.32 ^ _10283_/D (sky130_fd_sc_hd__dfxtp_1)
                                  2.32   data arrival time

                          0.00    0.00   clock clk (rise edge)
                          2.33    2.33   clock network delay (propagated)
                          0.25    2.58   clock uncertainty
                         -0.42    2.16   clock reconvergence pessimism
                                  2.16 ^ _10283_/CLK (sky130_fd_sc_hd__dfxtp_1)
                         -0.03    2.13   library hold time
                                  2.13   data required time
-----------------------------------------------------------------------------
                                  2.13   data required time
                                 -2.32   data arrival time
-----------------------------------------------------------------------------
                                  0.18   slack (MET)


Startpoint: rst (input port clocked by clk)
Endpoint: _10821_ (recovery check against rising-edge clock clk)
Path Group: **async_default**
Path Type: max

Fanout     Cap    Slew   Delay    Time   Description
-----------------------------------------------------------------------------
                          0.00    0.00   clock clk (rise edge)
                          0.00    0.00   clock network delay (propagated)
                         60.00   60.00 ^ input external delay
                  0.12    0.09   60.09 ^ rst (in)
     1    0.01                           rst (net)
                  0.12    0.00   60.09 ^ input1/A (sky130_fd_sc_hd__buf_12)
                  0.03    0.12   60.21 ^ input1/X (sky130_fd_sc_hd__buf_12)
    69    0.40                           net1 (net)
                  2.32    1.27   61.49 ^ _10821_/RESET_B (sky130_fd_sc_hd__dfrtp_4)
                                 61.49   data arrival time

                        300.00  300.00   clock clk (rise edge)
                          1.83  301.83   clock network delay (propagated)
                         -0.25  301.58   clock uncertainty
                          0.00  301.58   clock reconvergence pessimism
                                301.58 ^ _10821_/CLK (sky130_fd_sc_hd__dfrtp_4)
                         -0.69  300.90   library recovery time
                                300.90   data required time
-----------------------------------------------------------------------------
                                300.90   data required time
                                -61.49   data arrival time
-----------------------------------------------------------------------------
                                239.41   slack (MET)


Startpoint: _10823_ (rising edge-triggered flip-flop clocked by clk)
Endpoint: data_bus[7] (output port clocked by clk)
Path Group: clk
Path Type: max

Fanout     Cap    Slew   Delay    Time   Description
-----------------------------------------------------------------------------
                          0.00    0.00   clock clk (rise edge)
                          2.28    2.28   clock network delay (propagated)
                  0.10    0.00    2.28 ^ _10823_/CLK (sky130_fd_sc_hd__dfrtp_4)
                  0.13    0.61    2.89 v _10823_/Q (sky130_fd_sc_hd__dfrtp_4)
     6    0.05                           net22 (net)
                  0.13    0.02    2.91 v _04372_/B (sky130_fd_sc_hd__or2_1)
                  0.10    0.33    3.24 v _04372_/X (sky130_fd_sc_hd__or2_1)
     5    0.02                           _02883_ (net)
                  0.11    0.01    3.24 v _04409_/A (sky130_fd_sc_hd__or2_1)
                  0.11    0.34    3.58 v _04409_/X (sky130_fd_sc_hd__or2_1)
     3    0.02                           _02912_ (net)
                  0.11    0.00    3.59 v _04410_/A (sky130_fd_sc_hd__buf_2)
                  0.09    0.22    3.81 v _04410_/X (sky130_fd_sc_hd__buf_2)
     5    0.03                           _02913_ (net)
                  0.09    0.01    3.81 v _04448_/A (sky130_fd_sc_hd__clkbuf_2)
                  0.08    0.18    3.99 v _04448_/X (sky130_fd_sc_hd__clkbuf_2)
     5    0.02                           _02949_ (net)
                  0.08    0.00    3.99 v _07980_/A (sky130_fd_sc_hd__and2_1)
                  0.07    0.19    4.19 v _07980_/X (sky130_fd_sc_hd__and2_1)
     2    0.01                           _04348_ (net)
                  0.07    0.01    4.19 v _07981_/A2 (sky130_fd_sc_hd__o21ai_2)
                  0.25    0.25    4.45 ^ _07981_/Y (sky130_fd_sc_hd__o21ai_2)
     3    0.02                           _04349_ (net)
                  0.25    0.01    4.46 ^ _07982_/B_N (sky130_fd_sc_hd__or2b_1)
                  0.07    0.32    4.77 v _07982_/X (sky130_fd_sc_hd__or2b_1)
     2    0.01                           _04350_ (net)
                  0.07    0.00    4.77 v _07988_/B2 (sky130_fd_sc_hd__o32a_1)
                  0.10    0.23    5.01 v _07988_/X (sky130_fd_sc_hd__o32a_1)
     1    0.01                           _04354_ (net)
                  0.10    0.01    5.01 v _07989_/A (sky130_fd_sc_hd__inv_2)
                  0.20    0.20    5.21 ^ _07989_/Y (sky130_fd_sc_hd__inv_2)
     8    0.04                           _00012_ (net)
                  0.21    0.02    5.23 ^ _08045_/S (sky130_fd_sc_hd__mux2_1)
                  0.06    0.39    5.62 v _08045_/X (sky130_fd_sc_hd__mux2_1)
     1    0.00                           _00072_ (net)
                  0.06    0.00    5.62 v _08046_/A0 (sky130_fd_sc_hd__mux2_1)
                  0.07    0.34    5.96 v _08046_/X (sky130_fd_sc_hd__mux2_1)
     1    0.01                           _00073_ (net)
                  0.07    0.00    5.96 v _08047_/A0 (sky130_fd_sc_hd__mux2_8)
                  0.38    0.45    6.41 v _08047_/X (sky130_fd_sc_hd__mux2_8)
   150    0.74                           net17 (net)
                  1.02    0.50    6.91 v repeater34/A (sky130_fd_sc_hd__clkbuf_16)
                  0.25    0.61    7.52 v repeater34/X (sky130_fd_sc_hd__clkbuf_16)
   113    0.55                           net34 (net)
                  0.78    0.41    7.93 v output17/A (sky130_fd_sc_hd__buf_2)
                  0.11    0.48    8.41 v output17/X (sky130_fd_sc_hd__buf_2)
     1    0.03                           data_bus[7] (net)
                  0.11    0.01    8.42 v data_bus[7] (out)
                                  8.42   data arrival time

                        300.00  300.00   clock clk (rise edge)
                          0.00  300.00   clock network delay (propagated)
                         -0.25  299.75   clock uncertainty
                          0.00  299.75   clock reconvergence pessimism
                        -60.00  239.75   output external delay
                                239.75   data required time
-----------------------------------------------------------------------------
                                239.75   data required time
                                 -8.42   data arrival time
-----------------------------------------------------------------------------
                                231.33   slack (MET)


