
===========================================================================
report_checks -path_delay max (Setup)
============================================================================
Startpoint: rst (input port clocked by clk)
Endpoint: _10821_ (recovery check against rising-edge clock clk)
Path Group: **async_default**
Path Type: max

Fanout     Cap    Slew   Delay    Time   Description
-----------------------------------------------------------------------------
                          0.00    0.00   clock clk (rise edge)
                          0.00    0.00   clock network delay (propagated)
                         60.00   60.00 ^ input external delay
                  0.10    0.07   60.07 ^ rst (in)
     1    0.01                           rst (net)
                  0.10    0.00   60.07 ^ input1/A (sky130_fd_sc_hd__buf_12)
                  0.03    0.11   60.18 ^ input1/X (sky130_fd_sc_hd__buf_12)
    69    0.39                           net1 (net)
                  2.29    1.26   61.44 ^ _10821_/RESET_B (sky130_fd_sc_hd__dfrtp_4)
                                 61.44   data arrival time

                        300.00  300.00   clock clk (rise edge)
                          0.00  300.00   clock source latency
                  0.41    0.26  300.26 ^ clk (in)
     1    0.05                           clk (net)
                  0.41    0.00  300.26 ^ clkbuf_0_clk/A (sky130_fd_sc_hd__clkbuf_16)
                  0.05    0.21  300.47 ^ clkbuf_0_clk/X (sky130_fd_sc_hd__clkbuf_16)
     2    0.02                           clknet_0_clk (net)
                  0.05    0.00  300.47 ^ clkbuf_1_0_0_clk/A (sky130_fd_sc_hd__clkbuf_2)
                  0.20    0.20  300.66 ^ clkbuf_1_0_0_clk/X (sky130_fd_sc_hd__clkbuf_2)
     2    0.04                           clknet_1_0_0_clk (net)
                  0.20    0.00  300.67 ^ clkbuf_2_1_0_clk/A (sky130_fd_sc_hd__clkbuf_2)
                  0.24    0.26  300.92 ^ clkbuf_2_1_0_clk/X (sky130_fd_sc_hd__clkbuf_2)
     2    0.04                           clknet_2_1_0_clk (net)
                  0.24    0.00  300.93 ^ clkbuf_3_2_0_clk/A (sky130_fd_sc_hd__clkbuf_2)
                  0.14    0.20  301.13 ^ clkbuf_3_2_0_clk/X (sky130_fd_sc_hd__clkbuf_2)
     2    0.02                           clknet_3_2_0_clk (net)
                  0.14    0.00  301.13 ^ clkbuf_4_4_0_clk/A (sky130_fd_sc_hd__clkbuf_2)
                  0.71    0.53  301.66 ^ clkbuf_4_4_0_clk/X (sky130_fd_sc_hd__clkbuf_2)
    10    0.13                           clknet_4_4_0_clk (net)
                  0.71    0.00  301.67 ^ clkbuf_leaf_135_clk/A (sky130_fd_sc_hd__clkbuf_16)
                  0.06    0.24  301.91 ^ clkbuf_leaf_135_clk/X (sky130_fd_sc_hd__clkbuf_16)
     5    0.02                           clknet_leaf_135_clk (net)
                  0.06    0.00  301.91 ^ _10821_/CLK (sky130_fd_sc_hd__dfrtp_4)
                         -0.25  301.66   clock uncertainty
                          0.00  301.66   clock reconvergence pessimism
                         -0.68  300.98   library recovery time
                                300.98   data required time
-----------------------------------------------------------------------------
                                300.98   data required time
                                -61.44   data arrival time
-----------------------------------------------------------------------------
                                239.54   slack (MET)


Startpoint: rst (input port clocked by clk)
Endpoint: _10832_ (recovery check against rising-edge clock clk)
Path Group: **async_default**
Path Type: max

Fanout     Cap    Slew   Delay    Time   Description
-----------------------------------------------------------------------------
                          0.00    0.00   clock clk (rise edge)
                          0.00    0.00   clock network delay (propagated)
                         60.00   60.00 ^ input external delay
                  0.10    0.07   60.07 ^ rst (in)
     1    0.01                           rst (net)
                  0.10    0.00   60.07 ^ input1/A (sky130_fd_sc_hd__buf_12)
                  0.03    0.11   60.18 ^ input1/X (sky130_fd_sc_hd__buf_12)
    69    0.39                           net1 (net)
                  2.33    1.28   61.47 ^ _10832_/RESET_B (sky130_fd_sc_hd__dfrtp_4)
                                 61.47   data arrival time

                        300.00  300.00   clock clk (rise edge)
                          0.00  300.00   clock source latency
                  0.41    0.26  300.26 ^ clk (in)
     1    0.05                           clk (net)
                  0.41    0.00  300.26 ^ clkbuf_0_clk/A (sky130_fd_sc_hd__clkbuf_16)
                  0.05    0.21  300.47 ^ clkbuf_0_clk/X (sky130_fd_sc_hd__clkbuf_16)
     2    0.02                           clknet_0_clk (net)
                  0.05    0.00  300.47 ^ clkbuf_1_0_0_clk/A (sky130_fd_sc_hd__clkbuf_2)
                  0.20    0.20  300.66 ^ clkbuf_1_0_0_clk/X (sky130_fd_sc_hd__clkbuf_2)
     2    0.04                           clknet_1_0_0_clk (net)
                  0.20    0.00  300.67 ^ clkbuf_2_1_0_clk/A (sky130_fd_sc_hd__clkbuf_2)
                  0.24    0.26  300.92 ^ clkbuf_2_1_0_clk/X (sky130_fd_sc_hd__clkbuf_2)
     2    0.04                           clknet_2_1_0_clk (net)
                  0.24    0.00  300.93 ^ clkbuf_3_2_0_clk/A (sky130_fd_sc_hd__clkbuf_2)
                  0.14    0.20  301.13 ^ clkbuf_3_2_0_clk/X (sky130_fd_sc_hd__clkbuf_2)
     2    0.02                           clknet_3_2_0_clk (net)
                  0.14    0.00  301.13 ^ clkbuf_4_4_0_clk/A (sky130_fd_sc_hd__clkbuf_2)
                  0.71    0.53  301.66 ^ clkbuf_4_4_0_clk/X (sky130_fd_sc_hd__clkbuf_2)
    10    0.13                           clknet_4_4_0_clk (net)
                  0.71    0.00  301.67 ^ clkbuf_leaf_141_clk/A (sky130_fd_sc_hd__clkbuf_16)
                  0.09    0.27  301.94 ^ clkbuf_leaf_141_clk/X (sky130_fd_sc_hd__clkbuf_16)
    19    0.06                           clknet_leaf_141_clk (net)
                  0.09    0.00  301.94 ^ _10832_/CLK (sky130_fd_sc_hd__dfrtp_4)
                         -0.25  301.69   clock uncertainty
                          0.00  301.69   clock reconvergence pessimism
                         -0.68  301.01   library recovery time
                                301.01   data required time
-----------------------------------------------------------------------------
                                301.01   data required time
                                -61.47   data arrival time
-----------------------------------------------------------------------------
                                239.55   slack (MET)


Startpoint: rst (input port clocked by clk)
Endpoint: _10829_ (recovery check against rising-edge clock clk)
Path Group: **async_default**
Path Type: max

Fanout     Cap    Slew   Delay    Time   Description
-----------------------------------------------------------------------------
                          0.00    0.00   clock clk (rise edge)
                          0.00    0.00   clock network delay (propagated)
                         60.00   60.00 ^ input external delay
                  0.10    0.07   60.07 ^ rst (in)
     1    0.01                           rst (net)
                  0.10    0.00   60.07 ^ input1/A (sky130_fd_sc_hd__buf_12)
                  0.03    0.11   60.18 ^ input1/X (sky130_fd_sc_hd__buf_12)
    69    0.39                           net1 (net)
                  2.33    1.28   61.47 ^ _10829_/RESET_B (sky130_fd_sc_hd__dfrtp_4)
                                 61.47   data arrival time

                        300.00  300.00   clock clk (rise edge)
                          0.00  300.00   clock source latency
                  0.41    0.26  300.26 ^ clk (in)
     1    0.05                           clk (net)
                  0.41    0.00  300.26 ^ clkbuf_0_clk/A (sky130_fd_sc_hd__clkbuf_16)
                  0.05    0.21  300.47 ^ clkbuf_0_clk/X (sky130_fd_sc_hd__clkbuf_16)
     2    0.02                           clknet_0_clk (net)
                  0.05    0.00  300.47 ^ clkbuf_1_0_0_clk/A (sky130_fd_sc_hd__clkbuf_2)
                  0.20    0.20  300.66 ^ clkbuf_1_0_0_clk/X (sky130_fd_sc_hd__clkbuf_2)
     2    0.04                           clknet_1_0_0_clk (net)
                  0.20    0.00  300.67 ^ clkbuf_2_1_0_clk/A (sky130_fd_sc_hd__clkbuf_2)
                  0.24    0.26  300.92 ^ clkbuf_2_1_0_clk/X (sky130_fd_sc_hd__clkbuf_2)
     2    0.04                           clknet_2_1_0_clk (net)
                  0.24    0.00  300.93 ^ clkbuf_3_2_0_clk/A (sky130_fd_sc_hd__clkbuf_2)
                  0.14    0.20  301.13 ^ clkbuf_3_2_0_clk/X (sky130_fd_sc_hd__clkbuf_2)
     2    0.02                           clknet_3_2_0_clk (net)
                  0.14    0.00  301.13 ^ clkbuf_4_4_0_clk/A (sky130_fd_sc_hd__clkbuf_2)
                  0.71    0.53  301.66 ^ clkbuf_4_4_0_clk/X (sky130_fd_sc_hd__clkbuf_2)
    10    0.13                           clknet_4_4_0_clk (net)
                  0.71    0.00  301.67 ^ clkbuf_leaf_141_clk/A (sky130_fd_sc_hd__clkbuf_16)
                  0.09    0.27  301.94 ^ clkbuf_leaf_141_clk/X (sky130_fd_sc_hd__clkbuf_16)
    19    0.06                           clknet_leaf_141_clk (net)
                  0.09    0.00  301.94 ^ _10829_/CLK (sky130_fd_sc_hd__dfrtp_4)
                         -0.25  301.69   clock uncertainty
                          0.00  301.69   clock reconvergence pessimism
                         -0.68  301.01   library recovery time
                                301.01   data required time
-----------------------------------------------------------------------------
                                301.01   data required time
                                -61.47   data arrival time
-----------------------------------------------------------------------------
                                239.55   slack (MET)


Startpoint: rst (input port clocked by clk)
Endpoint: _10831_ (recovery check against rising-edge clock clk)
Path Group: **async_default**
Path Type: max

Fanout     Cap    Slew   Delay    Time   Description
-----------------------------------------------------------------------------
                          0.00    0.00   clock clk (rise edge)
                          0.00    0.00   clock network delay (propagated)
                         60.00   60.00 ^ input external delay
                  0.10    0.07   60.07 ^ rst (in)
     1    0.01                           rst (net)
                  0.10    0.00   60.07 ^ input1/A (sky130_fd_sc_hd__buf_12)
                  0.03    0.11   60.18 ^ input1/X (sky130_fd_sc_hd__buf_12)
    69    0.39                           net1 (net)
                  2.33    1.28   61.47 ^ _10831_/RESET_B (sky130_fd_sc_hd__dfrtp_4)
                                 61.47   data arrival time

                        300.00  300.00   clock clk (rise edge)
                          0.00  300.00   clock source latency
                  0.41    0.26  300.26 ^ clk (in)
     1    0.05                           clk (net)
                  0.41    0.00  300.26 ^ clkbuf_0_clk/A (sky130_fd_sc_hd__clkbuf_16)
                  0.05    0.21  300.47 ^ clkbuf_0_clk/X (sky130_fd_sc_hd__clkbuf_16)
     2    0.02                           clknet_0_clk (net)
                  0.05    0.00  300.47 ^ clkbuf_1_0_0_clk/A (sky130_fd_sc_hd__clkbuf_2)
                  0.20    0.20  300.66 ^ clkbuf_1_0_0_clk/X (sky130_fd_sc_hd__clkbuf_2)
     2    0.04                           clknet_1_0_0_clk (net)
                  0.20    0.00  300.67 ^ clkbuf_2_1_0_clk/A (sky130_fd_sc_hd__clkbuf_2)
                  0.24    0.26  300.92 ^ clkbuf_2_1_0_clk/X (sky130_fd_sc_hd__clkbuf_2)
     2    0.04                           clknet_2_1_0_clk (net)
                  0.24    0.00  300.93 ^ clkbuf_3_2_0_clk/A (sky130_fd_sc_hd__clkbuf_2)
                  0.14    0.20  301.13 ^ clkbuf_3_2_0_clk/X (sky130_fd_sc_hd__clkbuf_2)
     2    0.02                           clknet_3_2_0_clk (net)
                  0.14    0.00  301.13 ^ clkbuf_4_4_0_clk/A (sky130_fd_sc_hd__clkbuf_2)
                  0.71    0.53  301.66 ^ clkbuf_4_4_0_clk/X (sky130_fd_sc_hd__clkbuf_2)
    10    0.13                           clknet_4_4_0_clk (net)
                  0.71    0.00  301.67 ^ clkbuf_leaf_141_clk/A (sky130_fd_sc_hd__clkbuf_16)
                  0.09    0.27  301.94 ^ clkbuf_leaf_141_clk/X (sky130_fd_sc_hd__clkbuf_16)
    19    0.06                           clknet_leaf_141_clk (net)
                  0.09    0.00  301.94 ^ _10831_/CLK (sky130_fd_sc_hd__dfrtp_4)
                         -0.25  301.69   clock uncertainty
                          0.00  301.69   clock reconvergence pessimism
                         -0.68  301.02   library recovery time
                                301.02   data required time
-----------------------------------------------------------------------------
                                301.02   data required time
                                -61.47   data arrival time
-----------------------------------------------------------------------------
                                239.55   slack (MET)


Startpoint: rst (input port clocked by clk)
Endpoint: _10834_ (recovery check against rising-edge clock clk)
Path Group: **async_default**
Path Type: max

Fanout     Cap    Slew   Delay    Time   Description
-----------------------------------------------------------------------------
                          0.00    0.00   clock clk (rise edge)
                          0.00    0.00   clock network delay (propagated)
                         60.00   60.00 ^ input external delay
                  0.10    0.07   60.07 ^ rst (in)
     1    0.01                           rst (net)
                  0.10    0.00   60.07 ^ input1/A (sky130_fd_sc_hd__buf_12)
                  0.03    0.11   60.18 ^ input1/X (sky130_fd_sc_hd__buf_12)
    69    0.39                           net1 (net)
                  2.33    1.28   61.47 ^ _10834_/RESET_B (sky130_fd_sc_hd__dfrtp_4)
                                 61.47   data arrival time

                        300.00  300.00   clock clk (rise edge)
                          0.00  300.00   clock source latency
                  0.41    0.26  300.26 ^ clk (in)
     1    0.05                           clk (net)
                  0.41    0.00  300.26 ^ clkbuf_0_clk/A (sky130_fd_sc_hd__clkbuf_16)
                  0.05    0.21  300.47 ^ clkbuf_0_clk/X (sky130_fd_sc_hd__clkbuf_16)
     2    0.02                           clknet_0_clk (net)
                  0.05    0.00  300.47 ^ clkbuf_1_0_0_clk/A (sky130_fd_sc_hd__clkbuf_2)
                  0.20    0.20  300.66 ^ clkbuf_1_0_0_clk/X (sky130_fd_sc_hd__clkbuf_2)
     2    0.04                           clknet_1_0_0_clk (net)
                  0.20    0.00  300.67 ^ clkbuf_2_1_0_clk/A (sky130_fd_sc_hd__clkbuf_2)
                  0.24    0.26  300.92 ^ clkbuf_2_1_0_clk/X (sky130_fd_sc_hd__clkbuf_2)
     2    0.04                           clknet_2_1_0_clk (net)
                  0.24    0.00  300.93 ^ clkbuf_3_2_0_clk/A (sky130_fd_sc_hd__clkbuf_2)
                  0.14    0.20  301.13 ^ clkbuf_3_2_0_clk/X (sky130_fd_sc_hd__clkbuf_2)
     2    0.02                           clknet_3_2_0_clk (net)
                  0.14    0.00  301.13 ^ clkbuf_4_4_0_clk/A (sky130_fd_sc_hd__clkbuf_2)
                  0.71    0.53  301.66 ^ clkbuf_4_4_0_clk/X (sky130_fd_sc_hd__clkbuf_2)
    10    0.13                           clknet_4_4_0_clk (net)
                  0.71    0.00  301.67 ^ clkbuf_leaf_141_clk/A (sky130_fd_sc_hd__clkbuf_16)
                  0.09    0.27  301.94 ^ clkbuf_leaf_141_clk/X (sky130_fd_sc_hd__clkbuf_16)
    19    0.06                           clknet_leaf_141_clk (net)
                  0.09    0.00  301.94 ^ _10834_/CLK (sky130_fd_sc_hd__dfrtp_4)
                         -0.25  301.69   clock uncertainty
                          0.00  301.69   clock reconvergence pessimism
                         -0.68  301.02   library recovery time
                                301.02   data required time
-----------------------------------------------------------------------------
                                301.02   data required time
                                -61.47   data arrival time
-----------------------------------------------------------------------------
                                239.55   slack (MET)


Startpoint: _10827_ (rising edge-triggered flip-flop clocked by clk)
Endpoint: memory_bus[2] (output port clocked by clk)
Path Group: clk
Path Type: max

Fanout     Cap    Slew   Delay    Time   Description
-----------------------------------------------------------------------------
                          0.00    0.00   clock clk (rise edge)
                          0.00    0.00   clock source latency
                  0.41    0.32    0.32 ^ clk (in)
     1    0.05                           clk (net)
                  0.41    0.00    0.32 ^ clkbuf_0_clk/A (sky130_fd_sc_hd__clkbuf_16)
                  0.05    0.25    0.57 ^ clkbuf_0_clk/X (sky130_fd_sc_hd__clkbuf_16)
     2    0.02                           clknet_0_clk (net)
                  0.05    0.00    0.57 ^ clkbuf_1_0_0_clk/A (sky130_fd_sc_hd__clkbuf_2)
                  0.20    0.24    0.81 ^ clkbuf_1_0_0_clk/X (sky130_fd_sc_hd__clkbuf_2)
     2    0.04                           clknet_1_0_0_clk (net)
                  0.20    0.00    0.81 ^ clkbuf_2_1_0_clk/A (sky130_fd_sc_hd__clkbuf_2)
                  0.24    0.32    1.13 ^ clkbuf_2_1_0_clk/X (sky130_fd_sc_hd__clkbuf_2)
     2    0.04                           clknet_2_1_0_clk (net)
                  0.24    0.00    1.13 ^ clkbuf_3_2_0_clk/A (sky130_fd_sc_hd__clkbuf_2)
                  0.14    0.25    1.38 ^ clkbuf_3_2_0_clk/X (sky130_fd_sc_hd__clkbuf_2)
     2    0.02                           clknet_3_2_0_clk (net)
                  0.14    0.00    1.38 ^ clkbuf_4_4_0_clk/A (sky130_fd_sc_hd__clkbuf_2)
                  0.71    0.65    2.03 ^ clkbuf_4_4_0_clk/X (sky130_fd_sc_hd__clkbuf_2)
    10    0.13                           clknet_4_4_0_clk (net)
                  0.71    0.00    2.04 ^ clkbuf_leaf_141_clk/A (sky130_fd_sc_hd__clkbuf_16)
                  0.09    0.34    2.37 ^ clkbuf_leaf_141_clk/X (sky130_fd_sc_hd__clkbuf_16)
    19    0.06                           clknet_leaf_141_clk (net)
                  0.09    0.00    2.37 ^ _10827_/CLK (sky130_fd_sc_hd__dfrtp_4)
                  0.85    1.08    3.46 ^ _10827_/Q (sky130_fd_sc_hd__dfrtp_4)
    42    0.31                           net2 (net)
                  0.86    0.04    3.50 ^ repeater58/A (sky130_fd_sc_hd__buf_12)
                  0.45    0.45    3.95 ^ repeater58/X (sky130_fd_sc_hd__buf_12)
    58    0.40                           net58 (net)
                  0.45    0.01    3.97 ^ repeater57/A (sky130_fd_sc_hd__buf_12)
                  0.46    0.44    4.40 ^ repeater57/X (sky130_fd_sc_hd__buf_12)
    56    0.41                           net57 (net)
                  0.48    0.08    4.48 ^ repeater54/A (sky130_fd_sc_hd__buf_12)
                  0.50    0.47    4.95 ^ repeater54/X (sky130_fd_sc_hd__buf_12)
    67    0.45                           net54 (net)
                  0.55    0.13    5.08 ^ _08293_/S0 (sky130_fd_sc_hd__mux4_1)
                  0.13    0.76    5.84 v _08293_/X (sky130_fd_sc_hd__mux4_1)
     1    0.01                           _00282_ (net)
                  0.13    0.00    5.84 v _08297_/A0 (sky130_fd_sc_hd__mux4_2)
                  0.15    0.64    6.48 v _08297_/X (sky130_fd_sc_hd__mux4_2)
     1    0.03                           _00286_ (net)
                  0.15    0.00    6.48 v _08298_/A3 (sky130_fd_sc_hd__mux4_2)
                  0.17    0.68    7.16 v _08298_/X (sky130_fd_sc_hd__mux4_2)
     1    0.03                           _00287_ (net)
                  0.17    0.00    7.17 v _08341_/A1 (sky130_fd_sc_hd__mux4_2)
                  0.30    0.82    7.98 v _08341_/X (sky130_fd_sc_hd__mux4_2)
     3    0.09                           net28 (net)
                  0.30    0.02    8.00 v output28/A (sky130_fd_sc_hd__buf_2)
                  0.09    0.32    8.32 v output28/X (sky130_fd_sc_hd__buf_2)
     1    0.03                           memory_bus[2] (net)
                  0.09    0.00    8.32 v memory_bus[2] (out)
                                  8.32   data arrival time

                        300.00  300.00   clock clk (rise edge)
                          0.00  300.00   clock network delay (propagated)
                         -0.25  299.75   clock uncertainty
                          0.00  299.75   clock reconvergence pessimism
                        -60.00  239.75   output external delay
                                239.75   data required time
-----------------------------------------------------------------------------
                                239.75   data required time
                                 -8.32   data arrival time
-----------------------------------------------------------------------------
                                231.43   slack (MET)


Startpoint: _10827_ (rising edge-triggered flip-flop clocked by clk)
Endpoint: memory_bus[1] (output port clocked by clk)
Path Group: clk
Path Type: max

Fanout     Cap    Slew   Delay    Time   Description
-----------------------------------------------------------------------------
                          0.00    0.00   clock clk (rise edge)
                          0.00    0.00   clock source latency
                  0.41    0.32    0.32 ^ clk (in)
     1    0.05                           clk (net)
                  0.41    0.00    0.32 ^ clkbuf_0_clk/A (sky130_fd_sc_hd__clkbuf_16)
                  0.05    0.25    0.57 ^ clkbuf_0_clk/X (sky130_fd_sc_hd__clkbuf_16)
     2    0.02                           clknet_0_clk (net)
                  0.05    0.00    0.57 ^ clkbuf_1_0_0_clk/A (sky130_fd_sc_hd__clkbuf_2)
                  0.20    0.24    0.81 ^ clkbuf_1_0_0_clk/X (sky130_fd_sc_hd__clkbuf_2)
     2    0.04                           clknet_1_0_0_clk (net)
                  0.20    0.00    0.81 ^ clkbuf_2_1_0_clk/A (sky130_fd_sc_hd__clkbuf_2)
                  0.24    0.32    1.13 ^ clkbuf_2_1_0_clk/X (sky130_fd_sc_hd__clkbuf_2)
     2    0.04                           clknet_2_1_0_clk (net)
                  0.24    0.00    1.13 ^ clkbuf_3_2_0_clk/A (sky130_fd_sc_hd__clkbuf_2)
                  0.14    0.25    1.38 ^ clkbuf_3_2_0_clk/X (sky130_fd_sc_hd__clkbuf_2)
     2    0.02                           clknet_3_2_0_clk (net)
                  0.14    0.00    1.38 ^ clkbuf_4_4_0_clk/A (sky130_fd_sc_hd__clkbuf_2)
                  0.71    0.65    2.03 ^ clkbuf_4_4_0_clk/X (sky130_fd_sc_hd__clkbuf_2)
    10    0.13                           clknet_4_4_0_clk (net)
                  0.71    0.00    2.04 ^ clkbuf_leaf_141_clk/A (sky130_fd_sc_hd__clkbuf_16)
                  0.09    0.34    2.37 ^ clkbuf_leaf_141_clk/X (sky130_fd_sc_hd__clkbuf_16)
    19    0.06                           clknet_leaf_141_clk (net)
                  0.09    0.00    2.37 ^ _10827_/CLK (sky130_fd_sc_hd__dfrtp_4)
                  0.85    1.08    3.46 ^ _10827_/Q (sky130_fd_sc_hd__dfrtp_4)
    42    0.31                           net2 (net)
                  0.86    0.04    3.50 ^ repeater58/A (sky130_fd_sc_hd__buf_12)
                  0.45    0.45    3.95 ^ repeater58/X (sky130_fd_sc_hd__buf_12)
    58    0.40                           net58 (net)
                  0.45    0.01    3.97 ^ repeater57/A (sky130_fd_sc_hd__buf_12)
                  0.46    0.44    4.40 ^ repeater57/X (sky130_fd_sc_hd__buf_12)
    56    0.41                           net57 (net)
                  0.48    0.08    4.48 ^ repeater54/A (sky130_fd_sc_hd__buf_12)
                  0.50    0.47    4.95 ^ repeater54/X (sky130_fd_sc_hd__buf_12)
    67    0.45                           net54 (net)
                  0.55    0.13    5.08 ^ _08208_/S0 (sky130_fd_sc_hd__mux4_1)
                  0.13    0.76    5.83 v _08208_/X (sky130_fd_sc_hd__mux4_1)
     1    0.01                           _00198_ (net)
                  0.13    0.00    5.84 v _08212_/A0 (sky130_fd_sc_hd__mux4_2)
                  0.13    0.62    6.46 v _08212_/X (sky130_fd_sc_hd__mux4_2)
     1    0.02                           _00202_ (net)
                  0.13    0.00    6.46 v _08213_/A3 (sky130_fd_sc_hd__mux4_2)
                  0.12    0.62    7.08 v _08213_/X (sky130_fd_sc_hd__mux4_2)
     1    0.02                           _00203_ (net)
                  0.12    0.00    7.08 v _08256_/A1 (sky130_fd_sc_hd__mux4_2)
                  0.32    0.82    7.90 v _08256_/X (sky130_fd_sc_hd__mux4_2)
     5    0.10                           net27 (net)
                  0.32    0.02    7.92 v output27/A (sky130_fd_sc_hd__buf_2)
                  0.09    0.33    8.25 v output27/X (sky130_fd_sc_hd__buf_2)
     1    0.03                           memory_bus[1] (net)
                  0.09    0.00    8.25 v memory_bus[1] (out)
                                  8.25   data arrival time

                        300.00  300.00   clock clk (rise edge)
                          0.00  300.00   clock network delay (propagated)
                         -0.25  299.75   clock uncertainty
                          0.00  299.75   clock reconvergence pessimism
                        -60.00  239.75   output external delay
                                239.75   data required time
-----------------------------------------------------------------------------
                                239.75   data required time
                                 -8.25   data arrival time
-----------------------------------------------------------------------------
                                231.50   slack (MET)


Startpoint: _10827_ (rising edge-triggered flip-flop clocked by clk)
Endpoint: memory_bus[6] (output port clocked by clk)
Path Group: clk
Path Type: max

Fanout     Cap    Slew   Delay    Time   Description
-----------------------------------------------------------------------------
                          0.00    0.00   clock clk (rise edge)
                          0.00    0.00   clock source latency
                  0.41    0.32    0.32 ^ clk (in)
     1    0.05                           clk (net)
                  0.41    0.00    0.32 ^ clkbuf_0_clk/A (sky130_fd_sc_hd__clkbuf_16)
                  0.05    0.25    0.57 ^ clkbuf_0_clk/X (sky130_fd_sc_hd__clkbuf_16)
     2    0.02                           clknet_0_clk (net)
                  0.05    0.00    0.57 ^ clkbuf_1_0_0_clk/A (sky130_fd_sc_hd__clkbuf_2)
                  0.20    0.24    0.81 ^ clkbuf_1_0_0_clk/X (sky130_fd_sc_hd__clkbuf_2)
     2    0.04                           clknet_1_0_0_clk (net)
                  0.20    0.00    0.81 ^ clkbuf_2_1_0_clk/A (sky130_fd_sc_hd__clkbuf_2)
                  0.24    0.32    1.13 ^ clkbuf_2_1_0_clk/X (sky130_fd_sc_hd__clkbuf_2)
     2    0.04                           clknet_2_1_0_clk (net)
                  0.24    0.00    1.13 ^ clkbuf_3_2_0_clk/A (sky130_fd_sc_hd__clkbuf_2)
                  0.14    0.25    1.38 ^ clkbuf_3_2_0_clk/X (sky130_fd_sc_hd__clkbuf_2)
     2    0.02                           clknet_3_2_0_clk (net)
                  0.14    0.00    1.38 ^ clkbuf_4_4_0_clk/A (sky130_fd_sc_hd__clkbuf_2)
                  0.71    0.65    2.03 ^ clkbuf_4_4_0_clk/X (sky130_fd_sc_hd__clkbuf_2)
    10    0.13                           clknet_4_4_0_clk (net)
                  0.71    0.00    2.04 ^ clkbuf_leaf_141_clk/A (sky130_fd_sc_hd__clkbuf_16)
                  0.09    0.34    2.37 ^ clkbuf_leaf_141_clk/X (sky130_fd_sc_hd__clkbuf_16)
    19    0.06                           clknet_leaf_141_clk (net)
                  0.09    0.00    2.37 ^ _10827_/CLK (sky130_fd_sc_hd__dfrtp_4)
                  0.85    1.08    3.46 ^ _10827_/Q (sky130_fd_sc_hd__dfrtp_4)
    42    0.31                           net2 (net)
                  0.86    0.04    3.50 ^ repeater58/A (sky130_fd_sc_hd__buf_12)
                  0.45    0.45    3.95 ^ repeater58/X (sky130_fd_sc_hd__buf_12)
    58    0.40                           net58 (net)
                  0.45    0.01    3.97 ^ repeater57/A (sky130_fd_sc_hd__buf_12)
                  0.46    0.44    4.40 ^ repeater57/X (sky130_fd_sc_hd__buf_12)
    56    0.41                           net57 (net)
                  0.48    0.08    4.48 ^ repeater54/A (sky130_fd_sc_hd__buf_12)
                  0.50    0.47    4.95 ^ repeater54/X (sky130_fd_sc_hd__buf_12)
    67    0.45                           net54 (net)
                  0.55    0.13    5.09 ^ _08633_/S0 (sky130_fd_sc_hd__mux4_1)
                  0.11    0.73    5.82 v _08633_/X (sky130_fd_sc_hd__mux4_1)
     1    0.01                           _00618_ (net)
                  0.11    0.00    5.82 v _08637_/A0 (sky130_fd_sc_hd__mux4_2)
                  0.17    0.66    6.47 v _08637_/X (sky130_fd_sc_hd__mux4_2)
     2    0.03                           _00622_ (net)
                  0.17    0.01    6.48 v _08638_/A3 (sky130_fd_sc_hd__mux4_2)
                  0.13    0.65    7.13 v _08638_/X (sky130_fd_sc_hd__mux4_2)
     1    0.02                           _00623_ (net)
                  0.13    0.00    7.14 v _08681_/A1 (sky130_fd_sc_hd__mux4_2)
                  0.27    0.78    7.92 v _08681_/X (sky130_fd_sc_hd__mux4_2)
     4    0.08                           net32 (net)
                  0.27    0.01    7.93 v output32/A (sky130_fd_sc_hd__buf_2)
                  0.09    0.31    8.23 v output32/X (sky130_fd_sc_hd__buf_2)
     1    0.03                           memory_bus[6] (net)
                  0.09    0.00    8.23 v memory_bus[6] (out)
                                  8.23   data arrival time

                        300.00  300.00   clock clk (rise edge)
                          0.00  300.00   clock network delay (propagated)
                         -0.25  299.75   clock uncertainty
                          0.00  299.75   clock reconvergence pessimism
                        -60.00  239.75   output external delay
                                239.75   data required time
-----------------------------------------------------------------------------
                                239.75   data required time
                                 -8.23   data arrival time
-----------------------------------------------------------------------------
                                231.52   slack (MET)


Startpoint: _10827_ (rising edge-triggered flip-flop clocked by clk)
Endpoint: memory_bus[7] (output port clocked by clk)
Path Group: clk
Path Type: max

Fanout     Cap    Slew   Delay    Time   Description
-----------------------------------------------------------------------------
                          0.00    0.00   clock clk (rise edge)
                          0.00    0.00   clock source latency
                  0.41    0.32    0.32 ^ clk (in)
     1    0.05                           clk (net)
                  0.41    0.00    0.32 ^ clkbuf_0_clk/A (sky130_fd_sc_hd__clkbuf_16)
                  0.05    0.25    0.57 ^ clkbuf_0_clk/X (sky130_fd_sc_hd__clkbuf_16)
     2    0.02                           clknet_0_clk (net)
                  0.05    0.00    0.57 ^ clkbuf_1_0_0_clk/A (sky130_fd_sc_hd__clkbuf_2)
                  0.20    0.24    0.81 ^ clkbuf_1_0_0_clk/X (sky130_fd_sc_hd__clkbuf_2)
     2    0.04                           clknet_1_0_0_clk (net)
                  0.20    0.00    0.81 ^ clkbuf_2_1_0_clk/A (sky130_fd_sc_hd__clkbuf_2)
                  0.24    0.32    1.13 ^ clkbuf_2_1_0_clk/X (sky130_fd_sc_hd__clkbuf_2)
     2    0.04                           clknet_2_1_0_clk (net)
                  0.24    0.00    1.13 ^ clkbuf_3_2_0_clk/A (sky130_fd_sc_hd__clkbuf_2)
                  0.14    0.25    1.38 ^ clkbuf_3_2_0_clk/X (sky130_fd_sc_hd__clkbuf_2)
     2    0.02                           clknet_3_2_0_clk (net)
                  0.14    0.00    1.38 ^ clkbuf_4_4_0_clk/A (sky130_fd_sc_hd__clkbuf_2)
                  0.71    0.65    2.03 ^ clkbuf_4_4_0_clk/X (sky130_fd_sc_hd__clkbuf_2)
    10    0.13                           clknet_4_4_0_clk (net)
                  0.71    0.00    2.04 ^ clkbuf_leaf_141_clk/A (sky130_fd_sc_hd__clkbuf_16)
                  0.09    0.34    2.37 ^ clkbuf_leaf_141_clk/X (sky130_fd_sc_hd__clkbuf_16)
    19    0.06                           clknet_leaf_141_clk (net)
                  0.09    0.00    2.37 ^ _10827_/CLK (sky130_fd_sc_hd__dfrtp_4)
                  0.85    1.08    3.46 ^ _10827_/Q (sky130_fd_sc_hd__dfrtp_4)
    42    0.31                           net2 (net)
                  0.86    0.04    3.50 ^ repeater58/A (sky130_fd_sc_hd__buf_12)
                  0.45    0.45    3.95 ^ repeater58/X (sky130_fd_sc_hd__buf_12)
    58    0.40                           net58 (net)
                  0.45    0.01    3.97 ^ repeater57/A (sky130_fd_sc_hd__buf_12)
                  0.46    0.44    4.40 ^ repeater57/X (sky130_fd_sc_hd__buf_12)
    56    0.41                           net57 (net)
                  0.48    0.08    4.48 ^ repeater54/A (sky130_fd_sc_hd__buf_12)
                  0.50    0.47    4.95 ^ repeater54/X (sky130_fd_sc_hd__buf_12)
    67    0.45                           net54 (net)
                  0.54    0.11    5.06 ^ _08720_/S0 (sky130_fd_sc_hd__mux4_1)
                  0.12    0.75    5.82 v _08720_/X (sky130_fd_sc_hd__mux4_1)
     1    0.01                           _00704_ (net)
                  0.12    0.00    5.82 v _08722_/A2 (sky130_fd_sc_hd__mux4_2)
                  0.14    0.62    6.44 v _08722_/X (sky130_fd_sc_hd__mux4_2)
     1    0.02                           _00706_ (net)
                  0.14    0.00    6.44 v _08723_/A3 (sky130_fd_sc_hd__mux4_2)
                  0.13    0.63    7.08 v _08723_/X (sky130_fd_sc_hd__mux4_2)
     1    0.02                           _00707_ (net)
                  0.13    0.00    7.08 v _08766_/A1 (sky130_fd_sc_hd__mux4_2)
                  0.29    0.80    7.88 v _08766_/X (sky130_fd_sc_hd__mux4_2)
     3    0.09                           net33 (net)
                  0.29    0.01    7.89 v output33/A (sky130_fd_sc_hd__buf_2)
                  0.09    0.32    8.21 v output33/X (sky130_fd_sc_hd__buf_2)
     1    0.03                           memory_bus[7] (net)
                  0.09    0.00    8.21 v memory_bus[7] (out)
                                  8.21   data arrival time

                        300.00  300.00   clock clk (rise edge)
                          0.00  300.00   clock network delay (propagated)
                         -0.25  299.75   clock uncertainty
                          0.00  299.75   clock reconvergence pessimism
                        -60.00  239.75   output external delay
                                239.75   data required time
-----------------------------------------------------------------------------
                                239.75   data required time
                                 -8.21   data arrival time
-----------------------------------------------------------------------------
                                231.54   slack (MET)


Startpoint: _10827_ (rising edge-triggered flip-flop clocked by clk)
Endpoint: memory_bus[4] (output port clocked by clk)
Path Group: clk
Path Type: max

Fanout     Cap    Slew   Delay    Time   Description
-----------------------------------------------------------------------------
                          0.00    0.00   clock clk (rise edge)
                          0.00    0.00   clock source latency
                  0.41    0.32    0.32 ^ clk (in)
     1    0.05                           clk (net)
                  0.41    0.00    0.32 ^ clkbuf_0_clk/A (sky130_fd_sc_hd__clkbuf_16)
                  0.05    0.25    0.57 ^ clkbuf_0_clk/X (sky130_fd_sc_hd__clkbuf_16)
     2    0.02                           clknet_0_clk (net)
                  0.05    0.00    0.57 ^ clkbuf_1_0_0_clk/A (sky130_fd_sc_hd__clkbuf_2)
                  0.20    0.24    0.81 ^ clkbuf_1_0_0_clk/X (sky130_fd_sc_hd__clkbuf_2)
     2    0.04                           clknet_1_0_0_clk (net)
                  0.20    0.00    0.81 ^ clkbuf_2_1_0_clk/A (sky130_fd_sc_hd__clkbuf_2)
                  0.24    0.32    1.13 ^ clkbuf_2_1_0_clk/X (sky130_fd_sc_hd__clkbuf_2)
     2    0.04                           clknet_2_1_0_clk (net)
                  0.24    0.00    1.13 ^ clkbuf_3_2_0_clk/A (sky130_fd_sc_hd__clkbuf_2)
                  0.14    0.25    1.38 ^ clkbuf_3_2_0_clk/X (sky130_fd_sc_hd__clkbuf_2)
     2    0.02                           clknet_3_2_0_clk (net)
                  0.14    0.00    1.38 ^ clkbuf_4_4_0_clk/A (sky130_fd_sc_hd__clkbuf_2)
                  0.71    0.65    2.03 ^ clkbuf_4_4_0_clk/X (sky130_fd_sc_hd__clkbuf_2)
    10    0.13                           clknet_4_4_0_clk (net)
                  0.71    0.00    2.04 ^ clkbuf_leaf_141_clk/A (sky130_fd_sc_hd__clkbuf_16)
                  0.09    0.34    2.37 ^ clkbuf_leaf_141_clk/X (sky130_fd_sc_hd__clkbuf_16)
    19    0.06                           clknet_leaf_141_clk (net)
                  0.09    0.00    2.37 ^ _10827_/CLK (sky130_fd_sc_hd__dfrtp_4)
                  0.85    1.08    3.46 ^ _10827_/Q (sky130_fd_sc_hd__dfrtp_4)
    42    0.31                           net2 (net)
                  0.86    0.04    3.50 ^ repeater58/A (sky130_fd_sc_hd__buf_12)
                  0.45    0.45    3.95 ^ repeater58/X (sky130_fd_sc_hd__buf_12)
    58    0.40                           net58 (net)
                  0.45    0.01    3.97 ^ repeater57/A (sky130_fd_sc_hd__buf_12)
                  0.46    0.44    4.40 ^ repeater57/X (sky130_fd_sc_hd__buf_12)
    56    0.41                           net57 (net)
                  0.48    0.08    4.48 ^ repeater54/A (sky130_fd_sc_hd__buf_12)
                  0.50    0.47    4.95 ^ repeater54/X (sky130_fd_sc_hd__buf_12)
    67    0.45                           net54 (net)
                  0.54    0.11    5.06 ^ _08465_/S0 (sky130_fd_sc_hd__mux4_1)
                  0.13    0.75    5.82 v _08465_/X (sky130_fd_sc_hd__mux4_1)
     1    0.01                           _00452_ (net)
                  0.13    0.00    5.82 v _08467_/A2 (sky130_fd_sc_hd__mux4_2)
                  0.16    0.65    6.47 v _08467_/X (sky130_fd_sc_hd__mux4_2)
     2    0.03                           _00454_ (net)
                  0.16    0.00    6.48 v _08468_/A3 (sky130_fd_sc_hd__mux4_2)
                  0.17    0.69    7.17 v _08468_/X (sky130_fd_sc_hd__mux4_2)
     1    0.03                           _00455_ (net)
                  0.17    0.01    7.17 v _08511_/A1 (sky130_fd_sc_hd__mux4_2)
                  0.22    0.74    7.91 v _08511_/X (sky130_fd_sc_hd__mux4_2)
     2    0.06                           net30 (net)
                  0.22    0.01    7.92 v output30/A (sky130_fd_sc_hd__buf_2)
                  0.09    0.28    8.20 v output30/X (sky130_fd_sc_hd__buf_2)
     1    0.03                           memory_bus[4] (net)
                  0.09    0.00    8.21 v memory_bus[4] (out)
                                  8.21   data arrival time

                        300.00  300.00   clock clk (rise edge)
                          0.00  300.00   clock network delay (propagated)
                         -0.25  299.75   clock uncertainty
                          0.00  299.75   clock reconvergence pessimism
                        -60.00  239.75   output external delay
                                239.75   data required time
-----------------------------------------------------------------------------
                                239.75   data required time
                                 -8.21   data arrival time
-----------------------------------------------------------------------------
                                231.54   slack (MET)


