
===========================================================================
report_checks -path_delay max (Setup)
============================================================================
Startpoint: rst (input port clocked by clk)
Endpoint: _10837_ (recovery check against rising-edge clock clk)
Path Group: **async_default**
Path Type: max

Fanout     Cap    Slew   Delay    Time   Description
-----------------------------------------------------------------------------
                          0.00    0.00   clock clk (rise edge)
                          0.00    0.00   clock network delay (propagated)
                         60.00   60.00 ^ input external delay
                  0.09    0.06   60.06 ^ rst (in)
     1    0.01                           rst (net)
                  0.09    0.00   60.06 ^ input1/A (sky130_fd_sc_hd__buf_12)
                  0.29    0.32   60.38 ^ input1/X (sky130_fd_sc_hd__buf_12)
    69    0.25                           net1 (net)
                  0.29    0.00   60.38 ^ _10837_/RESET_B (sky130_fd_sc_hd__dfrtp_1)
                                 60.38   data arrival time

                        300.00  300.00   clock clk (rise edge)
                          0.00  300.00   clock source latency
                  0.07    0.04  300.04 ^ clk (in)
     1    0.01                           clk (net)
                  0.07    0.00  300.04 ^ clkbuf_0_clk/A (sky130_fd_sc_hd__clkbuf_16)
                  0.03    0.11  300.15 ^ clkbuf_0_clk/X (sky130_fd_sc_hd__clkbuf_16)
     2    0.00                           clknet_0_clk (net)
                  0.03    0.00  300.15 ^ clkbuf_1_0_0_clk/A (sky130_fd_sc_hd__clkbuf_2)
                  0.04    0.08  300.23 ^ clkbuf_1_0_0_clk/X (sky130_fd_sc_hd__clkbuf_2)
     2    0.00                           clknet_1_0_0_clk (net)
                  0.04    0.00  300.23 ^ clkbuf_2_1_0_clk/A (sky130_fd_sc_hd__clkbuf_2)
                  0.04    0.09  300.32 ^ clkbuf_2_1_0_clk/X (sky130_fd_sc_hd__clkbuf_2)
     2    0.00                           clknet_2_1_0_clk (net)
                  0.04    0.00  300.32 ^ clkbuf_3_2_0_clk/A (sky130_fd_sc_hd__clkbuf_2)
                  0.04    0.09  300.40 ^ clkbuf_3_2_0_clk/X (sky130_fd_sc_hd__clkbuf_2)
     2    0.00                           clknet_3_2_0_clk (net)
                  0.04    0.00  300.40 ^ clkbuf_4_4_0_clk/A (sky130_fd_sc_hd__clkbuf_2)
                  0.40    0.31  300.71 ^ clkbuf_4_4_0_clk/X (sky130_fd_sc_hd__clkbuf_2)
    10    0.07                           clknet_4_4_0_clk (net)
                  0.40    0.00  300.71 ^ _10837_/CLK (sky130_fd_sc_hd__dfrtp_1)
                         -0.25  300.46   clock uncertainty
                          0.00  300.46   clock reconvergence pessimism
                          0.28  300.74   library recovery time
                                300.74   data required time
-----------------------------------------------------------------------------
                                300.74   data required time
                                -60.38   data arrival time
-----------------------------------------------------------------------------
                                240.36   slack (MET)


Startpoint: rst (input port clocked by clk)
Endpoint: _10821_ (recovery check against rising-edge clock clk)
Path Group: **async_default**
Path Type: max

Fanout     Cap    Slew   Delay    Time   Description
-----------------------------------------------------------------------------
                          0.00    0.00   clock clk (rise edge)
                          0.00    0.00   clock network delay (propagated)
                         60.00   60.00 ^ input external delay
                  0.09    0.06   60.06 ^ rst (in)
     1    0.01                           rst (net)
                  0.09    0.00   60.06 ^ input1/A (sky130_fd_sc_hd__buf_12)
                  0.29    0.32   60.38 ^ input1/X (sky130_fd_sc_hd__buf_12)
    69    0.25                           net1 (net)
                  0.29    0.00   60.38 ^ _10821_/RESET_B (sky130_fd_sc_hd__dfrtp_4)
                                 60.38   data arrival time

                        300.00  300.00   clock clk (rise edge)
                          0.00  300.00   clock source latency
                  0.07    0.04  300.04 ^ clk (in)
     1    0.01                           clk (net)
                  0.07    0.00  300.04 ^ clkbuf_0_clk/A (sky130_fd_sc_hd__clkbuf_16)
                  0.03    0.11  300.15 ^ clkbuf_0_clk/X (sky130_fd_sc_hd__clkbuf_16)
     2    0.00                           clknet_0_clk (net)
                  0.03    0.00  300.15 ^ clkbuf_1_0_0_clk/A (sky130_fd_sc_hd__clkbuf_2)
                  0.04    0.08  300.23 ^ clkbuf_1_0_0_clk/X (sky130_fd_sc_hd__clkbuf_2)
     2    0.00                           clknet_1_0_0_clk (net)
                  0.04    0.00  300.23 ^ clkbuf_2_1_0_clk/A (sky130_fd_sc_hd__clkbuf_2)
                  0.04    0.09  300.32 ^ clkbuf_2_1_0_clk/X (sky130_fd_sc_hd__clkbuf_2)
     2    0.00                           clknet_2_1_0_clk (net)
                  0.04    0.00  300.32 ^ clkbuf_3_2_0_clk/A (sky130_fd_sc_hd__clkbuf_2)
                  0.04    0.09  300.40 ^ clkbuf_3_2_0_clk/X (sky130_fd_sc_hd__clkbuf_2)
     2    0.00                           clknet_3_2_0_clk (net)
                  0.04    0.00  300.40 ^ clkbuf_4_4_0_clk/A (sky130_fd_sc_hd__clkbuf_2)
                  0.40    0.31  300.71 ^ clkbuf_4_4_0_clk/X (sky130_fd_sc_hd__clkbuf_2)
    10    0.07                           clknet_4_4_0_clk (net)
                  0.40    0.00  300.71 ^ clkbuf_leaf_135_clk/A (sky130_fd_sc_hd__clkbuf_16)
                  0.04    0.19  300.90 ^ clkbuf_leaf_135_clk/X (sky130_fd_sc_hd__clkbuf_16)
     5    0.01                           clknet_leaf_135_clk (net)
                  0.04    0.00  300.90 ^ _10821_/CLK (sky130_fd_sc_hd__dfrtp_4)
                         -0.25  300.65   clock uncertainty
                          0.00  300.65   clock reconvergence pessimism
                          0.14  300.79   library recovery time
                                300.79   data required time
-----------------------------------------------------------------------------
                                300.79   data required time
                                -60.38   data arrival time
-----------------------------------------------------------------------------
                                240.41   slack (MET)


Startpoint: rst (input port clocked by clk)
Endpoint: _10815_ (recovery check against rising-edge clock clk)
Path Group: **async_default**
Path Type: max

Fanout     Cap    Slew   Delay    Time   Description
-----------------------------------------------------------------------------
                          0.00    0.00   clock clk (rise edge)
                          0.00    0.00   clock network delay (propagated)
                         60.00   60.00 ^ input external delay
                  0.09    0.06   60.06 ^ rst (in)
     1    0.01                           rst (net)
                  0.09    0.00   60.06 ^ input1/A (sky130_fd_sc_hd__buf_12)
                  0.29    0.32   60.38 ^ input1/X (sky130_fd_sc_hd__buf_12)
    69    0.25                           net1 (net)
                  0.29    0.00   60.38 ^ _10815_/RESET_B (sky130_fd_sc_hd__dfrtp_4)
                                 60.38   data arrival time

                        300.00  300.00   clock clk (rise edge)
                          0.00  300.00   clock source latency
                  0.07    0.04  300.04 ^ clk (in)
     1    0.01                           clk (net)
                  0.07    0.00  300.04 ^ clkbuf_0_clk/A (sky130_fd_sc_hd__clkbuf_16)
                  0.03    0.11  300.15 ^ clkbuf_0_clk/X (sky130_fd_sc_hd__clkbuf_16)
     2    0.00                           clknet_0_clk (net)
                  0.03    0.00  300.15 ^ clkbuf_1_0_0_clk/A (sky130_fd_sc_hd__clkbuf_2)
                  0.04    0.08  300.23 ^ clkbuf_1_0_0_clk/X (sky130_fd_sc_hd__clkbuf_2)
     2    0.00                           clknet_1_0_0_clk (net)
                  0.04    0.00  300.23 ^ clkbuf_2_1_0_clk/A (sky130_fd_sc_hd__clkbuf_2)
                  0.04    0.09  300.32 ^ clkbuf_2_1_0_clk/X (sky130_fd_sc_hd__clkbuf_2)
     2    0.00                           clknet_2_1_0_clk (net)
                  0.04    0.00  300.32 ^ clkbuf_3_2_0_clk/A (sky130_fd_sc_hd__clkbuf_2)
                  0.04    0.09  300.40 ^ clkbuf_3_2_0_clk/X (sky130_fd_sc_hd__clkbuf_2)
     2    0.00                           clknet_3_2_0_clk (net)
                  0.04    0.00  300.40 ^ clkbuf_4_4_0_clk/A (sky130_fd_sc_hd__clkbuf_2)
                  0.40    0.31  300.71 ^ clkbuf_4_4_0_clk/X (sky130_fd_sc_hd__clkbuf_2)
    10    0.07                           clknet_4_4_0_clk (net)
                  0.40    0.00  300.71 ^ clkbuf_leaf_136_clk/A (sky130_fd_sc_hd__clkbuf_16)
                  0.05    0.20  300.92 ^ clkbuf_leaf_136_clk/X (sky130_fd_sc_hd__clkbuf_16)
    12    0.02                           clknet_leaf_136_clk (net)
                  0.05    0.00  300.92 ^ _10815_/CLK (sky130_fd_sc_hd__dfrtp_4)
                         -0.25  300.67   clock uncertainty
                          0.00  300.67   clock reconvergence pessimism
                          0.14  300.81   library recovery time
                                300.81   data required time
-----------------------------------------------------------------------------
                                300.81   data required time
                                -60.38   data arrival time
-----------------------------------------------------------------------------
                                240.42   slack (MET)


Startpoint: rst (input port clocked by clk)
Endpoint: _10819_ (recovery check against rising-edge clock clk)
Path Group: **async_default**
Path Type: max

Fanout     Cap    Slew   Delay    Time   Description
-----------------------------------------------------------------------------
                          0.00    0.00   clock clk (rise edge)
                          0.00    0.00   clock network delay (propagated)
                         60.00   60.00 ^ input external delay
                  0.09    0.06   60.06 ^ rst (in)
     1    0.01                           rst (net)
                  0.09    0.00   60.06 ^ input1/A (sky130_fd_sc_hd__buf_12)
                  0.29    0.32   60.38 ^ input1/X (sky130_fd_sc_hd__buf_12)
    69    0.25                           net1 (net)
                  0.29    0.00   60.38 ^ _10819_/RESET_B (sky130_fd_sc_hd__dfrtp_4)
                                 60.38   data arrival time

                        300.00  300.00   clock clk (rise edge)
                          0.00  300.00   clock source latency
                  0.07    0.04  300.04 ^ clk (in)
     1    0.01                           clk (net)
                  0.07    0.00  300.04 ^ clkbuf_0_clk/A (sky130_fd_sc_hd__clkbuf_16)
                  0.03    0.11  300.15 ^ clkbuf_0_clk/X (sky130_fd_sc_hd__clkbuf_16)
     2    0.00                           clknet_0_clk (net)
                  0.03    0.00  300.15 ^ clkbuf_1_0_0_clk/A (sky130_fd_sc_hd__clkbuf_2)
                  0.04    0.08  300.23 ^ clkbuf_1_0_0_clk/X (sky130_fd_sc_hd__clkbuf_2)
     2    0.00                           clknet_1_0_0_clk (net)
                  0.04    0.00  300.23 ^ clkbuf_2_1_0_clk/A (sky130_fd_sc_hd__clkbuf_2)
                  0.04    0.09  300.32 ^ clkbuf_2_1_0_clk/X (sky130_fd_sc_hd__clkbuf_2)
     2    0.00                           clknet_2_1_0_clk (net)
                  0.04    0.00  300.32 ^ clkbuf_3_2_0_clk/A (sky130_fd_sc_hd__clkbuf_2)
                  0.04    0.09  300.40 ^ clkbuf_3_2_0_clk/X (sky130_fd_sc_hd__clkbuf_2)
     2    0.00                           clknet_3_2_0_clk (net)
                  0.04    0.00  300.40 ^ clkbuf_4_4_0_clk/A (sky130_fd_sc_hd__clkbuf_2)
                  0.40    0.31  300.71 ^ clkbuf_4_4_0_clk/X (sky130_fd_sc_hd__clkbuf_2)
    10    0.07                           clknet_4_4_0_clk (net)
                  0.40    0.00  300.71 ^ clkbuf_leaf_136_clk/A (sky130_fd_sc_hd__clkbuf_16)
                  0.05    0.20  300.92 ^ clkbuf_leaf_136_clk/X (sky130_fd_sc_hd__clkbuf_16)
    12    0.02                           clknet_leaf_136_clk (net)
                  0.05    0.00  300.92 ^ _10819_/CLK (sky130_fd_sc_hd__dfrtp_4)
                         -0.25  300.67   clock uncertainty
                          0.00  300.67   clock reconvergence pessimism
                          0.14  300.81   library recovery time
                                300.81   data required time
-----------------------------------------------------------------------------
                                300.81   data required time
                                -60.38   data arrival time
-----------------------------------------------------------------------------
                                240.42   slack (MET)


Startpoint: rst (input port clocked by clk)
Endpoint: _10822_ (recovery check against rising-edge clock clk)
Path Group: **async_default**
Path Type: max

Fanout     Cap    Slew   Delay    Time   Description
-----------------------------------------------------------------------------
                          0.00    0.00   clock clk (rise edge)
                          0.00    0.00   clock network delay (propagated)
                         60.00   60.00 ^ input external delay
                  0.09    0.06   60.06 ^ rst (in)
     1    0.01                           rst (net)
                  0.09    0.00   60.06 ^ input1/A (sky130_fd_sc_hd__buf_12)
                  0.29    0.32   60.38 ^ input1/X (sky130_fd_sc_hd__buf_12)
    69    0.25                           net1 (net)
                  0.29    0.00   60.38 ^ _10822_/RESET_B (sky130_fd_sc_hd__dfrtp_4)
                                 60.38   data arrival time

                        300.00  300.00   clock clk (rise edge)
                          0.00  300.00   clock source latency
                  0.07    0.04  300.04 ^ clk (in)
     1    0.01                           clk (net)
                  0.07    0.00  300.04 ^ clkbuf_0_clk/A (sky130_fd_sc_hd__clkbuf_16)
                  0.03    0.11  300.15 ^ clkbuf_0_clk/X (sky130_fd_sc_hd__clkbuf_16)
     2    0.00                           clknet_0_clk (net)
                  0.03    0.00  300.15 ^ clkbuf_1_0_0_clk/A (sky130_fd_sc_hd__clkbuf_2)
                  0.04    0.08  300.23 ^ clkbuf_1_0_0_clk/X (sky130_fd_sc_hd__clkbuf_2)
     2    0.00                           clknet_1_0_0_clk (net)
                  0.04    0.00  300.23 ^ clkbuf_2_1_0_clk/A (sky130_fd_sc_hd__clkbuf_2)
                  0.04    0.09  300.32 ^ clkbuf_2_1_0_clk/X (sky130_fd_sc_hd__clkbuf_2)
     2    0.00                           clknet_2_1_0_clk (net)
                  0.04    0.00  300.32 ^ clkbuf_3_2_0_clk/A (sky130_fd_sc_hd__clkbuf_2)
                  0.04    0.09  300.40 ^ clkbuf_3_2_0_clk/X (sky130_fd_sc_hd__clkbuf_2)
     2    0.00                           clknet_3_2_0_clk (net)
                  0.04    0.00  300.40 ^ clkbuf_4_4_0_clk/A (sky130_fd_sc_hd__clkbuf_2)
                  0.40    0.31  300.71 ^ clkbuf_4_4_0_clk/X (sky130_fd_sc_hd__clkbuf_2)
    10    0.07                           clknet_4_4_0_clk (net)
                  0.40    0.00  300.71 ^ clkbuf_leaf_136_clk/A (sky130_fd_sc_hd__clkbuf_16)
                  0.05    0.20  300.92 ^ clkbuf_leaf_136_clk/X (sky130_fd_sc_hd__clkbuf_16)
    12    0.02                           clknet_leaf_136_clk (net)
                  0.05    0.00  300.92 ^ _10822_/CLK (sky130_fd_sc_hd__dfrtp_4)
                         -0.25  300.67   clock uncertainty
                          0.00  300.67   clock reconvergence pessimism
                          0.14  300.81   library recovery time
                                300.81   data required time
-----------------------------------------------------------------------------
                                300.81   data required time
                                -60.38   data arrival time
-----------------------------------------------------------------------------
                                240.42   slack (MET)


Startpoint: _10827_ (rising edge-triggered flip-flop clocked by clk)
Endpoint: memory_bus[1] (output port clocked by clk)
Path Group: clk
Path Type: max

Fanout     Cap    Slew   Delay    Time   Description
-----------------------------------------------------------------------------
                          0.00    0.00   clock clk (rise edge)
                          0.00    0.00   clock source latency
                  0.07    0.05    0.05 ^ clk (in)
     1    0.01                           clk (net)
                  0.07    0.00    0.05 ^ clkbuf_0_clk/A (sky130_fd_sc_hd__clkbuf_16)
                  0.03    0.13    0.18 ^ clkbuf_0_clk/X (sky130_fd_sc_hd__clkbuf_16)
     2    0.00                           clknet_0_clk (net)
                  0.03    0.00    0.18 ^ clkbuf_1_0_0_clk/A (sky130_fd_sc_hd__clkbuf_2)
                  0.04    0.10    0.29 ^ clkbuf_1_0_0_clk/X (sky130_fd_sc_hd__clkbuf_2)
     2    0.00                           clknet_1_0_0_clk (net)
                  0.04    0.00    0.29 ^ clkbuf_2_1_0_clk/A (sky130_fd_sc_hd__clkbuf_2)
                  0.04    0.10    0.39 ^ clkbuf_2_1_0_clk/X (sky130_fd_sc_hd__clkbuf_2)
     2    0.00                           clknet_2_1_0_clk (net)
                  0.04    0.00    0.39 ^ clkbuf_3_2_0_clk/A (sky130_fd_sc_hd__clkbuf_2)
                  0.04    0.10    0.49 ^ clkbuf_3_2_0_clk/X (sky130_fd_sc_hd__clkbuf_2)
     2    0.00                           clknet_3_2_0_clk (net)
                  0.04    0.00    0.49 ^ clkbuf_4_4_0_clk/A (sky130_fd_sc_hd__clkbuf_2)
                  0.40    0.38    0.87 ^ clkbuf_4_4_0_clk/X (sky130_fd_sc_hd__clkbuf_2)
    10    0.07                           clknet_4_4_0_clk (net)
                  0.40    0.00    0.87 ^ clkbuf_leaf_141_clk/A (sky130_fd_sc_hd__clkbuf_16)
                  0.06    0.26    1.13 ^ clkbuf_leaf_141_clk/X (sky130_fd_sc_hd__clkbuf_16)
    19    0.04                           clknet_leaf_141_clk (net)
                  0.06    0.00    1.13 ^ _10827_/CLK (sky130_fd_sc_hd__dfrtp_4)
                  0.55    0.87    2.01 ^ _10827_/Q (sky130_fd_sc_hd__dfrtp_4)
    42    0.20                           net2 (net)
                  0.55    0.00    2.01 ^ repeater58/A (sky130_fd_sc_hd__buf_12)
                  0.29    0.40    2.41 ^ repeater58/X (sky130_fd_sc_hd__buf_12)
    58    0.25                           net58 (net)
                  0.29    0.00    2.41 ^ repeater57/A (sky130_fd_sc_hd__buf_12)
                  0.28    0.36    2.77 ^ repeater57/X (sky130_fd_sc_hd__buf_12)
    56    0.24                           net57 (net)
                  0.28    0.00    2.77 ^ repeater54/A (sky130_fd_sc_hd__buf_12)
                  0.32    0.39    3.16 ^ repeater54/X (sky130_fd_sc_hd__buf_12)
    67    0.28                           net54 (net)
                  0.32    0.00    3.16 ^ _08173_/S0 (sky130_fd_sc_hd__mux4_1)
                  0.08    0.63    3.79 v _08173_/X (sky130_fd_sc_hd__mux4_1)
     1    0.00                           _00163_ (net)
                  0.08    0.00    3.79 v _08176_/A1 (sky130_fd_sc_hd__mux4_1)
                  0.08    0.54    4.33 v _08176_/X (sky130_fd_sc_hd__mux4_1)
     1    0.00                           _00166_ (net)
                  0.08    0.00    4.33 v _08192_/A0 (sky130_fd_sc_hd__mux4_1)
                  0.08    0.52    4.85 v _08192_/X (sky130_fd_sc_hd__mux4_1)
     1    0.00                           _00182_ (net)
                  0.08    0.00    4.85 v _08256_/A0 (sky130_fd_sc_hd__mux4_2)
                  0.08    0.50    5.35 v _08256_/X (sky130_fd_sc_hd__mux4_2)
     2    0.00                           net27 (net)
                  0.08    0.00    5.35 v output27/A (sky130_fd_sc_hd__buf_2)
                  0.09    0.22    5.57 v output27/X (sky130_fd_sc_hd__buf_2)
     1    0.03                           memory_bus[1] (net)
                  0.09    0.00    5.57 v memory_bus[1] (out)
                                  5.57   data arrival time

                        300.00  300.00   clock clk (rise edge)
                          0.00  300.00   clock network delay (propagated)
                         -0.25  299.75   clock uncertainty
                          0.00  299.75   clock reconvergence pessimism
                        -60.00  239.75   output external delay
                                239.75   data required time
-----------------------------------------------------------------------------
                                239.75   data required time
                                 -5.57   data arrival time
-----------------------------------------------------------------------------
                                234.18   slack (MET)


Startpoint: _10827_ (rising edge-triggered flip-flop clocked by clk)
Endpoint: memory_bus[3] (output port clocked by clk)
Path Group: clk
Path Type: max

Fanout     Cap    Slew   Delay    Time   Description
-----------------------------------------------------------------------------
                          0.00    0.00   clock clk (rise edge)
                          0.00    0.00   clock source latency
                  0.07    0.05    0.05 ^ clk (in)
     1    0.01                           clk (net)
                  0.07    0.00    0.05 ^ clkbuf_0_clk/A (sky130_fd_sc_hd__clkbuf_16)
                  0.03    0.13    0.18 ^ clkbuf_0_clk/X (sky130_fd_sc_hd__clkbuf_16)
     2    0.00                           clknet_0_clk (net)
                  0.03    0.00    0.18 ^ clkbuf_1_0_0_clk/A (sky130_fd_sc_hd__clkbuf_2)
                  0.04    0.10    0.29 ^ clkbuf_1_0_0_clk/X (sky130_fd_sc_hd__clkbuf_2)
     2    0.00                           clknet_1_0_0_clk (net)
                  0.04    0.00    0.29 ^ clkbuf_2_1_0_clk/A (sky130_fd_sc_hd__clkbuf_2)
                  0.04    0.10    0.39 ^ clkbuf_2_1_0_clk/X (sky130_fd_sc_hd__clkbuf_2)
     2    0.00                           clknet_2_1_0_clk (net)
                  0.04    0.00    0.39 ^ clkbuf_3_2_0_clk/A (sky130_fd_sc_hd__clkbuf_2)
                  0.04    0.10    0.49 ^ clkbuf_3_2_0_clk/X (sky130_fd_sc_hd__clkbuf_2)
     2    0.00                           clknet_3_2_0_clk (net)
                  0.04    0.00    0.49 ^ clkbuf_4_4_0_clk/A (sky130_fd_sc_hd__clkbuf_2)
                  0.40    0.38    0.87 ^ clkbuf_4_4_0_clk/X (sky130_fd_sc_hd__clkbuf_2)
    10    0.07                           clknet_4_4_0_clk (net)
                  0.40    0.00    0.87 ^ clkbuf_leaf_141_clk/A (sky130_fd_sc_hd__clkbuf_16)
                  0.06    0.26    1.13 ^ clkbuf_leaf_141_clk/X (sky130_fd_sc_hd__clkbuf_16)
    19    0.04                           clknet_leaf_141_clk (net)
                  0.06    0.00    1.13 ^ _10827_/CLK (sky130_fd_sc_hd__dfrtp_4)
                  0.55    0.87    2.01 ^ _10827_/Q (sky130_fd_sc_hd__dfrtp_4)
    42    0.20                           net2 (net)
                  0.55    0.00    2.01 ^ repeater58/A (sky130_fd_sc_hd__buf_12)
                  0.29    0.40    2.41 ^ repeater58/X (sky130_fd_sc_hd__buf_12)
    58    0.25                           net58 (net)
                  0.29    0.00    2.41 ^ repeater57/A (sky130_fd_sc_hd__buf_12)
                  0.28    0.36    2.77 ^ repeater57/X (sky130_fd_sc_hd__buf_12)
    56    0.24                           net57 (net)
                  0.28    0.00    2.77 ^ repeater54/A (sky130_fd_sc_hd__buf_12)
                  0.32    0.39    3.16 ^ repeater54/X (sky130_fd_sc_hd__buf_12)
    67    0.28                           net54 (net)
                  0.32    0.00    3.16 ^ _08343_/S0 (sky130_fd_sc_hd__mux4_1)
                  0.08    0.63    3.79 v _08343_/X (sky130_fd_sc_hd__mux4_1)
     1    0.00                           _00331_ (net)
                  0.08    0.00    3.79 v _08346_/A1 (sky130_fd_sc_hd__mux4_1)
                  0.08    0.54    4.33 v _08346_/X (sky130_fd_sc_hd__mux4_1)
     1    0.00                           _00334_ (net)
                  0.08    0.00    4.33 v _08362_/A0 (sky130_fd_sc_hd__mux4_1)
                  0.08    0.52    4.85 v _08362_/X (sky130_fd_sc_hd__mux4_1)
     1    0.00                           _00350_ (net)
                  0.08    0.00    4.85 v _08426_/A0 (sky130_fd_sc_hd__mux4_2)
                  0.08    0.50    5.35 v _08426_/X (sky130_fd_sc_hd__mux4_2)
     2    0.00                           net29 (net)
                  0.08    0.00    5.35 v output29/A (sky130_fd_sc_hd__buf_2)
                  0.09    0.22    5.57 v output29/X (sky130_fd_sc_hd__buf_2)
     1    0.03                           memory_bus[3] (net)
                  0.09    0.00    5.57 v memory_bus[3] (out)
                                  5.57   data arrival time

                        300.00  300.00   clock clk (rise edge)
                          0.00  300.00   clock network delay (propagated)
                         -0.25  299.75   clock uncertainty
                          0.00  299.75   clock reconvergence pessimism
                        -60.00  239.75   output external delay
                                239.75   data required time
-----------------------------------------------------------------------------
                                239.75   data required time
                                 -5.57   data arrival time
-----------------------------------------------------------------------------
                                234.18   slack (MET)


Startpoint: _10827_ (rising edge-triggered flip-flop clocked by clk)
Endpoint: memory_bus[4] (output port clocked by clk)
Path Group: clk
Path Type: max

Fanout     Cap    Slew   Delay    Time   Description
-----------------------------------------------------------------------------
                          0.00    0.00   clock clk (rise edge)
                          0.00    0.00   clock source latency
                  0.07    0.05    0.05 ^ clk (in)
     1    0.01                           clk (net)
                  0.07    0.00    0.05 ^ clkbuf_0_clk/A (sky130_fd_sc_hd__clkbuf_16)
                  0.03    0.13    0.18 ^ clkbuf_0_clk/X (sky130_fd_sc_hd__clkbuf_16)
     2    0.00                           clknet_0_clk (net)
                  0.03    0.00    0.18 ^ clkbuf_1_0_0_clk/A (sky130_fd_sc_hd__clkbuf_2)
                  0.04    0.10    0.29 ^ clkbuf_1_0_0_clk/X (sky130_fd_sc_hd__clkbuf_2)
     2    0.00                           clknet_1_0_0_clk (net)
                  0.04    0.00    0.29 ^ clkbuf_2_1_0_clk/A (sky130_fd_sc_hd__clkbuf_2)
                  0.04    0.10    0.39 ^ clkbuf_2_1_0_clk/X (sky130_fd_sc_hd__clkbuf_2)
     2    0.00                           clknet_2_1_0_clk (net)
                  0.04    0.00    0.39 ^ clkbuf_3_2_0_clk/A (sky130_fd_sc_hd__clkbuf_2)
                  0.04    0.10    0.49 ^ clkbuf_3_2_0_clk/X (sky130_fd_sc_hd__clkbuf_2)
     2    0.00                           clknet_3_2_0_clk (net)
                  0.04    0.00    0.49 ^ clkbuf_4_4_0_clk/A (sky130_fd_sc_hd__clkbuf_2)
                  0.40    0.38    0.87 ^ clkbuf_4_4_0_clk/X (sky130_fd_sc_hd__clkbuf_2)
    10    0.07                           clknet_4_4_0_clk (net)
                  0.40    0.00    0.87 ^ clkbuf_leaf_141_clk/A (sky130_fd_sc_hd__clkbuf_16)
                  0.06    0.26    1.13 ^ clkbuf_leaf_141_clk/X (sky130_fd_sc_hd__clkbuf_16)
    19    0.04                           clknet_leaf_141_clk (net)
                  0.06    0.00    1.13 ^ _10827_/CLK (sky130_fd_sc_hd__dfrtp_4)
                  0.55    0.87    2.01 ^ _10827_/Q (sky130_fd_sc_hd__dfrtp_4)
    42    0.20                           net2 (net)
                  0.55    0.00    2.01 ^ repeater58/A (sky130_fd_sc_hd__buf_12)
                  0.29    0.40    2.41 ^ repeater58/X (sky130_fd_sc_hd__buf_12)
    58    0.25                           net58 (net)
                  0.29    0.00    2.41 ^ repeater57/A (sky130_fd_sc_hd__buf_12)
                  0.28    0.36    2.77 ^ repeater57/X (sky130_fd_sc_hd__buf_12)
    56    0.24                           net57 (net)
                  0.28    0.00    2.77 ^ repeater54/A (sky130_fd_sc_hd__buf_12)
                  0.32    0.39    3.16 ^ repeater54/X (sky130_fd_sc_hd__buf_12)
    67    0.28                           net54 (net)
                  0.32    0.00    3.16 ^ _08428_/S0 (sky130_fd_sc_hd__mux4_1)
                  0.08    0.63    3.79 v _08428_/X (sky130_fd_sc_hd__mux4_1)
     1    0.00                           _00415_ (net)
                  0.08    0.00    3.79 v _08431_/A1 (sky130_fd_sc_hd__mux4_1)
                  0.08    0.54    4.33 v _08431_/X (sky130_fd_sc_hd__mux4_1)
     1    0.00                           _00418_ (net)
                  0.08    0.00    4.33 v _08447_/A0 (sky130_fd_sc_hd__mux4_1)
                  0.08    0.52    4.85 v _08447_/X (sky130_fd_sc_hd__mux4_1)
     1    0.00                           _00434_ (net)
                  0.08    0.00    4.85 v _08511_/A0 (sky130_fd_sc_hd__mux4_2)
                  0.08    0.50    5.35 v _08511_/X (sky130_fd_sc_hd__mux4_2)
     2    0.00                           net30 (net)
                  0.08    0.00    5.35 v output30/A (sky130_fd_sc_hd__buf_2)
                  0.09    0.22    5.57 v output30/X (sky130_fd_sc_hd__buf_2)
     1    0.03                           memory_bus[4] (net)
                  0.09    0.00    5.57 v memory_bus[4] (out)
                                  5.57   data arrival time

                        300.00  300.00   clock clk (rise edge)
                          0.00  300.00   clock network delay (propagated)
                         -0.25  299.75   clock uncertainty
                          0.00  299.75   clock reconvergence pessimism
                        -60.00  239.75   output external delay
                                239.75   data required time
-----------------------------------------------------------------------------
                                239.75   data required time
                                 -5.57   data arrival time
-----------------------------------------------------------------------------
                                234.18   slack (MET)


Startpoint: _10827_ (rising edge-triggered flip-flop clocked by clk)
Endpoint: memory_bus[2] (output port clocked by clk)
Path Group: clk
Path Type: max

Fanout     Cap    Slew   Delay    Time   Description
-----------------------------------------------------------------------------
                          0.00    0.00   clock clk (rise edge)
                          0.00    0.00   clock source latency
                  0.07    0.05    0.05 ^ clk (in)
     1    0.01                           clk (net)
                  0.07    0.00    0.05 ^ clkbuf_0_clk/A (sky130_fd_sc_hd__clkbuf_16)
                  0.03    0.13    0.18 ^ clkbuf_0_clk/X (sky130_fd_sc_hd__clkbuf_16)
     2    0.00                           clknet_0_clk (net)
                  0.03    0.00    0.18 ^ clkbuf_1_0_0_clk/A (sky130_fd_sc_hd__clkbuf_2)
                  0.04    0.10    0.29 ^ clkbuf_1_0_0_clk/X (sky130_fd_sc_hd__clkbuf_2)
     2    0.00                           clknet_1_0_0_clk (net)
                  0.04    0.00    0.29 ^ clkbuf_2_1_0_clk/A (sky130_fd_sc_hd__clkbuf_2)
                  0.04    0.10    0.39 ^ clkbuf_2_1_0_clk/X (sky130_fd_sc_hd__clkbuf_2)
     2    0.00                           clknet_2_1_0_clk (net)
                  0.04    0.00    0.39 ^ clkbuf_3_2_0_clk/A (sky130_fd_sc_hd__clkbuf_2)
                  0.04    0.10    0.49 ^ clkbuf_3_2_0_clk/X (sky130_fd_sc_hd__clkbuf_2)
     2    0.00                           clknet_3_2_0_clk (net)
                  0.04    0.00    0.49 ^ clkbuf_4_4_0_clk/A (sky130_fd_sc_hd__clkbuf_2)
                  0.40    0.38    0.87 ^ clkbuf_4_4_0_clk/X (sky130_fd_sc_hd__clkbuf_2)
    10    0.07                           clknet_4_4_0_clk (net)
                  0.40    0.00    0.87 ^ clkbuf_leaf_141_clk/A (sky130_fd_sc_hd__clkbuf_16)
                  0.06    0.26    1.13 ^ clkbuf_leaf_141_clk/X (sky130_fd_sc_hd__clkbuf_16)
    19    0.04                           clknet_leaf_141_clk (net)
                  0.06    0.00    1.13 ^ _10827_/CLK (sky130_fd_sc_hd__dfrtp_4)
                  0.55    0.87    2.01 ^ _10827_/Q (sky130_fd_sc_hd__dfrtp_4)
    42    0.20                           net2 (net)
                  0.55    0.00    2.01 ^ repeater58/A (sky130_fd_sc_hd__buf_12)
                  0.29    0.40    2.41 ^ repeater58/X (sky130_fd_sc_hd__buf_12)
    58    0.25                           net58 (net)
                  0.29    0.00    2.41 ^ repeater57/A (sky130_fd_sc_hd__buf_12)
                  0.28    0.36    2.77 ^ repeater57/X (sky130_fd_sc_hd__buf_12)
    56    0.24                           net57 (net)
                  0.28    0.00    2.77 ^ repeater54/A (sky130_fd_sc_hd__buf_12)
                  0.32    0.39    3.16 ^ repeater54/X (sky130_fd_sc_hd__buf_12)
    67    0.28                           net54 (net)
                  0.32    0.00    3.16 ^ _08289_/S0 (sky130_fd_sc_hd__mux4_1)
                  0.08    0.63    3.79 v _08289_/X (sky130_fd_sc_hd__mux4_1)
     1    0.00                           _00278_ (net)
                  0.08    0.00    3.79 v _08292_/A1 (sky130_fd_sc_hd__mux4_1)
                  0.08    0.54    4.33 v _08292_/X (sky130_fd_sc_hd__mux4_1)
     1    0.00                           _00281_ (net)
                  0.08    0.00    4.33 v _08298_/A2 (sky130_fd_sc_hd__mux4_2)
                  0.08    0.50    4.82 v _08298_/X (sky130_fd_sc_hd__mux4_2)
     1    0.00                           _00287_ (net)
                  0.08    0.00    4.82 v _08341_/A1 (sky130_fd_sc_hd__mux4_2)
                  0.08    0.50    5.32 v _08341_/X (sky130_fd_sc_hd__mux4_2)
     2    0.00                           net28 (net)
                  0.08    0.00    5.32 v output28/A (sky130_fd_sc_hd__buf_2)
                  0.09    0.22    5.54 v output28/X (sky130_fd_sc_hd__buf_2)
     1    0.03                           memory_bus[2] (net)
                  0.09    0.00    5.54 v memory_bus[2] (out)
                                  5.54   data arrival time

                        300.00  300.00   clock clk (rise edge)
                          0.00  300.00   clock network delay (propagated)
                         -0.25  299.75   clock uncertainty
                          0.00  299.75   clock reconvergence pessimism
                        -60.00  239.75   output external delay
                                239.75   data required time
-----------------------------------------------------------------------------
                                239.75   data required time
                                 -5.54   data arrival time
-----------------------------------------------------------------------------
                                234.21   slack (MET)


Startpoint: _10827_ (rising edge-triggered flip-flop clocked by clk)
Endpoint: memory_bus[0] (output port clocked by clk)
Path Group: clk
Path Type: max

Fanout     Cap    Slew   Delay    Time   Description
-----------------------------------------------------------------------------
                          0.00    0.00   clock clk (rise edge)
                          0.00    0.00   clock source latency
                  0.07    0.05    0.05 ^ clk (in)
     1    0.01                           clk (net)
                  0.07    0.00    0.05 ^ clkbuf_0_clk/A (sky130_fd_sc_hd__clkbuf_16)
                  0.03    0.13    0.18 ^ clkbuf_0_clk/X (sky130_fd_sc_hd__clkbuf_16)
     2    0.00                           clknet_0_clk (net)
                  0.03    0.00    0.18 ^ clkbuf_1_0_0_clk/A (sky130_fd_sc_hd__clkbuf_2)
                  0.04    0.10    0.29 ^ clkbuf_1_0_0_clk/X (sky130_fd_sc_hd__clkbuf_2)
     2    0.00                           clknet_1_0_0_clk (net)
                  0.04    0.00    0.29 ^ clkbuf_2_1_0_clk/A (sky130_fd_sc_hd__clkbuf_2)
                  0.04    0.10    0.39 ^ clkbuf_2_1_0_clk/X (sky130_fd_sc_hd__clkbuf_2)
     2    0.00                           clknet_2_1_0_clk (net)
                  0.04    0.00    0.39 ^ clkbuf_3_2_0_clk/A (sky130_fd_sc_hd__clkbuf_2)
                  0.04    0.10    0.49 ^ clkbuf_3_2_0_clk/X (sky130_fd_sc_hd__clkbuf_2)
     2    0.00                           clknet_3_2_0_clk (net)
                  0.04    0.00    0.49 ^ clkbuf_4_4_0_clk/A (sky130_fd_sc_hd__clkbuf_2)
                  0.40    0.38    0.87 ^ clkbuf_4_4_0_clk/X (sky130_fd_sc_hd__clkbuf_2)
    10    0.07                           clknet_4_4_0_clk (net)
                  0.40    0.00    0.87 ^ clkbuf_leaf_141_clk/A (sky130_fd_sc_hd__clkbuf_16)
                  0.06    0.26    1.13 ^ clkbuf_leaf_141_clk/X (sky130_fd_sc_hd__clkbuf_16)
    19    0.04                           clknet_leaf_141_clk (net)
                  0.06    0.00    1.13 ^ _10827_/CLK (sky130_fd_sc_hd__dfrtp_4)
                  0.55    0.87    2.01 ^ _10827_/Q (sky130_fd_sc_hd__dfrtp_4)
    42    0.20                           net2 (net)
                  0.55    0.00    2.01 ^ repeater58/A (sky130_fd_sc_hd__buf_12)
                  0.29    0.40    2.41 ^ repeater58/X (sky130_fd_sc_hd__buf_12)
    58    0.25                           net58 (net)
                  0.29    0.00    2.41 ^ repeater57/A (sky130_fd_sc_hd__buf_12)
                  0.28    0.36    2.77 ^ repeater57/X (sky130_fd_sc_hd__buf_12)
    56    0.24                           net57 (net)
                  0.28    0.00    2.77 ^ repeater54/A (sky130_fd_sc_hd__buf_12)
                  0.32    0.39    3.16 ^ repeater54/X (sky130_fd_sc_hd__buf_12)
    67    0.28                           net54 (net)
                  0.32    0.00    3.16 ^ _08088_/S0 (sky130_fd_sc_hd__mux4_1)
                  0.08    0.63    3.79 v _08088_/X (sky130_fd_sc_hd__mux4_1)
     1    0.00                           _00079_ (net)
                  0.08    0.00    3.79 v _08091_/A1 (sky130_fd_sc_hd__mux4_1)
                  0.08    0.54    4.33 v _08091_/X (sky130_fd_sc_hd__mux4_1)
     1    0.00                           _00082_ (net)
                  0.08    0.00    4.33 v _08107_/A0 (sky130_fd_sc_hd__mux4_2)
                  0.08    0.49    4.82 v _08107_/X (sky130_fd_sc_hd__mux4_2)
     1    0.00                           _00098_ (net)
                  0.08    0.00    4.82 v _08171_/A0 (sky130_fd_sc_hd__mux4_2)
                  0.08    0.50    5.32 v _08171_/X (sky130_fd_sc_hd__mux4_2)
     2    0.00                           net26 (net)
                  0.08    0.00    5.32 v output26/A (sky130_fd_sc_hd__buf_2)
                  0.09    0.22    5.54 v output26/X (sky130_fd_sc_hd__buf_2)
     1    0.03                           memory_bus[0] (net)
                  0.09    0.00    5.54 v memory_bus[0] (out)
                                  5.54   data arrival time

                        300.00  300.00   clock clk (rise edge)
                          0.00  300.00   clock network delay (propagated)
                         -0.25  299.75   clock uncertainty
                          0.00  299.75   clock reconvergence pessimism
                        -60.00  239.75   output external delay
                                239.75   data required time
-----------------------------------------------------------------------------
                                239.75   data required time
                                 -5.54   data arrival time
-----------------------------------------------------------------------------
                                234.21   slack (MET)


