First Layout: /openlane/designs/RISC_SPM/runs/RUN_2021.12.08_16.43.47/results/magic/RISC_SPM.gds
Second Layout: /openlane/designs/RISC_SPM/runs/RUN_2021.12.08_16.43.47/results/klayout/RISC_SPM.gds
Design Name: RISC_SPM
Output GDS will be: /openlane/designs/RISC_SPM/runs/RUN_2021.12.08_16.43.47/results/klayout/RISC_SPM.xor.xml
Reading /openlane/designs/RISC_SPM/runs/RUN_2021.12.08_16.43.47/results/magic/RISC_SPM.gds ..
Reading /openlane/designs/RISC_SPM/runs/RUN_2021.12.08_16.43.47/results/klayout/RISC_SPM.gds ..
--- Running XOR for 10/0 ---
"input" in: xor.drc:38
    Polygons (raw): 0 (flat)  0 (hierarchical)
    Elapsed: 0.010s  Memory: 581.00M
"input" in: xor.drc:38
    Polygons (raw): 1997 (flat)  5 (hierarchical)
    Elapsed: 0.010s  Memory: 581.00M
"^" in: xor.drc:38
    Polygons (raw): 1997 (flat)  5 (hierarchical)
    Elapsed: 0.000s  Memory: 581.00M
XOR differences: 1997
"output" in: xor.drc:40
    Polygons (raw): 1997 (flat)  5 (hierarchical)
    Elapsed: 0.020s  Memory: 581.00M
--- Running XOR for 11/0 ---
"input" in: xor.drc:38
    Polygons (raw): 0 (flat)  0 (hierarchical)
    Elapsed: 0.010s  Memory: 581.00M
"input" in: xor.drc:38
    Polygons (raw): 637 (flat)  56 (hierarchical)
    Elapsed: 0.010s  Memory: 581.00M
"^" in: xor.drc:38
    Polygons (raw): 637 (flat)  56 (hierarchical)
    Elapsed: 0.010s  Memory: 581.00M
XOR differences: 637
"output" in: xor.drc:40
    Polygons (raw): 637 (flat)  56 (hierarchical)
    Elapsed: 0.010s  Memory: 581.00M
--- Running XOR for 11/2 ---
"input" in: xor.drc:38
    Polygons (raw): 0 (flat)  0 (hierarchical)
    Elapsed: 0.010s  Memory: 581.00M
"input" in: xor.drc:38
    Polygons (raw): 6 (flat)  6 (hierarchical)
    Elapsed: 0.000s  Memory: 581.00M
"^" in: xor.drc:38
    Polygons (raw): 6 (flat)  6 (hierarchical)
    Elapsed: 0.000s  Memory: 581.00M
XOR differences: 6
"output" in: xor.drc:40
    Polygons (raw): 6 (flat)  6 (hierarchical)
    Elapsed: 0.020s  Memory: 581.00M
--- Running XOR for 12/0 ---
"input" in: xor.drc:38
    Polygons (raw): 0 (flat)  0 (hierarchical)
    Elapsed: 0.010s  Memory: 581.00M
"input" in: xor.drc:38
    Polygons (raw): 18 (flat)  1 (hierarchical)
    Elapsed: 0.000s  Memory: 581.00M
"^" in: xor.drc:38
    Polygons (raw): 18 (flat)  1 (hierarchical)
    Elapsed: 0.010s  Memory: 581.00M
XOR differences: 18
"output" in: xor.drc:40
    Polygons (raw): 18 (flat)  1 (hierarchical)
    Elapsed: 0.020s  Memory: 581.00M
--- Running XOR for 122/16 ---
"input" in: xor.drc:38
    Polygons (raw): 22284 (flat)  76 (hierarchical)
    Elapsed: 0.010s  Memory: 581.00M
"input" in: xor.drc:38
    Polygons (raw): 22284 (flat)  76 (hierarchical)
    Elapsed: 0.010s  Memory: 581.00M
"^" in: xor.drc:38
    Polygons (raw): 0 (flat)  0 (hierarchical)
    Elapsed: 0.240s  Memory: 581.00M
XOR differences: 0
"output" in: xor.drc:40
    Polygons (raw): 0 (flat)  0 (hierarchical)
    Elapsed: 0.010s  Memory: 581.00M
--- Running XOR for 13/0 ---
"input" in: xor.drc:38
    Polygons (raw): 0 (flat)  0 (hierarchical)
    Elapsed: 0.010s  Memory: 581.00M
"input" in: xor.drc:38
    Polygons (raw): 24 (flat)  7 (hierarchical)
    Elapsed: 0.000s  Memory: 581.00M
"^" in: xor.drc:38
    Polygons (raw): 24 (flat)  7 (hierarchical)
    Elapsed: 0.010s  Memory: 581.00M
XOR differences: 24
"output" in: xor.drc:40
    Polygons (raw): 24 (flat)  7 (hierarchical)
    Elapsed: 0.010s  Memory: 581.00M
--- Running XOR for 13/2 ---
"input" in: xor.drc:38
    Polygons (raw): 0 (flat)  0 (hierarchical)
    Elapsed: 0.000s  Memory: 581.00M
"input" in: xor.drc:38
    Polygons (raw): 6 (flat)  6 (hierarchical)
    Elapsed: 0.010s  Memory: 581.00M
"^" in: xor.drc:38
    Polygons (raw): 6 (flat)  6 (hierarchical)
    Elapsed: 0.000s  Memory: 581.00M
XOR differences: 6
"output" in: xor.drc:40
    Polygons (raw): 6 (flat)  6 (hierarchical)
    Elapsed: 0.020s  Memory: 581.00M
--- Running XOR for 14/0 ---
"input" in: xor.drc:38
    Polygons (raw): 0 (flat)  0 (hierarchical)
    Elapsed: 0.010s  Memory: 581.00M
"input" in: xor.drc:38
    Polygons (raw): 1 (flat)  1 (hierarchical)
    Elapsed: 0.010s  Memory: 581.00M
"^" in: xor.drc:38
    Polygons (raw): 1 (flat)  1 (hierarchical)
    Elapsed: 0.010s  Memory: 581.00M
XOR differences: 1
"output" in: xor.drc:40
    Polygons (raw): 1 (flat)  1 (hierarchical)
    Elapsed: 0.010s  Memory: 581.00M
--- Running XOR for 235/4 ---
"input" in: xor.drc:38
    Polygons (raw): 1 (flat)  1 (hierarchical)
    Elapsed: 0.000s  Memory: 581.00M
"input" in: xor.drc:38
    Polygons (raw): 0 (flat)  0 (hierarchical)
    Elapsed: 0.000s  Memory: 581.00M
"^" in: xor.drc:38
    Polygons (raw): 1 (flat)  1 (hierarchical)
    Elapsed: 0.010s  Memory: 581.00M
XOR differences: 1
"output" in: xor.drc:40
    Polygons (raw): 1 (flat)  1 (hierarchical)
    Elapsed: 0.010s  Memory: 581.00M
--- Running XOR for 236/0 ---
"input" in: xor.drc:38
    Polygons (raw): 16968 (flat)  72 (hierarchical)
    Elapsed: 0.010s  Memory: 581.00M
"input" in: xor.drc:38
    Polygons (raw): 16968 (flat)  72 (hierarchical)
    Elapsed: 0.010s  Memory: 581.00M
"^" in: xor.drc:38
    Polygons (raw): 0 (flat)  0 (hierarchical)
    Elapsed: 0.190s  Memory: 591.00M
XOR differences: 0
"output" in: xor.drc:40
    Polygons (raw): 0 (flat)  0 (hierarchical)
    Elapsed: 0.010s  Memory: 591.00M
--- Running XOR for 3/0 ---
"input" in: xor.drc:38
    Polygons (raw): 0 (flat)  0 (hierarchical)
    Elapsed: 0.010s  Memory: 591.00M
"input" in: xor.drc:38
    Polygons (raw): 26468 (flat)  131 (hierarchical)
    Elapsed: 0.010s  Memory: 591.00M
"^" in: xor.drc:38
    Polygons (raw): 26468 (flat)  131 (hierarchical)
    Elapsed: 0.010s  Memory: 591.00M
XOR differences: 26468
"output" in: xor.drc:40
    Polygons (raw): 26468 (flat)  131 (hierarchical)
    Elapsed: 0.010s  Memory: 591.00M
--- Running XOR for 4/0 ---
"input" in: xor.drc:38
    Polygons (raw): 0 (flat)  0 (hierarchical)
    Elapsed: 0.000s  Memory: 591.00M
"input" in: xor.drc:38
    Polygons (raw): 26338 (flat)  1 (hierarchical)
    Elapsed: 0.010s  Memory: 591.00M
"^" in: xor.drc:38
    Polygons (raw): 26338 (flat)  1 (hierarchical)
    Elapsed: 0.000s  Memory: 591.00M
XOR differences: 26338
"output" in: xor.drc:40
    Polygons (raw): 26338 (flat)  1 (hierarchical)
    Elapsed: 0.020s  Memory: 591.00M
--- Running XOR for 5/0 ---
"input" in: xor.drc:38
    Polygons (raw): 0 (flat)  0 (hierarchical)
    Elapsed: 0.010s  Memory: 591.00M
"input" in: xor.drc:38
    Polygons (raw): 106983 (flat)  46950 (hierarchical)
    Elapsed: 0.000s  Memory: 591.00M
"^" in: xor.drc:38
    Polygons (raw): 106983 (flat)  46950 (hierarchical)
    Elapsed: 0.010s  Memory: 591.00M
XOR differences: 106983
"output" in: xor.drc:40
    Polygons (raw): 106983 (flat)  46950 (hierarchical)
    Elapsed: 0.050s  Memory: 599.00M
--- Running XOR for 6/0 ---
"input" in: xor.drc:38
    Polygons (raw): 0 (flat)  0 (hierarchical)
    Elapsed: 0.010s  Memory: 599.00M
"input" in: xor.drc:38
    Polygons (raw): 35607 (flat)  7 (hierarchical)
    Elapsed: 0.000s  Memory: 599.00M
"^" in: xor.drc:38
    Polygons (raw): 35607 (flat)  7 (hierarchical)
    Elapsed: 0.010s  Memory: 599.00M
XOR differences: 35607
"output" in: xor.drc:40
    Polygons (raw): 35607 (flat)  7 (hierarchical)
    Elapsed: 0.020s  Memory: 599.00M
--- Running XOR for 64/16 ---
"input" in: xor.drc:38
    Polygons (raw): 22284 (flat)  76 (hierarchical)
    Elapsed: 0.010s  Memory: 599.00M
"input" in: xor.drc:38
    Polygons (raw): 22284 (flat)  76 (hierarchical)
    Elapsed: 0.010s  Memory: 599.00M
"^" in: xor.drc:38
    Polygons (raw): 0 (flat)  0 (hierarchical)
    Elapsed: 0.230s  Memory: 605.00M
XOR differences: 0
"output" in: xor.drc:40
    Polygons (raw): 0 (flat)  0 (hierarchical)
    Elapsed: 0.010s  Memory: 605.00M
--- Running XOR for 64/20 ---
"input" in: xor.drc:38
    Polygons (raw): 22702 (flat)  75 (hierarchical)
    Elapsed: 0.010s  Memory: 605.00M
"input" in: xor.drc:38
    Polygons (raw): 22702 (flat)  75 (hierarchical)
    Elapsed: 0.010s  Memory: 605.00M
"^" in: xor.drc:38
    Polygons (raw): 0 (flat)  0 (hierarchical)
    Elapsed: 0.320s  Memory: 612.00M
XOR differences: 0
"output" in: xor.drc:40
    Polygons (raw): 0 (flat)  0 (hierarchical)
    Elapsed: 0.010s  Memory: 612.00M
--- Running XOR for 64/5 ---
"input" in: xor.drc:38
    Polygons (raw): 0 (flat)  0 (hierarchical)
    Elapsed: 0.010s  Memory: 612.00M
"input" in: xor.drc:38
    Polygons (raw): 0 (flat)  0 (hierarchical)
    Elapsed: 0.000s  Memory: 612.00M
"^" in: xor.drc:38
    Polygons (raw): 0 (flat)  0 (hierarchical)
    Elapsed: 0.060s  Memory: 612.00M
XOR differences: 0
"output" in: xor.drc:40
    Polygons (raw): 0 (flat)  0 (hierarchical)
    Elapsed: 0.010s  Memory: 612.00M
--- Running XOR for 64/59 ---
"input" in: xor.drc:38
    Polygons (raw): 0 (flat)  0 (hierarchical)
    Elapsed: 0.010s  Memory: 612.00M
"input" in: xor.drc:38
    Polygons (raw): 0 (flat)  0 (hierarchical)
    Elapsed: 0.010s  Memory: 612.00M
"^" in: xor.drc:38
    Polygons (raw): 0 (flat)  0 (hierarchical)
    Elapsed: 0.070s  Memory: 612.00M
XOR differences: 0
"output" in: xor.drc:40
    Polygons (raw): 0 (flat)  0 (hierarchical)
    Elapsed: 0.010s  Memory: 612.00M
--- Running XOR for 65/20 ---
"input" in: xor.drc:38
    Polygons (raw): 53982 (flat)  212 (hierarchical)
    Elapsed: 0.000s  Memory: 612.00M
"input" in: xor.drc:38
    Polygons (raw): 53982 (flat)  212 (hierarchical)
    Elapsed: 0.000s  Memory: 612.00M
"^" in: xor.drc:38
    Polygons (raw): 0 (flat)  0 (hierarchical)
    Elapsed: 0.520s  Memory: 612.00M
XOR differences: 0
"output" in: xor.drc:40
    Polygons (raw): 0 (flat)  0 (hierarchical)
    Elapsed: 0.010s  Memory: 612.00M
--- Running XOR for 65/44 ---
"input" in: xor.drc:38
    Polygons (raw): 5280 (flat)  2 (hierarchical)
    Elapsed: 0.010s  Memory: 612.00M
"input" in: xor.drc:38
    Polygons (raw): 5280 (flat)  2 (hierarchical)
    Elapsed: 0.010s  Memory: 612.00M
"^" in: xor.drc:38
    Polygons (raw): 0 (flat)  0 (hierarchical)
    Elapsed: 0.060s  Memory: 612.00M
XOR differences: 0
"output" in: xor.drc:40
    Polygons (raw): 0 (flat)  0 (hierarchical)
    Elapsed: 0.010s  Memory: 612.00M
--- Running XOR for 66/20 ---
"input" in: xor.drc:38
    Polygons (raw): 77729 (flat)  381 (hierarchical)
    Elapsed: 0.010s  Memory: 612.00M
"input" in: xor.drc:38
    Polygons (raw): 77729 (flat)  381 (hierarchical)
    Elapsed: 0.010s  Memory: 612.00M
"^" in: xor.drc:38
    Polygons (raw): 0 (flat)  0 (hierarchical)
    Elapsed: 1.400s  Memory: 612.00M
XOR differences: 0
"output" in: xor.drc:40
    Polygons (raw): 0 (flat)  0 (hierarchical)
    Elapsed: 0.010s  Memory: 612.00M
--- Running XOR for 66/44 ---
"input" in: xor.drc:38
    Polygons (raw): 340637 (flat)  1964 (hierarchical)
    Elapsed: 0.010s  Memory: 612.00M
"input" in: xor.drc:38
    Polygons (raw): 340637 (flat)  1964 (hierarchical)
    Elapsed: 0.010s  Memory: 612.00M
"^" in: xor.drc:38
    Polygons (raw): 0 (flat)  0 (hierarchical)
    Elapsed: 2.500s  Memory: 616.00M
XOR differences: 0
"output" in: xor.drc:40
    Polygons (raw): 0 (flat)  0 (hierarchical)
    Elapsed: 0.010s  Memory: 616.00M
--- Running XOR for 67/16 ---
"input" in: xor.drc:38
    Polygons (raw): 46028 (flat)  537 (hierarchical)
    Elapsed: 0.010s  Memory: 616.00M
"input" in: xor.drc:38
    Polygons (raw): 46028 (flat)  537 (hierarchical)
    Elapsed: 0.010s  Memory: 616.00M
"^" in: xor.drc:38
    Polygons (raw): 0 (flat)  0 (hierarchical)
    Elapsed: 0.280s  Memory: 616.00M
XOR differences: 0
"output" in: xor.drc:40
    Polygons (raw): 0 (flat)  0 (hierarchical)
    Elapsed: 0.010s  Memory: 616.00M
--- Running XOR for 67/20 ---
"input" in: xor.drc:38
    Polygons (raw): 144058 (flat)  26878 (hierarchical)
    Elapsed: 0.010s  Memory: 616.00M
"input" in: xor.drc:38
    Polygons (raw): 117848 (flat)  668 (hierarchical)
    Elapsed: 0.010s  Memory: 616.00M
"^" in: xor.drc:38
    Polygons (raw): 2894 (flat)  2894 (hierarchical)
    Elapsed: 2.690s  Memory: 627.00M
XOR differences: 2894
"output" in: xor.drc:40
    Polygons (raw): 2894 (flat)  2894 (hierarchical)
    Elapsed: 0.020s  Memory: 627.00M
--- Running XOR for 67/44 ---
"input" in: xor.drc:38
    Polygons (raw): 340648 (flat)  27666 (hierarchical)
    Elapsed: 0.000s  Memory: 627.00M
"input" in: xor.drc:38
    Polygons (raw): 314310 (flat)  1328 (hierarchical)
    Elapsed: 0.000s  Memory: 627.00M
"^" in: xor.drc:38
    Polygons (raw): 26338 (flat)  26338 (hierarchical)
    Elapsed: 1.990s  Memory: 627.00M
XOR differences: 26338
"output" in: xor.drc:40
    Polygons (raw): 26338 (flat)  26338 (hierarchical)
    Elapsed: 0.060s  Memory: 627.00M
--- Running XOR for 67/5 ---
"input" in: xor.drc:38
    Polygons (raw): 0 (flat)  0 (hierarchical)
    Elapsed: 0.010s  Memory: 627.00M
"input" in: xor.drc:38
    Polygons (raw): 0 (flat)  0 (hierarchical)
    Elapsed: 0.010s  Memory: 627.00M
"^" in: xor.drc:38
    Polygons (raw): 0 (flat)  0 (hierarchical)
    Elapsed: 0.050s  Memory: 627.00M
XOR differences: 0
"output" in: xor.drc:40
    Polygons (raw): 0 (flat)  0 (hierarchical)
    Elapsed: 0.010s  Memory: 627.00M
--- Running XOR for 68/16 ---
"input" in: xor.drc:38
    Polygons (raw): 46474 (flat)  154 (hierarchical)
    Elapsed: 0.010s  Memory: 627.00M
"input" in: xor.drc:38
    Polygons (raw): 46474 (flat)  154 (hierarchical)
    Elapsed: 0.010s  Memory: 627.00M
"^" in: xor.drc:38
    Polygons (raw): 0 (flat)  0 (hierarchical)
    Elapsed: 0.380s  Memory: 629.00M
XOR differences: 0
"output" in: xor.drc:40
    Polygons (raw): 0 (flat)  0 (hierarchical)
    Elapsed: 0.010s  Memory: 629.00M
--- Running XOR for 68/20 ---
"input" in: xor.drc:38
    Polygons (raw): 193264 (flat)  140554 (hierarchical)
    Elapsed: 0.010s  Memory: 629.00M
"input" in: xor.drc:38
    Polygons (raw): 52906 (flat)  196 (hierarchical)
    Elapsed: 0.010s  Memory: 629.00M
"^" in: xor.drc:38
    Polygons (raw): 26973 (flat)  26973 (hierarchical)
    Elapsed: 1.140s  Memory: 648.00M
XOR differences: 26973
"output" in: xor.drc:40
    Polygons (raw): 26973 (flat)  26973 (hierarchical)
    Elapsed: 0.060s  Memory: 648.00M
--- Running XOR for 68/44 ---
"input" in: xor.drc:38
    Polygons (raw): 35607 (flat)  35607 (hierarchical)
    Elapsed: 0.010s  Memory: 648.00M
"input" in: xor.drc:38
    Polygons (raw): 0 (flat)  0 (hierarchical)
    Elapsed: 0.000s  Memory: 648.00M
"^" in: xor.drc:38
    Polygons (raw): 35607 (flat)  35607 (hierarchical)
    Elapsed: 0.010s  Memory: 648.00M
XOR differences: 35607
"output" in: xor.drc:40
    Polygons (raw): 35607 (flat)  35607 (hierarchical)
    Elapsed: 0.040s  Memory: 652.00M
--- Running XOR for 68/5 ---
"input" in: xor.drc:38
    Polygons (raw): 0 (flat)  0 (hierarchical)
    Elapsed: 0.010s  Memory: 652.00M
"input" in: xor.drc:38
    Polygons (raw): 0 (flat)  0 (hierarchical)
    Elapsed: 0.010s  Memory: 652.00M
"^" in: xor.drc:38
    Polygons (raw): 0 (flat)  0 (hierarchical)
    Elapsed: 0.080s  Memory: 652.00M
XOR differences: 0
"output" in: xor.drc:40
    Polygons (raw): 0 (flat)  0 (hierarchical)
    Elapsed: 0.010s  Memory: 652.00M
--- Running XOR for 69/16 ---
"input" in: xor.drc:38
    Polygons (raw): 22 (flat)  22 (hierarchical)
    Elapsed: 0.010s  Memory: 652.00M
"input" in: xor.drc:38
    Polygons (raw): 0 (flat)  0 (hierarchical)
    Elapsed: 0.010s  Memory: 652.00M
"^" in: xor.drc:38
    Polygons (raw): 22 (flat)  22 (hierarchical)
    Elapsed: 0.000s  Memory: 652.00M
XOR differences: 22
"output" in: xor.drc:40
    Polygons (raw): 22 (flat)  22 (hierarchical)
    Elapsed: 0.010s  Memory: 652.00M
--- Running XOR for 69/20 ---
"input" in: xor.drc:38
    Polygons (raw): 62552 (flat)  62552 (hierarchical)
    Elapsed: 0.000s  Memory: 652.00M
"input" in: xor.drc:38
    Polygons (raw): 0 (flat)  0 (hierarchical)
    Elapsed: 0.000s  Memory: 652.00M
"^" in: xor.drc:38
    Polygons (raw): 62552 (flat)  62552 (hierarchical)
    Elapsed: 0.010s  Memory: 652.00M
XOR differences: 62552
"output" in: xor.drc:40
    Polygons (raw): 62552 (flat)  62552 (hierarchical)
    Elapsed: 0.080s  Memory: 681.00M
--- Running XOR for 69/44 ---
"input" in: xor.drc:38
    Polygons (raw): 4367 (flat)  4367 (hierarchical)
    Elapsed: 0.010s  Memory: 681.00M
"input" in: xor.drc:38
    Polygons (raw): 0 (flat)  0 (hierarchical)
    Elapsed: 0.010s  Memory: 681.00M
"^" in: xor.drc:38
    Polygons (raw): 4367 (flat)  4367 (hierarchical)
    Elapsed: 0.000s  Memory: 681.00M
XOR differences: 4367
"output" in: xor.drc:40
    Polygons (raw): 4367 (flat)  4367 (hierarchical)
    Elapsed: 0.020s  Memory: 683.00M
--- Running XOR for 69/5 ---
"input" in: xor.drc:38
    Polygons (raw): 0 (flat)  0 (hierarchical)
    Elapsed: 0.000s  Memory: 683.00M
"input" in: xor.drc:38
    Polygons (raw): 0 (flat)  0 (hierarchical)
    Elapsed: 0.010s  Memory: 683.00M
"^" in: xor.drc:38
    Polygons (raw): 0 (flat)  0 (hierarchical)
    Elapsed: 0.010s  Memory: 683.00M
XOR differences: 0
"output" in: xor.drc:40
    Polygons (raw): 0 (flat)  0 (hierarchical)
    Elapsed: 0.020s  Memory: 683.00M
--- Running XOR for 7/0 ---
"input" in: xor.drc:38
    Polygons (raw): 0 (flat)  0 (hierarchical)
    Elapsed: 0.000s  Memory: 683.00M
"input" in: xor.drc:38
    Polygons (raw): 62572 (flat)  25942 (hierarchical)
    Elapsed: 0.010s  Memory: 683.00M
"^" in: xor.drc:38
    Polygons (raw): 62572 (flat)  25942 (hierarchical)
    Elapsed: 0.010s  Memory: 683.00M
XOR differences: 62572
"output" in: xor.drc:40
    Polygons (raw): 62572 (flat)  25942 (hierarchical)
    Elapsed: 0.030s  Memory: 693.00M
--- Running XOR for 7/2 ---
"input" in: xor.drc:38
    Polygons (raw): 0 (flat)  0 (hierarchical)
    Elapsed: 0.010s  Memory: 693.00M
"input" in: xor.drc:38
    Polygons (raw): 22 (flat)  22 (hierarchical)
    Elapsed: 0.000s  Memory: 693.00M
"^" in: xor.drc:38
    Polygons (raw): 22 (flat)  22 (hierarchical)
    Elapsed: 0.010s  Memory: 693.00M
XOR differences: 22
"output" in: xor.drc:40
    Polygons (raw): 22 (flat)  22 (hierarchical)
    Elapsed: 0.020s  Memory: 693.00M
--- Running XOR for 70/16 ---
"input" in: xor.drc:38
    Polygons (raw): 12 (flat)  12 (hierarchical)
    Elapsed: 0.010s  Memory: 693.00M
"input" in: xor.drc:38
    Polygons (raw): 0 (flat)  0 (hierarchical)
    Elapsed: 0.010s  Memory: 693.00M
"^" in: xor.drc:38
    Polygons (raw): 12 (flat)  12 (hierarchical)
    Elapsed: 0.010s  Memory: 693.00M
XOR differences: 12
"output" in: xor.drc:40
    Polygons (raw): 12 (flat)  12 (hierarchical)
    Elapsed: 0.010s  Memory: 693.00M
--- Running XOR for 70/20 ---
"input" in: xor.drc:38
    Polygons (raw): 6841 (flat)  6841 (hierarchical)
    Elapsed: 0.010s  Memory: 693.00M
"input" in: xor.drc:38
    Polygons (raw): 0 (flat)  0 (hierarchical)
    Elapsed: 0.000s  Memory: 694.00M
"^" in: xor.drc:38
    Polygons (raw): 6841 (flat)  6841 (hierarchical)
    Elapsed: 0.010s  Memory: 694.00M
XOR differences: 6841
"output" in: xor.drc:40
    Polygons (raw): 6841 (flat)  6841 (hierarchical)
    Elapsed: 0.020s  Memory: 697.00M
--- Running XOR for 70/44 ---
"input" in: xor.drc:38
    Polygons (raw): 1997 (flat)  1997 (hierarchical)
    Elapsed: 0.010s  Memory: 697.00M
"input" in: xor.drc:38
    Polygons (raw): 0 (flat)  0 (hierarchical)
    Elapsed: 0.010s  Memory: 697.00M
"^" in: xor.drc:38
    Polygons (raw): 1997 (flat)  1997 (hierarchical)
    Elapsed: 0.000s  Memory: 697.00M
XOR differences: 1997
"output" in: xor.drc:40
    Polygons (raw): 1997 (flat)  1997 (hierarchical)
    Elapsed: 0.020s  Memory: 698.00M
--- Running XOR for 70/5 ---
"input" in: xor.drc:38
    Polygons (raw): 0 (flat)  0 (hierarchical)
    Elapsed: 0.000s  Memory: 698.00M
"input" in: xor.drc:38
    Polygons (raw): 0 (flat)  0 (hierarchical)
    Elapsed: 0.010s  Memory: 698.00M
"^" in: xor.drc:38
    Polygons (raw): 0 (flat)  0 (hierarchical)
    Elapsed: 0.000s  Memory: 698.00M
XOR differences: 0
"output" in: xor.drc:40
    Polygons (raw): 0 (flat)  0 (hierarchical)
    Elapsed: 0.020s  Memory: 698.00M
--- Running XOR for 71/16 ---
"input" in: xor.drc:38
    Polygons (raw): 6 (flat)  6 (hierarchical)
    Elapsed: 0.010s  Memory: 698.00M
"input" in: xor.drc:38
    Polygons (raw): 0 (flat)  0 (hierarchical)
    Elapsed: 0.010s  Memory: 698.00M
"^" in: xor.drc:38
    Polygons (raw): 6 (flat)  6 (hierarchical)
    Elapsed: 0.010s  Memory: 698.00M
XOR differences: 6
"output" in: xor.drc:40
    Polygons (raw): 6 (flat)  6 (hierarchical)
    Elapsed: 0.010s  Memory: 698.00M
--- Running XOR for 71/20 ---
"input" in: xor.drc:38
    Polygons (raw): 142 (flat)  142 (hierarchical)
    Elapsed: 0.010s  Memory: 698.00M
"input" in: xor.drc:38
    Polygons (raw): 0 (flat)  0 (hierarchical)
    Elapsed: 0.010s  Memory: 698.00M
"^" in: xor.drc:38
    Polygons (raw): 142 (flat)  142 (hierarchical)
    Elapsed: 0.000s  Memory: 698.00M
XOR differences: 142
"output" in: xor.drc:40
    Polygons (raw): 142 (flat)  142 (hierarchical)
    Elapsed: 0.010s  Memory: 698.00M
--- Running XOR for 71/44 ---
"input" in: xor.drc:38
    Polygons (raw): 18 (flat)  18 (hierarchical)
    Elapsed: 0.000s  Memory: 698.00M
"input" in: xor.drc:38
    Polygons (raw): 0 (flat)  0 (hierarchical)
    Elapsed: 0.000s  Memory: 698.00M
"^" in: xor.drc:38
    Polygons (raw): 18 (flat)  18 (hierarchical)
    Elapsed: 0.010s  Memory: 698.00M
XOR differences: 18
"output" in: xor.drc:40
    Polygons (raw): 18 (flat)  18 (hierarchical)
    Elapsed: 0.010s  Memory: 698.00M
--- Running XOR for 71/5 ---
"input" in: xor.drc:38
    Polygons (raw): 0 (flat)  0 (hierarchical)
    Elapsed: 0.000s  Memory: 698.00M
"input" in: xor.drc:38
    Polygons (raw): 0 (flat)  0 (hierarchical)
    Elapsed: 0.010s  Memory: 698.00M
"^" in: xor.drc:38
    Polygons (raw): 0 (flat)  0 (hierarchical)
    Elapsed: 0.000s  Memory: 698.00M
XOR differences: 0
"output" in: xor.drc:40
    Polygons (raw): 0 (flat)  0 (hierarchical)
    Elapsed: 0.020s  Memory: 698.00M
--- Running XOR for 72/16 ---
"input" in: xor.drc:38
    Polygons (raw): 6 (flat)  6 (hierarchical)
    Elapsed: 0.010s  Memory: 698.00M
"input" in: xor.drc:38
    Polygons (raw): 0 (flat)  0 (hierarchical)
    Elapsed: 0.010s  Memory: 698.00M
"^" in: xor.drc:38
    Polygons (raw): 6 (flat)  6 (hierarchical)
    Elapsed: 0.000s  Memory: 698.00M
XOR differences: 6
"output" in: xor.drc:40
    Polygons (raw): 6 (flat)  6 (hierarchical)
    Elapsed: 0.010s  Memory: 698.00M
--- Running XOR for 72/20 ---
"input" in: xor.drc:38
    Polygons (raw): 6 (flat)  6 (hierarchical)
    Elapsed: 0.000s  Memory: 698.00M
"input" in: xor.drc:38
    Polygons (raw): 0 (flat)  0 (hierarchical)
    Elapsed: 0.010s  Memory: 698.00M
"^" in: xor.drc:38
    Polygons (raw): 6 (flat)  6 (hierarchical)
    Elapsed: 0.010s  Memory: 698.00M
XOR differences: 6
"output" in: xor.drc:40
    Polygons (raw): 6 (flat)  6 (hierarchical)
    Elapsed: 0.010s  Memory: 698.00M
--- Running XOR for 72/5 ---
"input" in: xor.drc:38
    Polygons (raw): 0 (flat)  0 (hierarchical)
    Elapsed: 0.010s  Memory: 698.00M
"input" in: xor.drc:38
    Polygons (raw): 0 (flat)  0 (hierarchical)
    Elapsed: 0.000s  Memory: 698.00M
"^" in: xor.drc:38
    Polygons (raw): 0 (flat)  0 (hierarchical)
    Elapsed: 0.010s  Memory: 698.00M
XOR differences: 0
"output" in: xor.drc:40
    Polygons (raw): 0 (flat)  0 (hierarchical)
    Elapsed: 0.010s  Memory: 698.00M
--- Running XOR for 78/44 ---
"input" in: xor.drc:38
    Polygons (raw): 23800 (flat)  81 (hierarchical)
    Elapsed: 0.010s  Memory: 698.00M
"input" in: xor.drc:38
    Polygons (raw): 23800 (flat)  81 (hierarchical)
    Elapsed: 0.010s  Memory: 698.00M
"^" in: xor.drc:38
    Polygons (raw): 0 (flat)  0 (hierarchical)
    Elapsed: 0.240s  Memory: 711.00M
XOR differences: 0
"output" in: xor.drc:40
    Polygons (raw): 0 (flat)  0 (hierarchical)
    Elapsed: 0.010s  Memory: 711.00M
--- Running XOR for 8/0 ---
"input" in: xor.drc:38
    Polygons (raw): 0 (flat)  0 (hierarchical)
    Elapsed: 0.010s  Memory: 711.00M
"input" in: xor.drc:38
    Polygons (raw): 4367 (flat)  5 (hierarchical)
    Elapsed: 0.010s  Memory: 711.00M
"^" in: xor.drc:38
    Polygons (raw): 4367 (flat)  5 (hierarchical)
    Elapsed: 0.010s  Memory: 711.00M
XOR differences: 4367
"output" in: xor.drc:40
    Polygons (raw): 4367 (flat)  5 (hierarchical)
    Elapsed: 0.020s  Memory: 711.00M
--- Running XOR for 81/23 ---
"input" in: xor.drc:38
    Polygons (raw): 102 (flat)  1 (hierarchical)
    Elapsed: 0.010s  Memory: 711.00M
"input" in: xor.drc:38
    Polygons (raw): 102 (flat)  1 (hierarchical)
    Elapsed: 0.000s  Memory: 711.00M
"^" in: xor.drc:38
    Polygons (raw): 0 (flat)  0 (hierarchical)
    Elapsed: 0.030s  Memory: 711.00M
XOR differences: 0
"output" in: xor.drc:40
    Polygons (raw): 0 (flat)  0 (hierarchical)
    Elapsed: 0.010s  Memory: 711.00M
--- Running XOR for 81/4 ---
"input" in: xor.drc:38
    Polygons (raw): 22702 (flat)  75 (hierarchical)
    Elapsed: 0.000s  Memory: 711.00M
"input" in: xor.drc:38
    Polygons (raw): 22702 (flat)  75 (hierarchical)
    Elapsed: 0.000s  Memory: 711.00M
"^" in: xor.drc:38
    Polygons (raw): 0 (flat)  0 (hierarchical)
    Elapsed: 0.240s  Memory: 717.00M
XOR differences: 0
"output" in: xor.drc:40
    Polygons (raw): 0 (flat)  0 (hierarchical)
    Elapsed: 0.010s  Memory: 717.00M
--- Running XOR for 83/44 ---
"input" in: xor.drc:38
    Polygons (raw): 0 (flat)  0 (hierarchical)
    Elapsed: 0.010s  Memory: 717.00M
"input" in: xor.drc:38
    Polygons (raw): 0 (flat)  0 (hierarchical)
    Elapsed: 0.010s  Memory: 717.00M
"^" in: xor.drc:38
    Polygons (raw): 0 (flat)  0 (hierarchical)
    Elapsed: 0.070s  Memory: 717.00M
XOR differences: 0
"output" in: xor.drc:40
    Polygons (raw): 0 (flat)  0 (hierarchical)
    Elapsed: 0.010s  Memory: 717.00M
--- Running XOR for 9/0 ---
"input" in: xor.drc:38
    Polygons (raw): 0 (flat)  0 (hierarchical)
    Elapsed: 0.010s  Memory: 717.00M
"input" in: xor.drc:38
    Polygons (raw): 5041 (flat)  1543 (hierarchical)
    Elapsed: 0.010s  Memory: 717.00M
"^" in: xor.drc:38
    Polygons (raw): 5041 (flat)  1543 (hierarchical)
    Elapsed: 0.010s  Memory: 717.00M
XOR differences: 5041
"output" in: xor.drc:40
    Polygons (raw): 5041 (flat)  1543 (hierarchical)
    Elapsed: 0.010s  Memory: 717.00M
--- Running XOR for 9/2 ---
"input" in: xor.drc:38
    Polygons (raw): 0 (flat)  0 (hierarchical)
    Elapsed: 0.010s  Memory: 717.00M
"input" in: xor.drc:38
    Polygons (raw): 12 (flat)  12 (hierarchical)
    Elapsed: 0.000s  Memory: 717.00M
"^" in: xor.drc:38
    Polygons (raw): 12 (flat)  12 (hierarchical)
    Elapsed: 0.000s  Memory: 717.00M
XOR differences: 12
"output" in: xor.drc:40
    Polygons (raw): 12 (flat)  12 (hierarchical)
    Elapsed: 0.020s  Memory: 717.00M
--- Running XOR for 93/44 ---
"input" in: xor.drc:38
    Polygons (raw): 25342 (flat)  76 (hierarchical)
    Elapsed: 0.010s  Memory: 717.00M
"input" in: xor.drc:38
    Polygons (raw): 25342 (flat)  76 (hierarchical)
    Elapsed: 0.010s  Memory: 717.00M
"^" in: xor.drc:38
    Polygons (raw): 0 (flat)  0 (hierarchical)
    Elapsed: 0.290s  Memory: 719.00M
XOR differences: 0
"output" in: xor.drc:40
    Polygons (raw): 0 (flat)  0 (hierarchical)
    Elapsed: 0.010s  Memory: 719.00M
--- Running XOR for 94/20 ---
"input" in: xor.drc:38
    Polygons (raw): 25342 (flat)  76 (hierarchical)
    Elapsed: 0.010s  Memory: 719.00M
"input" in: xor.drc:38
    Polygons (raw): 25342 (flat)  76 (hierarchical)
    Elapsed: 0.010s  Memory: 719.00M
"^" in: xor.drc:38
    Polygons (raw): 0 (flat)  0 (hierarchical)
    Elapsed: 0.360s  Memory: 721.00M
XOR differences: 0
"output" in: xor.drc:40
    Polygons (raw): 0 (flat)  0 (hierarchical)
    Elapsed: 0.010s  Memory: 721.00M
--- Running XOR for 95/20 ---
"input" in: xor.drc:38
    Polygons (raw): 16973 (flat)  83 (hierarchical)
    Elapsed: 0.000s  Memory: 721.00M
"input" in: xor.drc:38
    Polygons (raw): 16973 (flat)  83 (hierarchical)
    Elapsed: 0.000s  Memory: 721.00M
"^" in: xor.drc:38
    Polygons (raw): 0 (flat)  0 (hierarchical)
    Elapsed: 0.310s  Memory: 721.00M
XOR differences: 0
"output" in: xor.drc:40
    Polygons (raw): 0 (flat)  0 (hierarchical)
    Elapsed: 0.010s  Memory: 721.00M
Writing report database: /openlane/designs/RISC_SPM/runs/RUN_2021.12.08_16.43.47/results/klayout/RISC_SPM.xor.xml ..
Total elapsed: 20.710s  Memory: 721.00M
