OpenROAD GITDIR-NOTFOUND 
This program is licensed under the BSD-3 license. See the LICENSE file for details.
Components of this program may be licensed under more restrictive licenses which must be honored.
[INFO ODB-0222] Reading LEF file: /openlane/designs/RISC_SPM/runs/RUN_2021.12.08_16.43.47/tmp/merged_unpadded.lef
[WARNING ODB-0220] WARNING (LEFPARS-2036): SOURCE statement is obsolete in version 5.6 and later.
The LEF parser will ignore this statement.
To avoid this warning in the future, remove this statement from the LEF file with version 5.6 or later. See file /openlane/designs/RISC_SPM/runs/RUN_2021.12.08_16.43.47/tmp/merged_unpadded.lef at line 68187.

[INFO ODB-0223]     Created 13 technology layers
[INFO ODB-0224]     Created 25 technology vias
[INFO ODB-0225]     Created 441 library cells
[INFO ODB-0226] Finished LEF file:  /openlane/designs/RISC_SPM/runs/RUN_2021.12.08_16.43.47/tmp/merged_unpadded.lef
[INFO ODB-0127] Reading DEF file: /openlane/designs/RISC_SPM/runs/RUN_2021.12.08_16.43.47/tmp/floorplan/14-ioPlacer.def
[INFO ODB-0128] Design: RISC_SPM
[INFO ODB-0130]     Created 34 pins.
[INFO ODB-0131]     Created 6515 components and 51772 component-terminals.
[INFO ODB-0133]     Created 6517 nets and 25712 connections.
[INFO ODB-0134] Finished DEF file: /openlane/designs/RISC_SPM/runs/RUN_2021.12.08_16.43.47/tmp/floorplan/14-ioPlacer.def
[WARNING TAP-0014] endcap_cpp option is deprecated.
[INFO TAP-0001] Found 0 macro blocks.
[INFO TAP-0002] Original rows: 158
[INFO TAP-0003] Created 0 rows for a total of 158 rows.
[INFO TAP-0004] Inserted 316 endcaps.
[INFO TAP-0005] Inserted 2640 tapcells.
