
===========================================================================
report_checks -path_delay min (Hold)
============================================================================
Startpoint: rst (input port clocked by clk)
Endpoint: _10815_ (removal check against rising-edge clock clk)
Path Group: **async_default**
Path Type: min

Fanout     Cap    Slew   Delay    Time   Description
-----------------------------------------------------------------------------
                  0.15    0.00    0.00   clock clk (rise edge)
                          0.00    0.00   clock network delay (ideal)
                         60.00   60.00 ^ input external delay
                  0.09    0.05   60.05 ^ rst (in)
     1    0.01                           rst (net)
                  0.09    0.00   60.05 ^ input1/A (sky130_fd_sc_hd__buf_12)
                  0.29    0.26   60.31 ^ input1/X (sky130_fd_sc_hd__buf_12)
    69    0.25                           net1 (net)
                  0.29    0.00   60.31 ^ _10815_/RESET_B (sky130_fd_sc_hd__dfrtp_4)
                                 60.31   data arrival time

                  0.15    0.00    0.00   clock clk (rise edge)
                          0.00    0.00   clock network delay (ideal)
                          0.25    0.25   clock uncertainty
                          0.00    0.25   clock reconvergence pessimism
                                  0.25 ^ _10815_/CLK (sky130_fd_sc_hd__dfrtp_4)
                          0.42    0.67   library removal time
                                  0.67   data required time
-----------------------------------------------------------------------------
                                  0.67   data required time
                                -60.31   data arrival time
-----------------------------------------------------------------------------
                                 59.65   slack (MET)


Startpoint: rst (input port clocked by clk)
Endpoint: _10819_ (removal check against rising-edge clock clk)
Path Group: **async_default**
Path Type: min

Fanout     Cap    Slew   Delay    Time   Description
-----------------------------------------------------------------------------
                  0.15    0.00    0.00   clock clk (rise edge)
                          0.00    0.00   clock network delay (ideal)
                         60.00   60.00 ^ input external delay
                  0.09    0.05   60.05 ^ rst (in)
     1    0.01                           rst (net)
                  0.09    0.00   60.05 ^ input1/A (sky130_fd_sc_hd__buf_12)
                  0.29    0.26   60.31 ^ input1/X (sky130_fd_sc_hd__buf_12)
    69    0.25                           net1 (net)
                  0.29    0.00   60.31 ^ _10819_/RESET_B (sky130_fd_sc_hd__dfrtp_4)
                                 60.31   data arrival time

                  0.15    0.00    0.00   clock clk (rise edge)
                          0.00    0.00   clock network delay (ideal)
                          0.25    0.25   clock uncertainty
                          0.00    0.25   clock reconvergence pessimism
                                  0.25 ^ _10819_/CLK (sky130_fd_sc_hd__dfrtp_4)
                          0.42    0.67   library removal time
                                  0.67   data required time
-----------------------------------------------------------------------------
                                  0.67   data required time
                                -60.31   data arrival time
-----------------------------------------------------------------------------
                                 59.65   slack (MET)


Startpoint: rst (input port clocked by clk)
Endpoint: _10821_ (removal check against rising-edge clock clk)
Path Group: **async_default**
Path Type: min

Fanout     Cap    Slew   Delay    Time   Description
-----------------------------------------------------------------------------
                  0.15    0.00    0.00   clock clk (rise edge)
                          0.00    0.00   clock network delay (ideal)
                         60.00   60.00 ^ input external delay
                  0.09    0.05   60.05 ^ rst (in)
     1    0.01                           rst (net)
                  0.09    0.00   60.05 ^ input1/A (sky130_fd_sc_hd__buf_12)
                  0.29    0.26   60.31 ^ input1/X (sky130_fd_sc_hd__buf_12)
    69    0.25                           net1 (net)
                  0.29    0.00   60.31 ^ _10821_/RESET_B (sky130_fd_sc_hd__dfrtp_4)
                                 60.31   data arrival time

                  0.15    0.00    0.00   clock clk (rise edge)
                          0.00    0.00   clock network delay (ideal)
                          0.25    0.25   clock uncertainty
                          0.00    0.25   clock reconvergence pessimism
                                  0.25 ^ _10821_/CLK (sky130_fd_sc_hd__dfrtp_4)
                          0.42    0.67   library removal time
                                  0.67   data required time
-----------------------------------------------------------------------------
                                  0.67   data required time
                                -60.31   data arrival time
-----------------------------------------------------------------------------
                                 59.65   slack (MET)


Startpoint: rst (input port clocked by clk)
Endpoint: _10822_ (removal check against rising-edge clock clk)
Path Group: **async_default**
Path Type: min

Fanout     Cap    Slew   Delay    Time   Description
-----------------------------------------------------------------------------
                  0.15    0.00    0.00   clock clk (rise edge)
                          0.00    0.00   clock network delay (ideal)
                         60.00   60.00 ^ input external delay
                  0.09    0.05   60.05 ^ rst (in)
     1    0.01                           rst (net)
                  0.09    0.00   60.05 ^ input1/A (sky130_fd_sc_hd__buf_12)
                  0.29    0.26   60.31 ^ input1/X (sky130_fd_sc_hd__buf_12)
    69    0.25                           net1 (net)
                  0.29    0.00   60.31 ^ _10822_/RESET_B (sky130_fd_sc_hd__dfrtp_4)
                                 60.31   data arrival time

                  0.15    0.00    0.00   clock clk (rise edge)
                          0.00    0.00   clock network delay (ideal)
                          0.25    0.25   clock uncertainty
                          0.00    0.25   clock reconvergence pessimism
                                  0.25 ^ _10822_/CLK (sky130_fd_sc_hd__dfrtp_4)
                          0.42    0.67   library removal time
                                  0.67   data required time
-----------------------------------------------------------------------------
                                  0.67   data required time
                                -60.31   data arrival time
-----------------------------------------------------------------------------
                                 59.65   slack (MET)


Startpoint: rst (input port clocked by clk)
Endpoint: _10823_ (removal check against rising-edge clock clk)
Path Group: **async_default**
Path Type: min

Fanout     Cap    Slew   Delay    Time   Description
-----------------------------------------------------------------------------
                  0.15    0.00    0.00   clock clk (rise edge)
                          0.00    0.00   clock network delay (ideal)
                         60.00   60.00 ^ input external delay
                  0.09    0.05   60.05 ^ rst (in)
     1    0.01                           rst (net)
                  0.09    0.00   60.05 ^ input1/A (sky130_fd_sc_hd__buf_12)
                  0.29    0.26   60.31 ^ input1/X (sky130_fd_sc_hd__buf_12)
    69    0.25                           net1 (net)
                  0.29    0.00   60.31 ^ _10823_/RESET_B (sky130_fd_sc_hd__dfrtp_4)
                                 60.31   data arrival time

                  0.15    0.00    0.00   clock clk (rise edge)
                          0.00    0.00   clock network delay (ideal)
                          0.25    0.25   clock uncertainty
                          0.00    0.25   clock reconvergence pessimism
                                  0.25 ^ _10823_/CLK (sky130_fd_sc_hd__dfrtp_4)
                          0.42    0.67   library removal time
                                  0.67   data required time
-----------------------------------------------------------------------------
                                  0.67   data required time
                                -60.31   data arrival time
-----------------------------------------------------------------------------
                                 59.65   slack (MET)


Startpoint: _10519_ (rising edge-triggered flip-flop clocked by clk)
Endpoint: _10519_ (rising edge-triggered flip-flop clocked by clk)
Path Group: clk
Path Type: min

Fanout     Cap    Slew   Delay    Time   Description
-----------------------------------------------------------------------------
                  0.15    0.00    0.00   clock clk (rise edge)
                          0.00    0.00   clock network delay (ideal)
                  0.15    0.00    0.00 ^ _10519_/CLK (sky130_fd_sc_hd__dfxtp_1)
                  0.05    0.31    0.31 ^ _10519_/Q (sky130_fd_sc_hd__dfxtp_1)
     2    0.00                           M2_SRAM.memory[205][0] (net)
                  0.05    0.00    0.31 ^ _05147_/A1 (sky130_fd_sc_hd__a22o_1)
                  0.03    0.10    0.41 ^ _05147_/X (sky130_fd_sc_hd__a22o_1)
     1    0.00                           _02519_ (net)
                  0.03    0.00    0.41 ^ _10519_/D (sky130_fd_sc_hd__dfxtp_1)
                                  0.41   data arrival time

                  0.15    0.00    0.00   clock clk (rise edge)
                          0.00    0.00   clock network delay (ideal)
                          0.25    0.25   clock uncertainty
                          0.00    0.25   clock reconvergence pessimism
                                  0.25 ^ _10519_/CLK (sky130_fd_sc_hd__dfxtp_1)
                         -0.02    0.23   library hold time
                                  0.23   data required time
-----------------------------------------------------------------------------
                                  0.23   data required time
                                 -0.41   data arrival time
-----------------------------------------------------------------------------
                                  0.18   slack (MET)


Startpoint: _10520_ (rising edge-triggered flip-flop clocked by clk)
Endpoint: _10520_ (rising edge-triggered flip-flop clocked by clk)
Path Group: clk
Path Type: min

Fanout     Cap    Slew   Delay    Time   Description
-----------------------------------------------------------------------------
                  0.15    0.00    0.00   clock clk (rise edge)
                          0.00    0.00   clock network delay (ideal)
                  0.15    0.00    0.00 ^ _10520_/CLK (sky130_fd_sc_hd__dfxtp_1)
                  0.05    0.31    0.31 ^ _10520_/Q (sky130_fd_sc_hd__dfxtp_1)
     2    0.00                           M2_SRAM.memory[205][1] (net)
                  0.05    0.00    0.31 ^ _05146_/A1 (sky130_fd_sc_hd__a22o_1)
                  0.03    0.10    0.41 ^ _05146_/X (sky130_fd_sc_hd__a22o_1)
     1    0.00                           _02520_ (net)
                  0.03    0.00    0.41 ^ _10520_/D (sky130_fd_sc_hd__dfxtp_1)
                                  0.41   data arrival time

                  0.15    0.00    0.00   clock clk (rise edge)
                          0.00    0.00   clock network delay (ideal)
                          0.25    0.25   clock uncertainty
                          0.00    0.25   clock reconvergence pessimism
                                  0.25 ^ _10520_/CLK (sky130_fd_sc_hd__dfxtp_1)
                         -0.02    0.23   library hold time
                                  0.23   data required time
-----------------------------------------------------------------------------
                                  0.23   data required time
                                 -0.41   data arrival time
-----------------------------------------------------------------------------
                                  0.18   slack (MET)


Startpoint: _10521_ (rising edge-triggered flip-flop clocked by clk)
Endpoint: _10521_ (rising edge-triggered flip-flop clocked by clk)
Path Group: clk
Path Type: min

Fanout     Cap    Slew   Delay    Time   Description
-----------------------------------------------------------------------------
                  0.15    0.00    0.00   clock clk (rise edge)
                          0.00    0.00   clock network delay (ideal)
                  0.15    0.00    0.00 ^ _10521_/CLK (sky130_fd_sc_hd__dfxtp_1)
                  0.05    0.31    0.31 ^ _10521_/Q (sky130_fd_sc_hd__dfxtp_1)
     2    0.00                           M2_SRAM.memory[205][2] (net)
                  0.05    0.00    0.31 ^ _05145_/A1 (sky130_fd_sc_hd__a22o_1)
                  0.03    0.10    0.41 ^ _05145_/X (sky130_fd_sc_hd__a22o_1)
     1    0.00                           _02521_ (net)
                  0.03    0.00    0.41 ^ _10521_/D (sky130_fd_sc_hd__dfxtp_1)
                                  0.41   data arrival time

                  0.15    0.00    0.00   clock clk (rise edge)
                          0.00    0.00   clock network delay (ideal)
                          0.25    0.25   clock uncertainty
                          0.00    0.25   clock reconvergence pessimism
                                  0.25 ^ _10521_/CLK (sky130_fd_sc_hd__dfxtp_1)
                         -0.02    0.23   library hold time
                                  0.23   data required time
-----------------------------------------------------------------------------
                                  0.23   data required time
                                 -0.41   data arrival time
-----------------------------------------------------------------------------
                                  0.18   slack (MET)


Startpoint: _09522_ (rising edge-triggered flip-flop clocked by clk)
Endpoint: _09522_ (rising edge-triggered flip-flop clocked by clk)
Path Group: clk
Path Type: min

Fanout     Cap    Slew   Delay    Time   Description
-----------------------------------------------------------------------------
                  0.15    0.00    0.00   clock clk (rise edge)
                          0.00    0.00   clock network delay (ideal)
                  0.15    0.00    0.00 ^ _09522_/CLK (sky130_fd_sc_hd__dfxtp_1)
                  0.05    0.31    0.31 ^ _09522_/Q (sky130_fd_sc_hd__dfxtp_1)
     2    0.00                           M2_SRAM.memory[77][3] (net)
                  0.05    0.00    0.31 ^ _06759_/A1 (sky130_fd_sc_hd__a22o_1)
                  0.03    0.10    0.41 ^ _06759_/X (sky130_fd_sc_hd__a22o_1)
     1    0.00                           _01522_ (net)
                  0.03    0.00    0.41 ^ _09522_/D (sky130_fd_sc_hd__dfxtp_1)
                                  0.41   data arrival time

                  0.15    0.00    0.00   clock clk (rise edge)
                          0.00    0.00   clock network delay (ideal)
                          0.25    0.25   clock uncertainty
                          0.00    0.25   clock reconvergence pessimism
                                  0.25 ^ _09522_/CLK (sky130_fd_sc_hd__dfxtp_1)
                         -0.02    0.23   library hold time
                                  0.23   data required time
-----------------------------------------------------------------------------
                                  0.23   data required time
                                 -0.41   data arrival time
-----------------------------------------------------------------------------
                                  0.18   slack (MET)


Startpoint: _09523_ (rising edge-triggered flip-flop clocked by clk)
Endpoint: _09523_ (rising edge-triggered flip-flop clocked by clk)
Path Group: clk
Path Type: min

Fanout     Cap    Slew   Delay    Time   Description
-----------------------------------------------------------------------------
                  0.15    0.00    0.00   clock clk (rise edge)
                          0.00    0.00   clock network delay (ideal)
                  0.15    0.00    0.00 ^ _09523_/CLK (sky130_fd_sc_hd__dfxtp_1)
                  0.05    0.31    0.31 ^ _09523_/Q (sky130_fd_sc_hd__dfxtp_1)
     2    0.00                           M2_SRAM.memory[77][4] (net)
                  0.05    0.00    0.31 ^ _06758_/A1 (sky130_fd_sc_hd__a22o_1)
                  0.03    0.10    0.41 ^ _06758_/X (sky130_fd_sc_hd__a22o_1)
     1    0.00                           _01523_ (net)
                  0.03    0.00    0.41 ^ _09523_/D (sky130_fd_sc_hd__dfxtp_1)
                                  0.41   data arrival time

                  0.15    0.00    0.00   clock clk (rise edge)
                          0.00    0.00   clock network delay (ideal)
                          0.25    0.25   clock uncertainty
                          0.00    0.25   clock reconvergence pessimism
                                  0.25 ^ _09523_/CLK (sky130_fd_sc_hd__dfxtp_1)
                         -0.02    0.23   library hold time
                                  0.23   data required time
-----------------------------------------------------------------------------
                                  0.23   data required time
                                 -0.41   data arrival time
-----------------------------------------------------------------------------
                                  0.18   slack (MET)


