
===========================================================================
report_checks -path_delay min (Hold)
============================================================================
Startpoint: rst (input port clocked by clk)
Endpoint: _10873_ (removal check against rising-edge clock clk)
Path Group: **async_default**
Path Type: min

Fanout     Cap    Slew   Delay    Time   Description
-----------------------------------------------------------------------------
                          0.00    0.00   clock clk (rise edge)
                          0.00    0.00   clock network delay (propagated)
                         60.00   60.00 ^ input external delay
                  0.09    0.05   60.05 ^ rst (in)
     1    0.01                           rst (net)
                  0.09    0.00   60.05 ^ input1/A (sky130_fd_sc_hd__buf_12)
                  0.29    0.26   60.31 ^ input1/X (sky130_fd_sc_hd__buf_12)
    69    0.25                           net1 (net)
                  0.29    0.00   60.31 ^ _10873_/RESET_B (sky130_fd_sc_hd__dfrtp_1)
                                 60.31   data arrival time

                          0.00    0.00   clock clk (rise edge)
                          0.00    0.00   clock source latency
                  0.07    0.05    0.05 ^ clk (in)
     1    0.01                           clk (net)
                  0.07    0.00    0.05 ^ clkbuf_0_clk/A (sky130_fd_sc_hd__clkbuf_16)
                  0.03    0.13    0.18 ^ clkbuf_0_clk/X (sky130_fd_sc_hd__clkbuf_16)
     2    0.00                           clknet_0_clk (net)
                  0.03    0.00    0.18 ^ clkbuf_1_0_0_clk/A (sky130_fd_sc_hd__clkbuf_2)
                  0.04    0.10    0.29 ^ clkbuf_1_0_0_clk/X (sky130_fd_sc_hd__clkbuf_2)
     2    0.00                           clknet_1_0_0_clk (net)
                  0.04    0.00    0.29 ^ clkbuf_2_1_0_clk/A (sky130_fd_sc_hd__clkbuf_2)
                  0.04    0.10    0.39 ^ clkbuf_2_1_0_clk/X (sky130_fd_sc_hd__clkbuf_2)
     2    0.00                           clknet_2_1_0_clk (net)
                  0.04    0.00    0.39 ^ clkbuf_3_2_0_clk/A (sky130_fd_sc_hd__clkbuf_2)
                  0.04    0.10    0.49 ^ clkbuf_3_2_0_clk/X (sky130_fd_sc_hd__clkbuf_2)
     2    0.00                           clknet_3_2_0_clk (net)
                  0.04    0.00    0.49 ^ clkbuf_4_5_0_clk/A (sky130_fd_sc_hd__clkbuf_2)
                  0.43    0.40    0.90 ^ clkbuf_4_5_0_clk/X (sky130_fd_sc_hd__clkbuf_2)
    10    0.08                           clknet_4_5_0_clk (net)
                  0.43    0.00    0.90 ^ clkbuf_leaf_131_clk/A (sky130_fd_sc_hd__clkbuf_16)
                  0.06    0.26    1.16 ^ clkbuf_leaf_131_clk/X (sky130_fd_sc_hd__clkbuf_16)
    18    0.03                           clknet_leaf_131_clk (net)
                  0.06    0.00    1.16 ^ _10873_/CLK (sky130_fd_sc_hd__dfrtp_1)
                          0.25    1.41   clock uncertainty
                          0.00    1.41   clock reconvergence pessimism
                          0.39    1.80   library removal time
                                  1.80   data required time
-----------------------------------------------------------------------------
                                  1.80   data required time
                                -60.31   data arrival time
-----------------------------------------------------------------------------
                                 58.51   slack (MET)


Startpoint: rst (input port clocked by clk)
Endpoint: _10874_ (removal check against rising-edge clock clk)
Path Group: **async_default**
Path Type: min

Fanout     Cap    Slew   Delay    Time   Description
-----------------------------------------------------------------------------
                          0.00    0.00   clock clk (rise edge)
                          0.00    0.00   clock network delay (propagated)
                         60.00   60.00 ^ input external delay
                  0.09    0.05   60.05 ^ rst (in)
     1    0.01                           rst (net)
                  0.09    0.00   60.05 ^ input1/A (sky130_fd_sc_hd__buf_12)
                  0.29    0.26   60.31 ^ input1/X (sky130_fd_sc_hd__buf_12)
    69    0.25                           net1 (net)
                  0.29    0.00   60.31 ^ _10874_/RESET_B (sky130_fd_sc_hd__dfrtp_1)
                                 60.31   data arrival time

                          0.00    0.00   clock clk (rise edge)
                          0.00    0.00   clock source latency
                  0.07    0.05    0.05 ^ clk (in)
     1    0.01                           clk (net)
                  0.07    0.00    0.05 ^ clkbuf_0_clk/A (sky130_fd_sc_hd__clkbuf_16)
                  0.03    0.13    0.18 ^ clkbuf_0_clk/X (sky130_fd_sc_hd__clkbuf_16)
     2    0.00                           clknet_0_clk (net)
                  0.03    0.00    0.18 ^ clkbuf_1_0_0_clk/A (sky130_fd_sc_hd__clkbuf_2)
                  0.04    0.10    0.29 ^ clkbuf_1_0_0_clk/X (sky130_fd_sc_hd__clkbuf_2)
     2    0.00                           clknet_1_0_0_clk (net)
                  0.04    0.00    0.29 ^ clkbuf_2_1_0_clk/A (sky130_fd_sc_hd__clkbuf_2)
                  0.04    0.10    0.39 ^ clkbuf_2_1_0_clk/X (sky130_fd_sc_hd__clkbuf_2)
     2    0.00                           clknet_2_1_0_clk (net)
                  0.04    0.00    0.39 ^ clkbuf_3_2_0_clk/A (sky130_fd_sc_hd__clkbuf_2)
                  0.04    0.10    0.49 ^ clkbuf_3_2_0_clk/X (sky130_fd_sc_hd__clkbuf_2)
     2    0.00                           clknet_3_2_0_clk (net)
                  0.04    0.00    0.49 ^ clkbuf_4_5_0_clk/A (sky130_fd_sc_hd__clkbuf_2)
                  0.43    0.40    0.90 ^ clkbuf_4_5_0_clk/X (sky130_fd_sc_hd__clkbuf_2)
    10    0.08                           clknet_4_5_0_clk (net)
                  0.43    0.00    0.90 ^ clkbuf_leaf_131_clk/A (sky130_fd_sc_hd__clkbuf_16)
                  0.06    0.26    1.16 ^ clkbuf_leaf_131_clk/X (sky130_fd_sc_hd__clkbuf_16)
    18    0.03                           clknet_leaf_131_clk (net)
                  0.06    0.00    1.16 ^ _10874_/CLK (sky130_fd_sc_hd__dfrtp_1)
                          0.25    1.41   clock uncertainty
                          0.00    1.41   clock reconvergence pessimism
                          0.39    1.80   library removal time
                                  1.80   data required time
-----------------------------------------------------------------------------
                                  1.80   data required time
                                -60.31   data arrival time
-----------------------------------------------------------------------------
                                 58.51   slack (MET)


Startpoint: rst (input port clocked by clk)
Endpoint: _10848_ (removal check against rising-edge clock clk)
Path Group: **async_default**
Path Type: min

Fanout     Cap    Slew   Delay    Time   Description
-----------------------------------------------------------------------------
                          0.00    0.00   clock clk (rise edge)
                          0.00    0.00   clock network delay (propagated)
                         60.00   60.00 ^ input external delay
                  0.09    0.05   60.05 ^ rst (in)
     1    0.01                           rst (net)
                  0.09    0.00   60.05 ^ input1/A (sky130_fd_sc_hd__buf_12)
                  0.29    0.26   60.31 ^ input1/X (sky130_fd_sc_hd__buf_12)
    69    0.25                           net1 (net)
                  0.29    0.00   60.31 ^ _10848_/RESET_B (sky130_fd_sc_hd__dfrtp_1)
                                 60.31   data arrival time

                          0.00    0.00   clock clk (rise edge)
                          0.00    0.00   clock source latency
                  0.07    0.05    0.05 ^ clk (in)
     1    0.01                           clk (net)
                  0.07    0.00    0.05 ^ clkbuf_0_clk/A (sky130_fd_sc_hd__clkbuf_16)
                  0.03    0.13    0.18 ^ clkbuf_0_clk/X (sky130_fd_sc_hd__clkbuf_16)
     2    0.00                           clknet_0_clk (net)
                  0.03    0.00    0.18 ^ clkbuf_1_0_0_clk/A (sky130_fd_sc_hd__clkbuf_2)
                  0.04    0.10    0.29 ^ clkbuf_1_0_0_clk/X (sky130_fd_sc_hd__clkbuf_2)
     2    0.00                           clknet_1_0_0_clk (net)
                  0.04    0.00    0.29 ^ clkbuf_2_1_0_clk/A (sky130_fd_sc_hd__clkbuf_2)
                  0.04    0.10    0.39 ^ clkbuf_2_1_0_clk/X (sky130_fd_sc_hd__clkbuf_2)
     2    0.00                           clknet_2_1_0_clk (net)
                  0.04    0.00    0.39 ^ clkbuf_3_2_0_clk/A (sky130_fd_sc_hd__clkbuf_2)
                  0.04    0.10    0.49 ^ clkbuf_3_2_0_clk/X (sky130_fd_sc_hd__clkbuf_2)
     2    0.00                           clknet_3_2_0_clk (net)
                  0.04    0.00    0.49 ^ clkbuf_4_5_0_clk/A (sky130_fd_sc_hd__clkbuf_2)
                  0.43    0.40    0.90 ^ clkbuf_4_5_0_clk/X (sky130_fd_sc_hd__clkbuf_2)
    10    0.08                           clknet_4_5_0_clk (net)
                  0.43    0.00    0.90 ^ clkbuf_leaf_129_clk/A (sky130_fd_sc_hd__clkbuf_16)
                  0.05    0.25    1.15 ^ clkbuf_leaf_129_clk/X (sky130_fd_sc_hd__clkbuf_16)
    11    0.02                           clknet_leaf_129_clk (net)
                  0.05    0.00    1.15 ^ _10848_/CLK (sky130_fd_sc_hd__dfrtp_1)
                          0.25    1.40   clock uncertainty
                          0.00    1.40   clock reconvergence pessimism
                          0.39    1.79   library removal time
                                  1.79   data required time
-----------------------------------------------------------------------------
                                  1.79   data required time
                                -60.31   data arrival time
-----------------------------------------------------------------------------
                                 58.53   slack (MET)


Startpoint: rst (input port clocked by clk)
Endpoint: _10849_ (removal check against rising-edge clock clk)
Path Group: **async_default**
Path Type: min

Fanout     Cap    Slew   Delay    Time   Description
-----------------------------------------------------------------------------
                          0.00    0.00   clock clk (rise edge)
                          0.00    0.00   clock network delay (propagated)
                         60.00   60.00 ^ input external delay
                  0.09    0.05   60.05 ^ rst (in)
     1    0.01                           rst (net)
                  0.09    0.00   60.05 ^ input1/A (sky130_fd_sc_hd__buf_12)
                  0.29    0.26   60.31 ^ input1/X (sky130_fd_sc_hd__buf_12)
    69    0.25                           net1 (net)
                  0.29    0.00   60.31 ^ _10849_/RESET_B (sky130_fd_sc_hd__dfrtp_1)
                                 60.31   data arrival time

                          0.00    0.00   clock clk (rise edge)
                          0.00    0.00   clock source latency
                  0.07    0.05    0.05 ^ clk (in)
     1    0.01                           clk (net)
                  0.07    0.00    0.05 ^ clkbuf_0_clk/A (sky130_fd_sc_hd__clkbuf_16)
                  0.03    0.13    0.18 ^ clkbuf_0_clk/X (sky130_fd_sc_hd__clkbuf_16)
     2    0.00                           clknet_0_clk (net)
                  0.03    0.00    0.18 ^ clkbuf_1_0_0_clk/A (sky130_fd_sc_hd__clkbuf_2)
                  0.04    0.10    0.29 ^ clkbuf_1_0_0_clk/X (sky130_fd_sc_hd__clkbuf_2)
     2    0.00                           clknet_1_0_0_clk (net)
                  0.04    0.00    0.29 ^ clkbuf_2_1_0_clk/A (sky130_fd_sc_hd__clkbuf_2)
                  0.04    0.10    0.39 ^ clkbuf_2_1_0_clk/X (sky130_fd_sc_hd__clkbuf_2)
     2    0.00                           clknet_2_1_0_clk (net)
                  0.04    0.00    0.39 ^ clkbuf_3_2_0_clk/A (sky130_fd_sc_hd__clkbuf_2)
                  0.04    0.10    0.49 ^ clkbuf_3_2_0_clk/X (sky130_fd_sc_hd__clkbuf_2)
     2    0.00                           clknet_3_2_0_clk (net)
                  0.04    0.00    0.49 ^ clkbuf_4_5_0_clk/A (sky130_fd_sc_hd__clkbuf_2)
                  0.43    0.40    0.90 ^ clkbuf_4_5_0_clk/X (sky130_fd_sc_hd__clkbuf_2)
    10    0.08                           clknet_4_5_0_clk (net)
                  0.43    0.00    0.90 ^ clkbuf_leaf_129_clk/A (sky130_fd_sc_hd__clkbuf_16)
                  0.05    0.25    1.15 ^ clkbuf_leaf_129_clk/X (sky130_fd_sc_hd__clkbuf_16)
    11    0.02                           clknet_leaf_129_clk (net)
                  0.05    0.00    1.15 ^ _10849_/CLK (sky130_fd_sc_hd__dfrtp_1)
                          0.25    1.40   clock uncertainty
                          0.00    1.40   clock reconvergence pessimism
                          0.39    1.79   library removal time
                                  1.79   data required time
-----------------------------------------------------------------------------
                                  1.79   data required time
                                -60.31   data arrival time
-----------------------------------------------------------------------------
                                 58.53   slack (MET)


Startpoint: rst (input port clocked by clk)
Endpoint: _10850_ (removal check against rising-edge clock clk)
Path Group: **async_default**
Path Type: min

Fanout     Cap    Slew   Delay    Time   Description
-----------------------------------------------------------------------------
                          0.00    0.00   clock clk (rise edge)
                          0.00    0.00   clock network delay (propagated)
                         60.00   60.00 ^ input external delay
                  0.09    0.05   60.05 ^ rst (in)
     1    0.01                           rst (net)
                  0.09    0.00   60.05 ^ input1/A (sky130_fd_sc_hd__buf_12)
                  0.29    0.26   60.31 ^ input1/X (sky130_fd_sc_hd__buf_12)
    69    0.25                           net1 (net)
                  0.29    0.00   60.31 ^ _10850_/RESET_B (sky130_fd_sc_hd__dfrtp_1)
                                 60.31   data arrival time

                          0.00    0.00   clock clk (rise edge)
                          0.00    0.00   clock source latency
                  0.07    0.05    0.05 ^ clk (in)
     1    0.01                           clk (net)
                  0.07    0.00    0.05 ^ clkbuf_0_clk/A (sky130_fd_sc_hd__clkbuf_16)
                  0.03    0.13    0.18 ^ clkbuf_0_clk/X (sky130_fd_sc_hd__clkbuf_16)
     2    0.00                           clknet_0_clk (net)
                  0.03    0.00    0.18 ^ clkbuf_1_0_0_clk/A (sky130_fd_sc_hd__clkbuf_2)
                  0.04    0.10    0.29 ^ clkbuf_1_0_0_clk/X (sky130_fd_sc_hd__clkbuf_2)
     2    0.00                           clknet_1_0_0_clk (net)
                  0.04    0.00    0.29 ^ clkbuf_2_1_0_clk/A (sky130_fd_sc_hd__clkbuf_2)
                  0.04    0.10    0.39 ^ clkbuf_2_1_0_clk/X (sky130_fd_sc_hd__clkbuf_2)
     2    0.00                           clknet_2_1_0_clk (net)
                  0.04    0.00    0.39 ^ clkbuf_3_2_0_clk/A (sky130_fd_sc_hd__clkbuf_2)
                  0.04    0.10    0.49 ^ clkbuf_3_2_0_clk/X (sky130_fd_sc_hd__clkbuf_2)
     2    0.00                           clknet_3_2_0_clk (net)
                  0.04    0.00    0.49 ^ clkbuf_4_5_0_clk/A (sky130_fd_sc_hd__clkbuf_2)
                  0.43    0.40    0.90 ^ clkbuf_4_5_0_clk/X (sky130_fd_sc_hd__clkbuf_2)
    10    0.08                           clknet_4_5_0_clk (net)
                  0.43    0.00    0.90 ^ clkbuf_leaf_129_clk/A (sky130_fd_sc_hd__clkbuf_16)
                  0.05    0.25    1.15 ^ clkbuf_leaf_129_clk/X (sky130_fd_sc_hd__clkbuf_16)
    11    0.02                           clknet_leaf_129_clk (net)
                  0.05    0.00    1.15 ^ _10850_/CLK (sky130_fd_sc_hd__dfrtp_1)
                          0.25    1.40   clock uncertainty
                          0.00    1.40   clock reconvergence pessimism
                          0.39    1.79   library removal time
                                  1.79   data required time
-----------------------------------------------------------------------------
                                  1.79   data required time
                                -60.31   data arrival time
-----------------------------------------------------------------------------
                                 58.53   slack (MET)


Startpoint: _10741_ (rising edge-triggered flip-flop clocked by clk)
Endpoint: _10741_ (rising edge-triggered flip-flop clocked by clk)
Path Group: clk
Path Type: min

Fanout     Cap    Slew   Delay    Time   Description
-----------------------------------------------------------------------------
                          0.00    0.00   clock clk (rise edge)
                          0.00    0.00   clock source latency
                  0.07    0.04    0.04 ^ clk (in)
     1    0.01                           clk (net)
                  0.07    0.00    0.04 ^ clkbuf_0_clk/A (sky130_fd_sc_hd__clkbuf_16)
                  0.03    0.11    0.15 ^ clkbuf_0_clk/X (sky130_fd_sc_hd__clkbuf_16)
     2    0.00                           clknet_0_clk (net)
                  0.03    0.00    0.15 ^ clkbuf_1_0_0_clk/A (sky130_fd_sc_hd__clkbuf_2)
                  0.04    0.08    0.23 ^ clkbuf_1_0_0_clk/X (sky130_fd_sc_hd__clkbuf_2)
     2    0.00                           clknet_1_0_0_clk (net)
                  0.04    0.00    0.23 ^ clkbuf_2_0_0_clk/A (sky130_fd_sc_hd__clkbuf_2)
                  0.04    0.09    0.32 ^ clkbuf_2_0_0_clk/X (sky130_fd_sc_hd__clkbuf_2)
     2    0.00                           clknet_2_0_0_clk (net)
                  0.04    0.00    0.32 ^ clkbuf_3_0_0_clk/A (sky130_fd_sc_hd__clkbuf_2)
                  0.04    0.09    0.40 ^ clkbuf_3_0_0_clk/X (sky130_fd_sc_hd__clkbuf_2)
     2    0.00                           clknet_3_0_0_clk (net)
                  0.04    0.00    0.40 ^ clkbuf_4_0_0_clk/A (sky130_fd_sc_hd__clkbuf_2)
                  0.47    0.35    0.76 ^ clkbuf_4_0_0_clk/X (sky130_fd_sc_hd__clkbuf_2)
    11    0.09                           clknet_4_0_0_clk (net)
                  0.47    0.00    0.76 ^ clkbuf_leaf_166_clk/A (sky130_fd_sc_hd__clkbuf_16)
                  0.04    0.20    0.96 ^ clkbuf_leaf_166_clk/X (sky130_fd_sc_hd__clkbuf_16)
     4    0.01                           clknet_leaf_166_clk (net)
                  0.04    0.00    0.96 ^ _10741_/CLK (sky130_fd_sc_hd__dfxtp_1)
                  0.05    0.28    1.23 ^ _10741_/Q (sky130_fd_sc_hd__dfxtp_1)
     2    0.00                           M2_SRAM.memory[225][6] (net)
                  0.05    0.00    1.23 ^ _04766_/A1 (sky130_fd_sc_hd__a22o_1)
                  0.03    0.10    1.34 ^ _04766_/X (sky130_fd_sc_hd__a22o_1)
     1    0.00                           _02741_ (net)
                  0.03    0.00    1.34 ^ _10741_/D (sky130_fd_sc_hd__dfxtp_1)
                                  1.34   data arrival time

                          0.00    0.00   clock clk (rise edge)
                          0.00    0.00   clock source latency
                  0.07    0.05    0.05 ^ clk (in)
     1    0.01                           clk (net)
                  0.07    0.00    0.05 ^ clkbuf_0_clk/A (sky130_fd_sc_hd__clkbuf_16)
                  0.03    0.13    0.18 ^ clkbuf_0_clk/X (sky130_fd_sc_hd__clkbuf_16)
     2    0.00                           clknet_0_clk (net)
                  0.03    0.00    0.18 ^ clkbuf_1_0_0_clk/A (sky130_fd_sc_hd__clkbuf_2)
                  0.04    0.10    0.29 ^ clkbuf_1_0_0_clk/X (sky130_fd_sc_hd__clkbuf_2)
     2    0.00                           clknet_1_0_0_clk (net)
                  0.04    0.00    0.29 ^ clkbuf_2_0_0_clk/A (sky130_fd_sc_hd__clkbuf_2)
                  0.04    0.10    0.39 ^ clkbuf_2_0_0_clk/X (sky130_fd_sc_hd__clkbuf_2)
     2    0.00                           clknet_2_0_0_clk (net)
                  0.04    0.00    0.39 ^ clkbuf_3_0_0_clk/A (sky130_fd_sc_hd__clkbuf_2)
                  0.04    0.10    0.49 ^ clkbuf_3_0_0_clk/X (sky130_fd_sc_hd__clkbuf_2)
     2    0.00                           clknet_3_0_0_clk (net)
                  0.04    0.00    0.49 ^ clkbuf_4_0_0_clk/A (sky130_fd_sc_hd__clkbuf_2)
                  0.47    0.43    0.93 ^ clkbuf_4_0_0_clk/X (sky130_fd_sc_hd__clkbuf_2)
    11    0.09                           clknet_4_0_0_clk (net)
                  0.47    0.00    0.93 ^ clkbuf_leaf_166_clk/A (sky130_fd_sc_hd__clkbuf_16)
                  0.04    0.24    1.17 ^ clkbuf_leaf_166_clk/X (sky130_fd_sc_hd__clkbuf_16)
     4    0.01                           clknet_leaf_166_clk (net)
                  0.04    0.00    1.17 ^ _10741_/CLK (sky130_fd_sc_hd__dfxtp_1)
                          0.25    1.42   clock uncertainty
                         -0.21    1.21   clock reconvergence pessimism
                         -0.03    1.18   library hold time
                                  1.18   data required time
-----------------------------------------------------------------------------
                                  1.18   data required time
                                 -1.34   data arrival time
-----------------------------------------------------------------------------
                                  0.16   slack (MET)


Startpoint: _10742_ (rising edge-triggered flip-flop clocked by clk)
Endpoint: _10742_ (rising edge-triggered flip-flop clocked by clk)
Path Group: clk
Path Type: min

Fanout     Cap    Slew   Delay    Time   Description
-----------------------------------------------------------------------------
                          0.00    0.00   clock clk (rise edge)
                          0.00    0.00   clock source latency
                  0.07    0.04    0.04 ^ clk (in)
     1    0.01                           clk (net)
                  0.07    0.00    0.04 ^ clkbuf_0_clk/A (sky130_fd_sc_hd__clkbuf_16)
                  0.03    0.11    0.15 ^ clkbuf_0_clk/X (sky130_fd_sc_hd__clkbuf_16)
     2    0.00                           clknet_0_clk (net)
                  0.03    0.00    0.15 ^ clkbuf_1_0_0_clk/A (sky130_fd_sc_hd__clkbuf_2)
                  0.04    0.08    0.23 ^ clkbuf_1_0_0_clk/X (sky130_fd_sc_hd__clkbuf_2)
     2    0.00                           clknet_1_0_0_clk (net)
                  0.04    0.00    0.23 ^ clkbuf_2_0_0_clk/A (sky130_fd_sc_hd__clkbuf_2)
                  0.04    0.09    0.32 ^ clkbuf_2_0_0_clk/X (sky130_fd_sc_hd__clkbuf_2)
     2    0.00                           clknet_2_0_0_clk (net)
                  0.04    0.00    0.32 ^ clkbuf_3_0_0_clk/A (sky130_fd_sc_hd__clkbuf_2)
                  0.04    0.09    0.40 ^ clkbuf_3_0_0_clk/X (sky130_fd_sc_hd__clkbuf_2)
     2    0.00                           clknet_3_0_0_clk (net)
                  0.04    0.00    0.40 ^ clkbuf_4_0_0_clk/A (sky130_fd_sc_hd__clkbuf_2)
                  0.47    0.35    0.76 ^ clkbuf_4_0_0_clk/X (sky130_fd_sc_hd__clkbuf_2)
    11    0.09                           clknet_4_0_0_clk (net)
                  0.47    0.00    0.76 ^ clkbuf_leaf_166_clk/A (sky130_fd_sc_hd__clkbuf_16)
                  0.04    0.20    0.96 ^ clkbuf_leaf_166_clk/X (sky130_fd_sc_hd__clkbuf_16)
     4    0.01                           clknet_leaf_166_clk (net)
                  0.04    0.00    0.96 ^ _10742_/CLK (sky130_fd_sc_hd__dfxtp_1)
                  0.05    0.28    1.23 ^ _10742_/Q (sky130_fd_sc_hd__dfxtp_1)
     2    0.00                           M2_SRAM.memory[225][7] (net)
                  0.05    0.00    1.23 ^ _04765_/A1 (sky130_fd_sc_hd__a22o_1)
                  0.03    0.10    1.34 ^ _04765_/X (sky130_fd_sc_hd__a22o_1)
     1    0.00                           _02742_ (net)
                  0.03    0.00    1.34 ^ _10742_/D (sky130_fd_sc_hd__dfxtp_1)
                                  1.34   data arrival time

                          0.00    0.00   clock clk (rise edge)
                          0.00    0.00   clock source latency
                  0.07    0.05    0.05 ^ clk (in)
     1    0.01                           clk (net)
                  0.07    0.00    0.05 ^ clkbuf_0_clk/A (sky130_fd_sc_hd__clkbuf_16)
                  0.03    0.13    0.18 ^ clkbuf_0_clk/X (sky130_fd_sc_hd__clkbuf_16)
     2    0.00                           clknet_0_clk (net)
                  0.03    0.00    0.18 ^ clkbuf_1_0_0_clk/A (sky130_fd_sc_hd__clkbuf_2)
                  0.04    0.10    0.29 ^ clkbuf_1_0_0_clk/X (sky130_fd_sc_hd__clkbuf_2)
     2    0.00                           clknet_1_0_0_clk (net)
                  0.04    0.00    0.29 ^ clkbuf_2_0_0_clk/A (sky130_fd_sc_hd__clkbuf_2)
                  0.04    0.10    0.39 ^ clkbuf_2_0_0_clk/X (sky130_fd_sc_hd__clkbuf_2)
     2    0.00                           clknet_2_0_0_clk (net)
                  0.04    0.00    0.39 ^ clkbuf_3_0_0_clk/A (sky130_fd_sc_hd__clkbuf_2)
                  0.04    0.10    0.49 ^ clkbuf_3_0_0_clk/X (sky130_fd_sc_hd__clkbuf_2)
     2    0.00                           clknet_3_0_0_clk (net)
                  0.04    0.00    0.49 ^ clkbuf_4_0_0_clk/A (sky130_fd_sc_hd__clkbuf_2)
                  0.47    0.43    0.93 ^ clkbuf_4_0_0_clk/X (sky130_fd_sc_hd__clkbuf_2)
    11    0.09                           clknet_4_0_0_clk (net)
                  0.47    0.00    0.93 ^ clkbuf_leaf_166_clk/A (sky130_fd_sc_hd__clkbuf_16)
                  0.04    0.24    1.17 ^ clkbuf_leaf_166_clk/X (sky130_fd_sc_hd__clkbuf_16)
     4    0.01                           clknet_leaf_166_clk (net)
                  0.04    0.00    1.17 ^ _10742_/CLK (sky130_fd_sc_hd__dfxtp_1)
                          0.25    1.42   clock uncertainty
                         -0.21    1.21   clock reconvergence pessimism
                         -0.03    1.18   library hold time
                                  1.18   data required time
-----------------------------------------------------------------------------
                                  1.18   data required time
                                 -1.34   data arrival time
-----------------------------------------------------------------------------
                                  0.16   slack (MET)


Startpoint: _10009_ (rising edge-triggered flip-flop clocked by clk)
Endpoint: _10009_ (rising edge-triggered flip-flop clocked by clk)
Path Group: clk
Path Type: min

Fanout     Cap    Slew   Delay    Time   Description
-----------------------------------------------------------------------------
                          0.00    0.00   clock clk (rise edge)
                          0.00    0.00   clock source latency
                  0.07    0.04    0.04 ^ clk (in)
     1    0.01                           clk (net)
                  0.07    0.00    0.04 ^ clkbuf_0_clk/A (sky130_fd_sc_hd__clkbuf_16)
                  0.03    0.11    0.15 ^ clkbuf_0_clk/X (sky130_fd_sc_hd__clkbuf_16)
     2    0.00                           clknet_0_clk (net)
                  0.03    0.00    0.15 ^ clkbuf_1_0_0_clk/A (sky130_fd_sc_hd__clkbuf_2)
                  0.04    0.08    0.23 ^ clkbuf_1_0_0_clk/X (sky130_fd_sc_hd__clkbuf_2)
     2    0.00                           clknet_1_0_0_clk (net)
                  0.04    0.00    0.23 ^ clkbuf_2_0_0_clk/A (sky130_fd_sc_hd__clkbuf_2)
                  0.04    0.09    0.32 ^ clkbuf_2_0_0_clk/X (sky130_fd_sc_hd__clkbuf_2)
     2    0.00                           clknet_2_0_0_clk (net)
                  0.04    0.00    0.32 ^ clkbuf_3_1_0_clk/A (sky130_fd_sc_hd__clkbuf_2)
                  0.04    0.09    0.40 ^ clkbuf_3_1_0_clk/X (sky130_fd_sc_hd__clkbuf_2)
     2    0.00                           clknet_3_1_0_clk (net)
                  0.04    0.00    0.40 ^ clkbuf_4_3_0_clk/A (sky130_fd_sc_hd__clkbuf_2)
                  0.55    0.41    0.81 ^ clkbuf_4_3_0_clk/X (sky130_fd_sc_hd__clkbuf_2)
    13    0.10                           clknet_4_3_0_clk (net)
                  0.55    0.00    0.81 ^ clkbuf_leaf_150_clk/A (sky130_fd_sc_hd__clkbuf_16)
                  0.04    0.21    1.02 ^ clkbuf_leaf_150_clk/X (sky130_fd_sc_hd__clkbuf_16)
     2    0.00                           clknet_leaf_150_clk (net)
                  0.04    0.00    1.02 ^ _10009_/CLK (sky130_fd_sc_hd__dfxtp_1)
                  0.05    0.28    1.29 ^ _10009_/Q (sky130_fd_sc_hd__dfxtp_1)
     2    0.00                           M2_SRAM.memory[247][2] (net)
                  0.05    0.00    1.29 ^ _05977_/A1 (sky130_fd_sc_hd__a22o_1)
                  0.03    0.10    1.40 ^ _05977_/X (sky130_fd_sc_hd__a22o_1)
     1    0.00                           _02009_ (net)
                  0.03    0.00    1.40 ^ _10009_/D (sky130_fd_sc_hd__dfxtp_1)
                                  1.40   data arrival time

                          0.00    0.00   clock clk (rise edge)
                          0.00    0.00   clock source latency
                  0.07    0.05    0.05 ^ clk (in)
     1    0.01                           clk (net)
                  0.07    0.00    0.05 ^ clkbuf_0_clk/A (sky130_fd_sc_hd__clkbuf_16)
                  0.03    0.13    0.18 ^ clkbuf_0_clk/X (sky130_fd_sc_hd__clkbuf_16)
     2    0.00                           clknet_0_clk (net)
                  0.03    0.00    0.18 ^ clkbuf_1_0_0_clk/A (sky130_fd_sc_hd__clkbuf_2)
                  0.04    0.10    0.29 ^ clkbuf_1_0_0_clk/X (sky130_fd_sc_hd__clkbuf_2)
     2    0.00                           clknet_1_0_0_clk (net)
                  0.04    0.00    0.29 ^ clkbuf_2_0_0_clk/A (sky130_fd_sc_hd__clkbuf_2)
                  0.04    0.10    0.39 ^ clkbuf_2_0_0_clk/X (sky130_fd_sc_hd__clkbuf_2)
     2    0.00                           clknet_2_0_0_clk (net)
                  0.04    0.00    0.39 ^ clkbuf_3_1_0_clk/A (sky130_fd_sc_hd__clkbuf_2)
                  0.04    0.10    0.49 ^ clkbuf_3_1_0_clk/X (sky130_fd_sc_hd__clkbuf_2)
     2    0.00                           clknet_3_1_0_clk (net)
                  0.04    0.00    0.49 ^ clkbuf_4_3_0_clk/A (sky130_fd_sc_hd__clkbuf_2)
                  0.55    0.50    0.99 ^ clkbuf_4_3_0_clk/X (sky130_fd_sc_hd__clkbuf_2)
    13    0.10                           clknet_4_3_0_clk (net)
                  0.55    0.00    0.99 ^ clkbuf_leaf_150_clk/A (sky130_fd_sc_hd__clkbuf_16)
                  0.04    0.25    1.24 ^ clkbuf_leaf_150_clk/X (sky130_fd_sc_hd__clkbuf_16)
     2    0.00                           clknet_leaf_150_clk (net)
                  0.04    0.00    1.24 ^ _10009_/CLK (sky130_fd_sc_hd__dfxtp_1)
                          0.25    1.49   clock uncertainty
                         -0.23    1.27   clock reconvergence pessimism
                         -0.03    1.24   library hold time
                                  1.24   data required time
-----------------------------------------------------------------------------
                                  1.24   data required time
                                 -1.40   data arrival time
-----------------------------------------------------------------------------
                                  0.16   slack (MET)


Startpoint: _10098_ (rising edge-triggered flip-flop clocked by clk)
Endpoint: _10098_ (rising edge-triggered flip-flop clocked by clk)
Path Group: clk
Path Type: min

Fanout     Cap    Slew   Delay    Time   Description
-----------------------------------------------------------------------------
                          0.00    0.00   clock clk (rise edge)
                          0.00    0.00   clock source latency
                  0.07    0.04    0.04 ^ clk (in)
     1    0.01                           clk (net)
                  0.07    0.00    0.04 ^ clkbuf_0_clk/A (sky130_fd_sc_hd__clkbuf_16)
                  0.03    0.11    0.15 ^ clkbuf_0_clk/X (sky130_fd_sc_hd__clkbuf_16)
     2    0.00                           clknet_0_clk (net)
                  0.03    0.00    0.15 ^ clkbuf_1_0_0_clk/A (sky130_fd_sc_hd__clkbuf_2)
                  0.04    0.08    0.23 ^ clkbuf_1_0_0_clk/X (sky130_fd_sc_hd__clkbuf_2)
     2    0.00                           clknet_1_0_0_clk (net)
                  0.04    0.00    0.23 ^ clkbuf_2_1_0_clk/A (sky130_fd_sc_hd__clkbuf_2)
                  0.04    0.09    0.32 ^ clkbuf_2_1_0_clk/X (sky130_fd_sc_hd__clkbuf_2)
     2    0.00                           clknet_2_1_0_clk (net)
                  0.04    0.00    0.32 ^ clkbuf_3_2_0_clk/A (sky130_fd_sc_hd__clkbuf_2)
                  0.04    0.09    0.40 ^ clkbuf_3_2_0_clk/X (sky130_fd_sc_hd__clkbuf_2)
     2    0.00                           clknet_3_2_0_clk (net)
                  0.04    0.00    0.40 ^ clkbuf_4_5_0_clk/A (sky130_fd_sc_hd__clkbuf_2)
                  0.43    0.33    0.73 ^ clkbuf_4_5_0_clk/X (sky130_fd_sc_hd__clkbuf_2)
    10    0.08                           clknet_4_5_0_clk (net)
                  0.43    0.00    0.73 ^ clkbuf_leaf_124_clk/A (sky130_fd_sc_hd__clkbuf_16)
                  0.04    0.20    0.93 ^ clkbuf_leaf_124_clk/X (sky130_fd_sc_hd__clkbuf_16)
     5    0.01                           clknet_leaf_124_clk (net)
                  0.04    0.00    0.93 ^ _10098_/CLK (sky130_fd_sc_hd__dfxtp_1)
                  0.05    0.28    1.20 ^ _10098_/Q (sky130_fd_sc_hd__dfxtp_1)
     2    0.00                           M2_SRAM.memory[162][3] (net)
                  0.05    0.00    1.20 ^ _05834_/A1 (sky130_fd_sc_hd__a22o_1)
                  0.03    0.10    1.31 ^ _05834_/X (sky130_fd_sc_hd__a22o_1)
     1    0.00                           _02098_ (net)
                  0.03    0.00    1.31 ^ _10098_/D (sky130_fd_sc_hd__dfxtp_1)
                                  1.31   data arrival time

                          0.00    0.00   clock clk (rise edge)
                          0.00    0.00   clock source latency
                  0.07    0.05    0.05 ^ clk (in)
     1    0.01                           clk (net)
                  0.07    0.00    0.05 ^ clkbuf_0_clk/A (sky130_fd_sc_hd__clkbuf_16)
                  0.03    0.13    0.18 ^ clkbuf_0_clk/X (sky130_fd_sc_hd__clkbuf_16)
     2    0.00                           clknet_0_clk (net)
                  0.03    0.00    0.18 ^ clkbuf_1_0_0_clk/A (sky130_fd_sc_hd__clkbuf_2)
                  0.04    0.10    0.29 ^ clkbuf_1_0_0_clk/X (sky130_fd_sc_hd__clkbuf_2)
     2    0.00                           clknet_1_0_0_clk (net)
                  0.04    0.00    0.29 ^ clkbuf_2_1_0_clk/A (sky130_fd_sc_hd__clkbuf_2)
                  0.04    0.10    0.39 ^ clkbuf_2_1_0_clk/X (sky130_fd_sc_hd__clkbuf_2)
     2    0.00                           clknet_2_1_0_clk (net)
                  0.04    0.00    0.39 ^ clkbuf_3_2_0_clk/A (sky130_fd_sc_hd__clkbuf_2)
                  0.04    0.10    0.49 ^ clkbuf_3_2_0_clk/X (sky130_fd_sc_hd__clkbuf_2)
     2    0.00                           clknet_3_2_0_clk (net)
                  0.04    0.00    0.49 ^ clkbuf_4_5_0_clk/A (sky130_fd_sc_hd__clkbuf_2)
                  0.43    0.40    0.90 ^ clkbuf_4_5_0_clk/X (sky130_fd_sc_hd__clkbuf_2)
    10    0.08                           clknet_4_5_0_clk (net)
                  0.43    0.00    0.90 ^ clkbuf_leaf_124_clk/A (sky130_fd_sc_hd__clkbuf_16)
                  0.04    0.24    1.14 ^ clkbuf_leaf_124_clk/X (sky130_fd_sc_hd__clkbuf_16)
     5    0.01                           clknet_leaf_124_clk (net)
                  0.04    0.00    1.14 ^ _10098_/CLK (sky130_fd_sc_hd__dfxtp_1)
                          0.25    1.39   clock uncertainty
                         -0.21    1.18   clock reconvergence pessimism
                         -0.03    1.15   library hold time
                                  1.15   data required time
-----------------------------------------------------------------------------
                                  1.15   data required time
                                 -1.31   data arrival time
-----------------------------------------------------------------------------
                                  0.16   slack (MET)


Startpoint: _10102_ (rising edge-triggered flip-flop clocked by clk)
Endpoint: _10102_ (rising edge-triggered flip-flop clocked by clk)
Path Group: clk
Path Type: min

Fanout     Cap    Slew   Delay    Time   Description
-----------------------------------------------------------------------------
                          0.00    0.00   clock clk (rise edge)
                          0.00    0.00   clock source latency
                  0.07    0.04    0.04 ^ clk (in)
     1    0.01                           clk (net)
                  0.07    0.00    0.04 ^ clkbuf_0_clk/A (sky130_fd_sc_hd__clkbuf_16)
                  0.03    0.11    0.15 ^ clkbuf_0_clk/X (sky130_fd_sc_hd__clkbuf_16)
     2    0.00                           clknet_0_clk (net)
                  0.03    0.00    0.15 ^ clkbuf_1_0_0_clk/A (sky130_fd_sc_hd__clkbuf_2)
                  0.04    0.08    0.23 ^ clkbuf_1_0_0_clk/X (sky130_fd_sc_hd__clkbuf_2)
     2    0.00                           clknet_1_0_0_clk (net)
                  0.04    0.00    0.23 ^ clkbuf_2_1_0_clk/A (sky130_fd_sc_hd__clkbuf_2)
                  0.04    0.09    0.32 ^ clkbuf_2_1_0_clk/X (sky130_fd_sc_hd__clkbuf_2)
     2    0.00                           clknet_2_1_0_clk (net)
                  0.04    0.00    0.32 ^ clkbuf_3_2_0_clk/A (sky130_fd_sc_hd__clkbuf_2)
                  0.04    0.09    0.40 ^ clkbuf_3_2_0_clk/X (sky130_fd_sc_hd__clkbuf_2)
     2    0.00                           clknet_3_2_0_clk (net)
                  0.04    0.00    0.40 ^ clkbuf_4_5_0_clk/A (sky130_fd_sc_hd__clkbuf_2)
                  0.43    0.33    0.73 ^ clkbuf_4_5_0_clk/X (sky130_fd_sc_hd__clkbuf_2)
    10    0.08                           clknet_4_5_0_clk (net)
                  0.43    0.00    0.73 ^ clkbuf_leaf_124_clk/A (sky130_fd_sc_hd__clkbuf_16)
                  0.04    0.20    0.93 ^ clkbuf_leaf_124_clk/X (sky130_fd_sc_hd__clkbuf_16)
     5    0.01                           clknet_leaf_124_clk (net)
                  0.04    0.00    0.93 ^ _10102_/CLK (sky130_fd_sc_hd__dfxtp_1)
                  0.05    0.28    1.20 ^ _10102_/Q (sky130_fd_sc_hd__dfxtp_1)
     2    0.00                           M2_SRAM.memory[162][7] (net)
                  0.05    0.00    1.20 ^ _05829_/A1 (sky130_fd_sc_hd__a22o_1)
                  0.03    0.10    1.31 ^ _05829_/X (sky130_fd_sc_hd__a22o_1)
     1    0.00                           _02102_ (net)
                  0.03    0.00    1.31 ^ _10102_/D (sky130_fd_sc_hd__dfxtp_1)
                                  1.31   data arrival time

                          0.00    0.00   clock clk (rise edge)
                          0.00    0.00   clock source latency
                  0.07    0.05    0.05 ^ clk (in)
     1    0.01                           clk (net)
                  0.07    0.00    0.05 ^ clkbuf_0_clk/A (sky130_fd_sc_hd__clkbuf_16)
                  0.03    0.13    0.18 ^ clkbuf_0_clk/X (sky130_fd_sc_hd__clkbuf_16)
     2    0.00                           clknet_0_clk (net)
                  0.03    0.00    0.18 ^ clkbuf_1_0_0_clk/A (sky130_fd_sc_hd__clkbuf_2)
                  0.04    0.10    0.29 ^ clkbuf_1_0_0_clk/X (sky130_fd_sc_hd__clkbuf_2)
     2    0.00                           clknet_1_0_0_clk (net)
                  0.04    0.00    0.29 ^ clkbuf_2_1_0_clk/A (sky130_fd_sc_hd__clkbuf_2)
                  0.04    0.10    0.39 ^ clkbuf_2_1_0_clk/X (sky130_fd_sc_hd__clkbuf_2)
     2    0.00                           clknet_2_1_0_clk (net)
                  0.04    0.00    0.39 ^ clkbuf_3_2_0_clk/A (sky130_fd_sc_hd__clkbuf_2)
                  0.04    0.10    0.49 ^ clkbuf_3_2_0_clk/X (sky130_fd_sc_hd__clkbuf_2)
     2    0.00                           clknet_3_2_0_clk (net)
                  0.04    0.00    0.49 ^ clkbuf_4_5_0_clk/A (sky130_fd_sc_hd__clkbuf_2)
                  0.43    0.40    0.90 ^ clkbuf_4_5_0_clk/X (sky130_fd_sc_hd__clkbuf_2)
    10    0.08                           clknet_4_5_0_clk (net)
                  0.43    0.00    0.90 ^ clkbuf_leaf_124_clk/A (sky130_fd_sc_hd__clkbuf_16)
                  0.04    0.24    1.14 ^ clkbuf_leaf_124_clk/X (sky130_fd_sc_hd__clkbuf_16)
     5    0.01                           clknet_leaf_124_clk (net)
                  0.04    0.00    1.14 ^ _10102_/CLK (sky130_fd_sc_hd__dfxtp_1)
                          0.25    1.39   clock uncertainty
                         -0.21    1.18   clock reconvergence pessimism
                         -0.03    1.15   library hold time
                                  1.15   data required time
-----------------------------------------------------------------------------
                                  1.15   data required time
                                 -1.31   data arrival time
-----------------------------------------------------------------------------
                                  0.16   slack (MET)


