OpenROAD GITDIR-NOTFOUND 
This program is licensed under the BSD-3 license. See the LICENSE file for details.
Components of this program may be licensed under more restrictive licenses which must be honored.
[INFO ODB-0222] Reading LEF file: /openlane/designs/RISC_SPM/runs/RUN_2021.12.08_16.43.47/tmp/merged_unpadded.lef
[WARNING ODB-0220] WARNING (LEFPARS-2036): SOURCE statement is obsolete in version 5.6 and later.
The LEF parser will ignore this statement.
To avoid this warning in the future, remove this statement from the LEF file with version 5.6 or later. See file /openlane/designs/RISC_SPM/runs/RUN_2021.12.08_16.43.47/tmp/merged_unpadded.lef at line 68187.

[INFO ODB-0223]     Created 13 technology layers
[INFO ODB-0224]     Created 25 technology vias
[INFO ODB-0225]     Created 441 library cells
[INFO ODB-0226] Finished LEF file:  /openlane/designs/RISC_SPM/runs/RUN_2021.12.08_16.43.47/tmp/merged_unpadded.lef
[INFO ODB-0127] Reading DEF file: /openlane/designs/RISC_SPM/runs/RUN_2021.12.08_16.43.47/tmp/placement/18-resizer.def
[INFO ODB-0128] Design: RISC_SPM
[INFO ODB-0130]     Created 36 pins.
[INFO ODB-0131]     Created 9531 components and 58676 component-terminals.
[INFO ODB-0132]     Created 2 special nets and 32844 connections.
[INFO ODB-0133]     Created 6577 nets and 25832 connections.
[INFO ODB-0134] Finished DEF file: /openlane/designs/RISC_SPM/runs/RUN_2021.12.08_16.43.47/tmp/placement/18-resizer.def
Placement Analysis
---------------------------------
total displacement          0.0 u
average displacement        0.0 u
max displacement            0.0 u
original HPWL          203586.8 u
legalized HPWL         210240.7 u
delta HPWL                    3 %

[INFO DPL-0020] Mirrored 2867 instances
[INFO DPL-0021] HPWL before          210240.7 u
[INFO DPL-0022] HPWL after           203586.8 u
[INFO DPL-0023] HPWL delta               -3.2 %
